Using pre-set license
Built from '2023.2/staging' branch; Version is '2023.2.16f1 (7f45223012db) revision 8340770'; Using compiler version '193431935'; Build Type 'Release'
OS: 'Windows 11  (10.0.22631) 64bit CoreSingleLanguage' Language: 'en' Physical Memory: 16219 MB
BatchMode: 1, IsHumanControllingUs: 0, StartBugReporterOnCrash: 0, Is64bit: 1, IsPro: 1

COMMAND LINE ARGUMENTS:
S:\Unity Editor\2023.2.16f1\Editor\Unity.exe
-adb2
-batchMode
-noUpm
-name
AssetImportWorker17
-projectPath
S:/Unity/GDAPDEV MP
-logFile
Logs/AssetImportWorker17.log
-srvPort
52178
-job-worker-count
7
-background-job-worker-count
8
-asset-garbage-collectors
1
Successfully changed project path to: S:/Unity/GDAPDEV MP
S:/Unity/GDAPDEV MP
[UnityMemory] Configuration Parameters - Can be set up in boot.config
    "memorysetup-bucket-allocator-granularity=16"
    "memorysetup-bucket-allocator-bucket-count=8"
    "memorysetup-bucket-allocator-block-size=33554432"
    "memorysetup-bucket-allocator-block-count=8"
    "memorysetup-main-allocator-block-size=16777216"
    "memorysetup-thread-allocator-block-size=16777216"
    "memorysetup-gfx-main-allocator-block-size=16777216"
    "memorysetup-gfx-thread-allocator-block-size=16777216"
    "memorysetup-cache-allocator-block-size=4194304"
    "memorysetup-typetree-allocator-block-size=2097152"
    "memorysetup-profiler-bucket-allocator-granularity=16"
    "memorysetup-profiler-bucket-allocator-bucket-count=8"
    "memorysetup-profiler-bucket-allocator-block-size=33554432"
    "memorysetup-profiler-bucket-allocator-block-count=8"
    "memorysetup-profiler-allocator-block-size=16777216"
    "memorysetup-profiler-editor-allocator-block-size=1048576"
    "memorysetup-temp-allocator-size-main=16777216"
    "memorysetup-job-temp-allocator-block-size=2097152"
    "memorysetup-job-temp-allocator-block-size-background=1048576"
    "memorysetup-job-temp-allocator-reduction-small-platforms=262144"
    "memorysetup-allocator-temp-initial-block-size-main=262144"
    "memorysetup-allocator-temp-initial-block-size-worker=262144"
    "memorysetup-temp-allocator-size-background-worker=32768"
    "memorysetup-temp-allocator-size-job-worker=262144"
    "memorysetup-temp-allocator-size-preload-manager=33554432"
    "memorysetup-temp-allocator-size-nav-mesh-worker=65536"
    "memorysetup-temp-allocator-size-audio-worker=65536"
    "memorysetup-temp-allocator-size-cloud-worker=32768"
    "memorysetup-temp-allocator-size-gi-baking-worker=262144"
    "memorysetup-temp-allocator-size-gi-baking-worker=262144"
    "memorysetup-temp-allocator-size-gi-baking-worker=262144"
    "memorysetup-temp-allocator-size-gi-baking-worker=262144"
    "memorysetup-temp-allocator-size-gfx=262144"
Player connection [24228] Host "[IP] 192.168.1.4 [Port] 0 [Flags] 2 [Guid] 306236307 [EditorId] 306236307 [Version] 1048832 [Id] WindowsEditor(7,LAPTOP-1MODOC2S) [Debug] 1 [PackageName] WindowsEditor [ProjectName] Editor" joined multi-casting on [225.0.0.222:54997]...
Player connection [24228] Host "[IP] 192.168.1.4 [Port] 0 [Flags] 2 [Guid] 306236307 [EditorId] 306236307 [Version] 1048832 [Id] WindowsEditor(7,LAPTOP-1MODOC2S) [Debug] 1 [PackageName] WindowsEditor [ProjectName] Editor" joined alternative multi-casting on [225.0.0.222:34997]...
JobSystem: Creating JobQueue using job-worker-count value 7
[Physics::Module] Initialized MultithreadedJobDispatcher with 7 workers.
Library Redirect Path: Library/
Refreshing native plugins compatible for Editor in 4.32 ms, found 3 plugins.
Preloading 0 native plugins for Editor in 0.00 ms.
Initialize engine version: 2023.2.16f1 (7f45223012db)
[Subsystems] Discovering subsystems at path S:/Unity Editor/2023.2.16f1/Editor/Data/Resources/UnitySubsystems
[Subsystems] Discovering subsystems at path S:/Unity/GDAPDEV MP/Assets
GfxDevice: creating device client; kGfxThreadingModeNonThreaded
Direct3D:
    Version:  Direct3D 11.0 [level 11.1]
    Renderer: NVIDIA GeForce GTX 1650 Ti (ID=0x1f95)
    Vendor:   NVIDIA
    VRAM:     3935 MB
    Driver:   32.0.15.5585
Initialize mono
Mono path[0] = 'S:/Unity Editor/2023.2.16f1/Editor/Data/Managed'
Mono path[1] = 'S:/Unity Editor/2023.2.16f1/Editor/Data/MonoBleedingEdge/lib/mono/unityjit-win32'
Mono config path = 'S:/Unity Editor/2023.2.16f1/Editor/Data/MonoBleedingEdge/etc'
Using monoOptions --debugger-agent=transport=dt_socket,embedding=1,server=y,suspend=n,address=127.0.0.1:56016
Begin MonoManager ReloadAssembly
Registering precompiled unity dll's ...
Register platform support module: S:/Unity Editor/2023.2.16f1/Editor/Data/PlaybackEngines/WindowsStandaloneSupport/UnityEditor.WindowsStandalone.Extensions.dll
Register platform support module: S:/Unity Editor/2023.2.16f1/Editor/Data/PlaybackEngines/AndroidPlayer/UnityEditor.Android.Extensions.dll
Register platform support module: S:/Unity Editor/2023.2.16f1/Editor/Data/PlaybackEngines/iOSSupport/UnityEditor.iOS.Extensions.dll
Registered in 0.004443 seconds.
- Loaded All Assemblies, in  0.737 seconds
Native extension for iOS target not found
Native extension for Android target not found
Android Extension - Scanning For ADB Devices 447 ms
Native extension for WindowsStandalone target not found
Mono: successfully reloaded assembly
- Finished resetting the current domain, in  1.155 seconds
Domain Reload Profiling: 1892ms
	BeginReloadAssembly (243ms)
		ExecutionOrderSort (0ms)
		DisableScriptedObjects (0ms)
		BackupInstance (0ms)
		ReleaseScriptingObjects (0ms)
		CreateAndSetChildDomain (1ms)
	RebuildCommonClasses (68ms)
	RebuildNativeTypeToScriptingClass (20ms)
	initialDomainReloadingComplete (72ms)
	LoadAllAssembliesAndSetupDomain (332ms)
		LoadAssemblies (242ms)
		RebuildTransferFunctionScriptingTraits (0ms)
		AnalyzeDomain (327ms)
			TypeCache.Refresh (325ms)
				TypeCache.ScanAssembly (295ms)
			BuildScriptInfoCaches (0ms)
			ResolveRequiredComponents (1ms)
	FinalizeReload (1156ms)
		ReleaseScriptCaches (0ms)
		RebuildScriptCaches (0ms)
		SetupLoadedEditorAssemblies (1021ms)
			LogAssemblyErrors (0ms)
			InitializePlatformSupportModulesInManaged (635ms)
			SetLoadedEditorAssemblies (9ms)
			BeforeProcessingInitializeOnLoad (15ms)
			ProcessInitializeOnLoadAttributes (271ms)
			ProcessInitializeOnLoadMethodAttributes (91ms)
			AfterProcessingInitializeOnLoad (0ms)
			EditorAssembliesLoaded (0ms)
		ExecutionOrderSort2 (0ms)
		AwakeInstancesAfterBackupRestoration (0ms)
========================================================================
Worker process is ready to serve import requests
Import Worker Mode flag is 0x00
Begin MonoManager ReloadAssembly
- Loaded All Assemblies, in  1.738 seconds
Refreshing native plugins compatible for Editor in 3.83 ms, found 3 plugins.
Native extension for iOS target not found
Native extension for Android target not found
Native extension for WindowsStandalone target not found
Refreshing native plugins compatible for Editor in 2.57 ms, found 3 plugins.
Mono: successfully reloaded assembly
Package Manager log level set to [2]
[Package Manager] Failed to launch server process. Reason: Unity was launched with the -noUpm command-line argument
[Package Manager] Unable to send message (not connected to server process).
[Package Manager] Cannot connect to Unity Package Manager local server
[Package Manager] Failed to launch server process. Reason: Unity was launched with the -noUpm command-line argument
[Package Manager] Unable to send message (not connected to server process).
[Package Manager] Cannot connect to Unity Package Manager local server
- Finished resetting the current domain, in  1.331 seconds
Domain Reload Profiling: 3068ms
	BeginReloadAssembly (627ms)
		ExecutionOrderSort (0ms)
		DisableScriptedObjects (11ms)
		BackupInstance (0ms)
		ReleaseScriptingObjects (0ms)
		CreateAndSetChildDomain (73ms)
	RebuildCommonClasses (83ms)
	RebuildNativeTypeToScriptingClass (22ms)
	initialDomainReloadingComplete (63ms)
	LoadAllAssembliesAndSetupDomain (942ms)
		LoadAssemblies (728ms)
		RebuildTransferFunctionScriptingTraits (0ms)
		AnalyzeDomain (421ms)
			TypeCache.Refresh (321ms)
				TypeCache.ScanAssembly (271ms)
			BuildScriptInfoCaches (83ms)
			ResolveRequiredComponents (10ms)
	FinalizeReload (1331ms)
		ReleaseScriptCaches (0ms)
		RebuildScriptCaches (0ms)
		SetupLoadedEditorAssemblies (854ms)
			LogAssemblyErrors (0ms)
			InitializePlatformSupportModulesInManaged (41ms)
			SetLoadedEditorAssemblies (7ms)
			BeforeProcessingInitializeOnLoad (70ms)
			ProcessInitializeOnLoadAttributes (693ms)
			ProcessInitializeOnLoadMethodAttributes (39ms)
			AfterProcessingInitializeOnLoad (3ms)
			EditorAssembliesLoaded (0ms)
		ExecutionOrderSort2 (0ms)
		AwakeInstancesAfterBackupRestoration (15ms)
Launched and connected shader compiler UnityShaderCompiler.exe after 0.02 seconds
Refreshing native plugins compatible for Editor in 3.46 ms, found 3 plugins.
Preloading 0 native plugins for Editor in 0.00 ms.
Unloading 48 Unused Serialized files (Serialized files now loaded: 0)
Unloading 4164 unused Assets / (2.0 MB). Loaded Objects now: 4756.
Memory consumption went from 137.6 MB to 135.5 MB.
Total: 15.967700 ms (FindLiveObjects: 0.778400 ms CreateObjectMapping: 0.790000 ms MarkObjects: 10.023100 ms  DeleteObjects: 4.372800 ms)

========================================================================
Received Prepare
Refreshing native plugins compatible for Editor in 2.61 ms, found 3 plugins.
Preloading 0 native plugins for Editor in 0.00 ms.
Unloading 3 Unused Serialized files (Serialized files now loaded: 0)
Unloading 4146 unused Assets / (1.6 MB). Loaded Objects now: 4759.
Memory consumption went from 125.4 MB to 123.7 MB.
Total: 9.569200 ms (FindLiveObjects: 1.038400 ms CreateObjectMapping: 0.780500 ms MarkObjects: 5.918000 ms  DeleteObjects: 1.829400 ms)

Prepare: number of updated asset objects reloaded= 0
========================================================================
Received Import Request.
  Time since last request: 23197.855422 seconds.
  path: Assets/Adaptive Performance
  artifactKey: Guid(0e35ddf999a7e1642b184e6061576058) Importer(815301076,1909f56bfc062723c751e8b465ee728b)
Start importing Assets/Adaptive Performance using Guid(0e35ddf999a7e1642b184e6061576058) Importer(815301076,1909f56bfc062723c751e8b465ee728b) (PreviewImporter) -> (artifact id: 'eb4fe33a1fdc48d1004ac40ec7084201') in 0.0091888 seconds
Number of updated asset objects reloaded before import = 0Number of asset objects unloaded after import = 0

========================================================================
Received Import Request.
  Time since last request: 0.518835 seconds.
  path: Assets/BrokenVector
  artifactKey: Guid(5dcceea48f47cfb47a656ae627467a86) Importer(815301076,1909f56bfc062723c751e8b465ee728b)
Start importing Assets/BrokenVector using Guid(5dcceea48f47cfb47a656ae627467a86) Importer(815301076,1909f56bfc062723c751e8b465ee728b) (PreviewImporter) -> (artifact id: 'bb9dcce87421bb55c6e41ba02045f6e8') in 0.0006842 seconds
Number of updated asset objects reloaded before import = 0Number of asset objects unloaded after import = 0

========================================================================
Received Import Request.
  Time since last request: 0.948077 seconds.
  path: Assets/BrokenVector/LowPolyDungeon
  artifactKey: Guid(fe75cbfbde034104291466020cdefc8f) Importer(815301076,1909f56bfc062723c751e8b465ee728b)
Start importing Assets/BrokenVector/LowPolyDungeon using Guid(fe75cbfbde034104291466020cdefc8f) Importer(815301076,1909f56bfc062723c751e8b465ee728b) (PreviewImporter) -> (artifact id: '7b7343cfe08160fa1283bc48474fe525') in 0.0007457 seconds
Number of updated asset objects reloaded before import = 0Number of asset objects unloaded after import = 0

========================================================================
Received Prepare
Refreshing native plugins compatible for Editor in 3.19 ms, found 3 plugins.
Preloading 0 native plugins for Editor in 0.00 ms.
Unloading 3 Unused Serialized files (Serialized files now loaded: 0)
Unloading 4146 unused Assets / (1.7 MB). Loaded Objects now: 4761.
Memory consumption went from 125.9 MB to 124.2 MB.
Total: 15.898000 ms (FindLiveObjects: 0.887800 ms CreateObjectMapping: 0.751000 ms MarkObjects: 6.842200 ms  DeleteObjects: 7.413200 ms)

Prepare: number of updated asset objects reloaded= 0
========================================================================
Received Import Request.
  Time since last request: 24.959863 seconds.
  path: Assets/LowPolyDungeon/Demo Scenes
  artifactKey: Guid(5345ca62beb9b8243a2e9dbb3c184916) Importer(815301076,1909f56bfc062723c751e8b465ee728b)
Start importing Assets/LowPolyDungeon/Demo Scenes using Guid(5345ca62beb9b8243a2e9dbb3c184916) Importer(815301076,1909f56bfc062723c751e8b465ee728b) (PreviewImporter) -> (artifact id: '9eb66a199b5e42c5b47e26d4af5b528e') in 0.0058135 seconds
Number of updated asset objects reloaded before import = 0Number of asset objects unloaded after import = 0

========================================================================
Received Import Request.
  Time since last request: 0.044444 seconds.
  path: Assets/LowPolyDungeon/Demo Scenes/Player.prefab
  artifactKey: Guid(9dd8a3227dc0aa84099496d08718ad7b) Importer(815301076,1909f56bfc062723c751e8b465ee728b)
Start importing Assets/LowPolyDungeon/Demo Scenes/Player.prefab using Guid(9dd8a3227dc0aa84099496d08718ad7b) Importer(815301076,1909f56bfc062723c751e8b465ee728b) (PreviewImporter) -> (artifact id: '63cf977747085f0abe4a64c01753cfae') in 0.1761469 seconds
Number of updated asset objects reloaded before import = 0Number of asset objects unloaded after import = 14

========================================================================
Received Import Request.
  Time since last request: 3.322384 seconds.
  path: Assets/LowPolyDungeon/Demo Scenes/PlayerMovement.cs
  artifactKey: Guid(e478c0cc6d326d0428f3ef40bdce5aca) Importer(815301076,1909f56bfc062723c751e8b465ee728b)
Start importing Assets/LowPolyDungeon/Demo Scenes/PlayerMovement.cs using Guid(e478c0cc6d326d0428f3ef40bdce5aca) Importer(815301076,1909f56bfc062723c751e8b465ee728b) (PreviewImporter) -> (artifact id: '692b217280a4ab919492de324ce29d40') in 0.0006731 seconds
Number of updated asset objects reloaded before import = 0Number of asset objects unloaded after import = 0

========================================================================
Received Import Request.
  Time since last request: 5.983884 seconds.
  path: Assets/LowPolyDungeon/Demo Scenes/Dungeon_Demo.unity
  artifactKey: Guid(b94ee59f12f411f488e6df197429e012) Importer(815301076,1909f56bfc062723c751e8b465ee728b)
Start importing Assets/LowPolyDungeon/Demo Scenes/Dungeon_Demo.unity using Guid(b94ee59f12f411f488e6df197429e012) Importer(815301076,1909f56bfc062723c751e8b465ee728b) (PreviewImporter) -> (artifact id: '29d8be841b1a8acb8e6d7fc0315bb882') in 0.0013139 seconds
Number of updated asset objects reloaded before import = 0Number of asset objects unloaded after import = 0

========================================================================
Received Import Request.
  Time since last request: 83.878936 seconds.
  path: Assets/Scenes/SampleScene.unity
  artifactKey: Guid(c850ee8c3b14cc8459e7e186857cf567) Importer(815301076,1909f56bfc062723c751e8b465ee728b)
Start importing Assets/Scenes/SampleScene.unity using Guid(c850ee8c3b14cc8459e7e186857cf567) Importer(815301076,1909f56bfc062723c751e8b465ee728b) (PreviewImporter) -> (artifact id: '75952534232bb831d143f60dbf25f7a0') in 0.0004625 seconds
Number of updated asset objects reloaded before import = 0Number of asset objects unloaded after import = 0

========================================================================
Received Import Request.
  Time since last request: 11.130269 seconds.
  path: Assets/LowPolyDungeon/Prefabs
  artifactKey: Guid(739cb2b891d777d4381761a57c0e04f0) Importer(815301076,1909f56bfc062723c751e8b465ee728b)
Start importing Assets/LowPolyDungeon/Prefabs using Guid(739cb2b891d777d4381761a57c0e04f0) Importer(815301076,1909f56bfc062723c751e8b465ee728b) (PreviewImporter) -> (artifact id: 'c3a0356d5b9656da5fb549ccaa27a20f') in 0.0023874 seconds
Number of updated asset objects reloaded before import = 0Number of asset objects unloaded after import = 0

========================================================================
Received Import Request.
  Time since last request: 1.090542 seconds.
  path: Assets/LowPolyDungeon/Prefabs/Clutter
  artifactKey: Guid(1c6941bad723e984dba9697665c5e1b0) Importer(815301076,1909f56bfc062723c751e8b465ee728b)
Start importing Assets/LowPolyDungeon/Prefabs/Clutter using Guid(1c6941bad723e984dba9697665c5e1b0) Importer(815301076,1909f56bfc062723c751e8b465ee728b) (PreviewImporter) -> (artifact id: 'f1d0b6f246d515ea6aea6792df747936') in 0.0004962 seconds
Number of updated asset objects reloaded before import = 0Number of asset objects unloaded after import = 0

========================================================================
Received Import Request.
  Time since last request: 0.037386 seconds.
  path: Assets/LowPolyDungeon/Prefabs/Clutter/Amphora.prefab
  artifactKey: Guid(afc3fedc78427f04097996d062288c66) Importer(815301076,1909f56bfc062723c751e8b465ee728b)
Start importing Assets/LowPolyDungeon/Prefabs/Clutter/Amphora.prefab using Guid(afc3fedc78427f04097996d062288c66) Importer(815301076,1909f56bfc062723c751e8b465ee728b) (PreviewImporter) -> (artifact id: 'e179057a93cde76b505a203183c27c51') in 0.0388364 seconds
Number of updated asset objects reloaded before import = 0Number of asset objects unloaded after import = 10

========================================================================
Received Import Request.
  Time since last request: 0.000696 seconds.
  path: Assets/LowPolyDungeon/Prefabs/Clutter/Bone.prefab
  artifactKey: Guid(5c58fb2d7ad52444f85fc37bcad1f0a5) Importer(815301076,1909f56bfc062723c751e8b465ee728b)
Start importing Assets/LowPolyDungeon/Prefabs/Clutter/Bone.prefab using Guid(5c58fb2d7ad52444f85fc37bcad1f0a5) Importer(815301076,1909f56bfc062723c751e8b465ee728b) (PreviewImporter) -> (artifact id: '0684bb761557036b238b84c216348f08') in 0.0379101 seconds
Number of updated asset objects reloaded before import = 0Number of asset objects unloaded after import = 10

========================================================================
Received Import Request.
  Time since last request: 0.000076 seconds.
  path: Assets/LowPolyDungeon/Prefabs/Clutter/Book_Small_Brown.prefab
  artifactKey: Guid(cd2c04b39e3823a47a81bb93247b2d67) Importer(815301076,1909f56bfc062723c751e8b465ee728b)
Start importing Assets/LowPolyDungeon/Prefabs/Clutter/Book_Small_Brown.prefab using Guid(cd2c04b39e3823a47a81bb93247b2d67) Importer(815301076,1909f56bfc062723c751e8b465ee728b) (PreviewImporter) -> (artifact id: '4b8529d850e59bf6c01ed25db5d5026e') in 0.0278231 seconds
Number of updated asset objects reloaded before import = 0Number of asset objects unloaded after import = 11

========================================================================
Received Import Request.
  Time since last request: 0.000055 seconds.
  path: Assets/LowPolyDungeon/Prefabs/Clutter/Cauldron_Small_Stand.prefab
  artifactKey: Guid(0d858551c205152499f976761ecef4fb) Importer(815301076,1909f56bfc062723c751e8b465ee728b)
Start importing Assets/LowPolyDungeon/Prefabs/Clutter/Cauldron_Small_Stand.prefab using Guid(0d858551c205152499f976761ecef4fb) Importer(815301076,1909f56bfc062723c751e8b465ee728b) (PreviewImporter) -> (artifact id: 'c229ac6d75c2f1a62fe6601d2936ef8c') in 0.0297598 seconds
Number of updated asset objects reloaded before import = 0Number of asset objects unloaded after import = 10

========================================================================
Received Import Request.
  Time since last request: 0.000027 seconds.
  path: Assets/LowPolyDungeon/Prefabs/Clutter/Cauldron_Full.prefab
  artifactKey: Guid(d6ade90f396755c42b43f8006323ec2c) Importer(815301076,1909f56bfc062723c751e8b465ee728b)
Start importing Assets/LowPolyDungeon/Prefabs/Clutter/Cauldron_Full.prefab using Guid(d6ade90f396755c42b43f8006323ec2c) Importer(815301076,1909f56bfc062723c751e8b465ee728b) (PreviewImporter) -> (artifact id: '4e7c398fc575ffcb379cc9220b373409') in 0.2833739 seconds
Number of updated asset objects reloaded before import = 0Number of asset objects unloaded after import = 12

========================================================================
Received Import Request.
  Time since last request: 0.000032 seconds.
  path: Assets/LowPolyDungeon/Prefabs/Clutter/Fork.prefab
  artifactKey: Guid(85ce586e84eb148469341f160fb9c1ec) Importer(815301076,1909f56bfc062723c751e8b465ee728b)
Start importing Assets/LowPolyDungeon/Prefabs/Clutter/Fork.prefab using Guid(85ce586e84eb148469341f160fb9c1ec) Importer(815301076,1909f56bfc062723c751e8b465ee728b) (PreviewImporter) -> (artifact id: 'd1c095ef4d386d7ded6733f57dda2a3a') in 0.1310737 seconds
Number of updated asset objects reloaded before import = 0Number of asset objects unloaded after import = 12

========================================================================
Received Import Request.
  Time since last request: 0.000027 seconds.
  path: Assets/LowPolyDungeon/Prefabs/Clutter/Book_Big_Brown.prefab
  artifactKey: Guid(2569a62b0421feb4fbb320665445719f) Importer(815301076,1909f56bfc062723c751e8b465ee728b)
Start importing Assets/LowPolyDungeon/Prefabs/Clutter/Book_Big_Brown.prefab using Guid(2569a62b0421feb4fbb320665445719f) Importer(815301076,1909f56bfc062723c751e8b465ee728b) (PreviewImporter) -> (artifact id: 'b888c62dba414eab10bdd2889ef05415') in 0.0243619 seconds
Number of updated asset objects reloaded before import = 0Number of asset objects unloaded after import = 11

========================================================================
Received Import Request.
  Time since last request: 0.000021 seconds.
  path: Assets/LowPolyDungeon/Prefabs/Clutter/Book_Green.prefab
  artifactKey: Guid(6c83909939429c1478d2869f00f95462) Importer(815301076,1909f56bfc062723c751e8b465ee728b)
Start importing Assets/LowPolyDungeon/Prefabs/Clutter/Book_Green.prefab using Guid(6c83909939429c1478d2869f00f95462) Importer(815301076,1909f56bfc062723c751e8b465ee728b) (PreviewImporter) -> (artifact id: '738e600d922dc2cf1b42786d5495d48b') in 0.026874 seconds
Number of updated asset objects reloaded before import = 0Number of asset objects unloaded after import = 11

========================================================================
Received Import Request.
  Time since last request: 0.000034 seconds.
  path: Assets/LowPolyDungeon/Prefabs/Clutter/Flask.prefab
  artifactKey: Guid(36e40447bab70064ea6c6858147b7c57) Importer(815301076,1909f56bfc062723c751e8b465ee728b)
Start importing Assets/LowPolyDungeon/Prefabs/Clutter/Flask.prefab using Guid(36e40447bab70064ea6c6858147b7c57) Importer(815301076,1909f56bfc062723c751e8b465ee728b) (PreviewImporter) -> (artifact id: '019b0460af9549de73c7e00984c7520e') in 0.1775688 seconds
Number of updated asset objects reloaded before import = 0Number of asset objects unloaded after import = 10

========================================================================
Received Import Request.
  Time since last request: 0.000020 seconds.
  path: Assets/LowPolyDungeon/Prefabs/Clutter/Book_Brown.prefab
  artifactKey: Guid(20dc69066f16acc48b952aed5b788376) Importer(815301076,1909f56bfc062723c751e8b465ee728b)
Start importing Assets/LowPolyDungeon/Prefabs/Clutter/Book_Brown.prefab using Guid(20dc69066f16acc48b952aed5b788376) Importer(815301076,1909f56bfc062723c751e8b465ee728b) (PreviewImporter) -> (artifact id: 'a118ce6ad199214f82f98e20835795a8') in 0.0305576 seconds
Number of updated asset objects reloaded before import = 0Number of asset objects unloaded after import = 11

========================================================================
Received Import Request.
  Time since last request: 0.000037 seconds.
  path: Assets/LowPolyDungeon/Prefabs/Clutter/Book_Open.prefab
  artifactKey: Guid(6353832c19eb9674b8143b16ab17c820) Importer(815301076,1909f56bfc062723c751e8b465ee728b)
Start importing Assets/LowPolyDungeon/Prefabs/Clutter/Book_Open.prefab using Guid(6353832c19eb9674b8143b16ab17c820) Importer(815301076,1909f56bfc062723c751e8b465ee728b) (PreviewImporter) -> (artifact id: 'c389a29371aa63b24f1e8a4683a98a0a') in 0.0323148 seconds
Number of updated asset objects reloaded before import = 0Number of asset objects unloaded after import = 11

========================================================================
Received Import Request.
  Time since last request: 0.000042 seconds.
  path: Assets/LowPolyDungeon/Prefabs/Clutter/Beaker_Full_Var2.prefab
  artifactKey: Guid(5d78c38b5abad5c4f8b593c72ff85f1e) Importer(815301076,1909f56bfc062723c751e8b465ee728b)
Start importing Assets/LowPolyDungeon/Prefabs/Clutter/Beaker_Full_Var2.prefab using Guid(5d78c38b5abad5c4f8b593c72ff85f1e) Importer(815301076,1909f56bfc062723c751e8b465ee728b) (PreviewImporter) -> (artifact id: '43c1336cfe814cccd66c7b205410bea7') in 0.0346627 seconds
Number of updated asset objects reloaded before import = 0Number of asset objects unloaded after import = 11

========================================================================
Received Import Request.
  Time since last request: 0.000035 seconds.
  path: Assets/LowPolyDungeon/Prefabs/Clutter/Book_Small_Green.prefab
  artifactKey: Guid(cd543225cb67e3649a9ff72bb9a5dbf3) Importer(815301076,1909f56bfc062723c751e8b465ee728b)
Start importing Assets/LowPolyDungeon/Prefabs/Clutter/Book_Small_Green.prefab using Guid(cd543225cb67e3649a9ff72bb9a5dbf3) Importer(815301076,1909f56bfc062723c751e8b465ee728b) (PreviewImporter) -> (artifact id: '85b9e0259ba025d934fc490e748d082a') in 0.0243583 seconds
Number of updated asset objects reloaded before import = 0Number of asset objects unloaded after import = 11

========================================================================
Received Import Request.
  Time since last request: 0.000023 seconds.
  path: Assets/LowPolyDungeon/Prefabs/Clutter/CrystalBall.prefab
  artifactKey: Guid(7234c83608121694ebb0c6175d854ed0) Importer(815301076,1909f56bfc062723c751e8b465ee728b)
Start importing Assets/LowPolyDungeon/Prefabs/Clutter/CrystalBall.prefab using Guid(7234c83608121694ebb0c6175d854ed0) Importer(815301076,1909f56bfc062723c751e8b465ee728b) (PreviewImporter) -> (artifact id: '5e0f0ac29683a2f6bcb248f2996e5204') in 0.0329959 seconds
Number of updated asset objects reloaded before import = 0Number of asset objects unloaded after import = 10

========================================================================
Received Import Request.
  Time since last request: 0.000021 seconds.
  path: Assets/LowPolyDungeon/Prefabs/Clutter/Bottle.prefab
  artifactKey: Guid(3afb8732572259f48b225fe84c54f700) Importer(815301076,1909f56bfc062723c751e8b465ee728b)
Start importing Assets/LowPolyDungeon/Prefabs/Clutter/Bottle.prefab using Guid(3afb8732572259f48b225fe84c54f700) Importer(815301076,1909f56bfc062723c751e8b465ee728b) (PreviewImporter) -> (artifact id: '5e8a4aaf7f96268310d338326aad86bc') in 0.1723204 seconds
Number of updated asset objects reloaded before import = 0Number of asset objects unloaded after import = 11

========================================================================
Received Import Request.
  Time since last request: 0.000221 seconds.
  path: Assets/LowPolyDungeon/Prefabs/Clutter/Beaker_Small.prefab
  artifactKey: Guid(f86dc25794fda774aa908152821e0248) Importer(815301076,1909f56bfc062723c751e8b465ee728b)
Start importing Assets/LowPolyDungeon/Prefabs/Clutter/Beaker_Small.prefab using Guid(f86dc25794fda774aa908152821e0248) Importer(815301076,1909f56bfc062723c751e8b465ee728b) (PreviewImporter) -> (artifact id: 'dcf696ca9458a7db6bd2b1720b5fad88') in 0.0365293 seconds
Number of updated asset objects reloaded before import = 0Number of asset objects unloaded after import = 10

========================================================================
Received Import Request.
  Time since last request: 0.000037 seconds.
  path: Assets/LowPolyDungeon/Prefabs/Clutter/Book_DeepRed.prefab
  artifactKey: Guid(f70ad1fd5f3819b42aaeca6741dfa8c2) Importer(815301076,1909f56bfc062723c751e8b465ee728b)
Start importing Assets/LowPolyDungeon/Prefabs/Clutter/Book_DeepRed.prefab using Guid(f70ad1fd5f3819b42aaeca6741dfa8c2) Importer(815301076,1909f56bfc062723c751e8b465ee728b) (PreviewImporter) -> (artifact id: 'ad8f0f311c6e6a986134c10171151bb8') in 0.0304777 seconds
Number of updated asset objects reloaded before import = 0Number of asset objects unloaded after import = 11

========================================================================
Received Import Request.
  Time since last request: 0.000024 seconds.
  path: Assets/LowPolyDungeon/Prefabs/Clutter/Book_Big_Red.prefab
  artifactKey: Guid(9219eeec429c86b459f29c67fd3e5e05) Importer(815301076,1909f56bfc062723c751e8b465ee728b)
Start importing Assets/LowPolyDungeon/Prefabs/Clutter/Book_Big_Red.prefab using Guid(9219eeec429c86b459f29c67fd3e5e05) Importer(815301076,1909f56bfc062723c751e8b465ee728b) (PreviewImporter) -> (artifact id: '5aec0f4e7244e0c672614ccc9474e8a8') in 0.0288518 seconds
Number of updated asset objects reloaded before import = 0Number of asset objects unloaded after import = 11

========================================================================
Received Import Request.
  Time since last request: 0.000025 seconds.
  path: Assets/LowPolyDungeon/Prefabs/Clutter/Book_Small_Red.prefab
  artifactKey: Guid(d5ab9ab84b099424e99b433567330718) Importer(815301076,1909f56bfc062723c751e8b465ee728b)
Start importing Assets/LowPolyDungeon/Prefabs/Clutter/Book_Small_Red.prefab using Guid(d5ab9ab84b099424e99b433567330718) Importer(815301076,1909f56bfc062723c751e8b465ee728b) (PreviewImporter) -> (artifact id: '2a280cd20d877d14ed2ee6e8a606d491') in 0.0299097 seconds
Number of updated asset objects reloaded before import = 0Number of asset objects unloaded after import = 11

========================================================================
Received Import Request.
  Time since last request: 0.000024 seconds.
  path: Assets/LowPolyDungeon/Prefabs/Clutter/Bread_Half.prefab
  artifactKey: Guid(7830ddcb15808fb49b5b2dd355812f1f) Importer(815301076,1909f56bfc062723c751e8b465ee728b)
Start importing Assets/LowPolyDungeon/Prefabs/Clutter/Bread_Half.prefab using Guid(7830ddcb15808fb49b5b2dd355812f1f) Importer(815301076,1909f56bfc062723c751e8b465ee728b) (PreviewImporter) -> (artifact id: '9bed0c41b2eb9a1c0c2855ad66ba64c1') in 0.0186671 seconds
Number of updated asset objects reloaded before import = 0Number of asset objects unloaded after import = 10

========================================================================
Received Import Request.
  Time since last request: 10.587218 seconds.
  path: Assets/LowPolyDungeon/Prefabs/Clutter/Inkwell.prefab
  artifactKey: Guid(b402bc0133532434b873cefde0db7814) Importer(815301076,1909f56bfc062723c751e8b465ee728b)
Start importing Assets/LowPolyDungeon/Prefabs/Clutter/Inkwell.prefab using Guid(b402bc0133532434b873cefde0db7814) Importer(815301076,1909f56bfc062723c751e8b465ee728b) (PreviewImporter) -> (artifact id: '076cd9af29070c703ef2f2fe52a1cddc') in 0.0304821 seconds
Number of updated asset objects reloaded before import = 0Number of asset objects unloaded after import = 10

========================================================================
Received Import Request.
  Time since last request: 0.000023 seconds.
  path: Assets/LowPolyDungeon/Prefabs/Clutter/Key_Silver.prefab
  artifactKey: Guid(fbac80f280a03844bbdc56acff09ba24) Importer(815301076,1909f56bfc062723c751e8b465ee728b)
Start importing Assets/LowPolyDungeon/Prefabs/Clutter/Key_Silver.prefab using Guid(fbac80f280a03844bbdc56acff09ba24) Importer(815301076,1909f56bfc062723c751e8b465ee728b) (PreviewImporter) -> (artifact id: '33061568cdb70405715bfd1da1a3f80b') in 0.017297 seconds
Number of updated asset objects reloaded before import = 0Number of asset objects unloaded after import = 10

========================================================================
Received Import Request.
  Time since last request: 0.000018 seconds.
  path: Assets/LowPolyDungeon/Prefabs/Clutter/Meat.prefab
  artifactKey: Guid(112215925bb5334408b09b15b0f2d939) Importer(815301076,1909f56bfc062723c751e8b465ee728b)
Start importing Assets/LowPolyDungeon/Prefabs/Clutter/Meat.prefab using Guid(112215925bb5334408b09b15b0f2d939) Importer(815301076,1909f56bfc062723c751e8b465ee728b) (PreviewImporter) -> (artifact id: '6a790f0f8bfa8c3d1bc0dec37d2dbce3') in 0.0298677 seconds
Number of updated asset objects reloaded before import = 0Number of asset objects unloaded after import = 10

========================================================================
Received Import Request.
  Time since last request: 0.000032 seconds.
  path: Assets/LowPolyDungeon/Prefabs/Clutter/Key_Rusty.prefab
  artifactKey: Guid(1a4ce7ed7389af14cbc47a4b3ba8a164) Importer(815301076,1909f56bfc062723c751e8b465ee728b)
Start importing Assets/LowPolyDungeon/Prefabs/Clutter/Key_Rusty.prefab using Guid(1a4ce7ed7389af14cbc47a4b3ba8a164) Importer(815301076,1909f56bfc062723c751e8b465ee728b) (PreviewImporter) -> (artifact id: '0bbd7200f73a6503604c5a9a51ad6ee7') in 0.0235304 seconds
Number of updated asset objects reloaded before import = 0Number of asset objects unloaded after import = 10

========================================================================
Received Import Request.
  Time since last request: 0.000032 seconds.
  path: Assets/LowPolyDungeon/Prefabs/Clutter/Jug.prefab
  artifactKey: Guid(f3fb1271ede9bf8469d8b99637b77b42) Importer(815301076,1909f56bfc062723c751e8b465ee728b)
Start importing Assets/LowPolyDungeon/Prefabs/Clutter/Jug.prefab using Guid(f3fb1271ede9bf8469d8b99637b77b42) Importer(815301076,1909f56bfc062723c751e8b465ee728b) (PreviewImporter) -> (artifact id: '74536b077944a7353b49e45c0a9ce1ab') in 0.0245135 seconds
Number of updated asset objects reloaded before import = 0Number of asset objects unloaded after import = 10

========================================================================
Received Import Request.
  Time since last request: 0.000040 seconds.
  path: Assets/LowPolyDungeon/Prefabs/Clutter/Jar_Full.prefab
  artifactKey: Guid(8b6836c79d4a1cc40bb604b92317b2b0) Importer(815301076,1909f56bfc062723c751e8b465ee728b)
Start importing Assets/LowPolyDungeon/Prefabs/Clutter/Jar_Full.prefab using Guid(8b6836c79d4a1cc40bb604b92317b2b0) Importer(815301076,1909f56bfc062723c751e8b465ee728b) (PreviewImporter) -> (artifact id: '657035be0ac3ab6b161b8d6029d3ca65') in 0.0289944 seconds
Number of updated asset objects reloaded before import = 0Number of asset objects unloaded after import = 11

========================================================================
Received Import Request.
  Time since last request: 9.658601 seconds.
  path: Assets/LowPolyDungeon/Prefabs/Clutter/Mug.prefab
  artifactKey: Guid(c8f06426297d70b49a679bc058775930) Importer(815301076,1909f56bfc062723c751e8b465ee728b)
Start importing Assets/LowPolyDungeon/Prefabs/Clutter/Mug.prefab using Guid(c8f06426297d70b49a679bc058775930) Importer(815301076,1909f56bfc062723c751e8b465ee728b) (PreviewImporter) -> (artifact id: 'ed87652461674eecee986fe24b9f55a3') in 0.0214723 seconds
Number of updated asset objects reloaded before import = 0Number of asset objects unloaded after import = 10

========================================================================
Received Import Request.
  Time since last request: 0.000056 seconds.
  path: Assets/LowPolyDungeon/Prefabs/Clutter/Scroll_Big.prefab
  artifactKey: Guid(16e7a0741a070bb47bebfd085ef8cddf) Importer(815301076,1909f56bfc062723c751e8b465ee728b)
Start importing Assets/LowPolyDungeon/Prefabs/Clutter/Scroll_Big.prefab using Guid(16e7a0741a070bb47bebfd085ef8cddf) Importer(815301076,1909f56bfc062723c751e8b465ee728b) (PreviewImporter) -> (artifact id: 'd86b7392385fa385a558221a826e0a3a') in 0.0271153 seconds
Number of updated asset objects reloaded before import = 0Number of asset objects unloaded after import = 10

========================================================================
Received Import Request.
  Time since last request: 0.000028 seconds.
  path: Assets/LowPolyDungeon/Prefabs/Clutter/Quill.prefab
  artifactKey: Guid(01b18908cb794a34a8fc133e9f4ec355) Importer(815301076,1909f56bfc062723c751e8b465ee728b)
Start importing Assets/LowPolyDungeon/Prefabs/Clutter/Quill.prefab using Guid(01b18908cb794a34a8fc133e9f4ec355) Importer(815301076,1909f56bfc062723c751e8b465ee728b) (PreviewImporter) -> (artifact id: '243d7e3be7b3870635111852eb9e3f0d') in 0.0265931 seconds
Number of updated asset objects reloaded before import = 0Number of asset objects unloaded after import = 10

========================================================================
Received Import Request.
  Time since last request: 0.000023 seconds.
  path: Assets/LowPolyDungeon/Prefabs/Clutter/Scroll_Open.prefab
  artifactKey: Guid(571f5dec7e36f1d44bd714b42ba5c2ee) Importer(815301076,1909f56bfc062723c751e8b465ee728b)
Start importing Assets/LowPolyDungeon/Prefabs/Clutter/Scroll_Open.prefab using Guid(571f5dec7e36f1d44bd714b42ba5c2ee) Importer(815301076,1909f56bfc062723c751e8b465ee728b) (PreviewImporter) -> (artifact id: 'd5e107769c9301ba82bd41e2bf328626') in 0.0285743 seconds
Number of updated asset objects reloaded before import = 0Number of asset objects unloaded after import = 10

========================================================================
Received Import Request.
  Time since last request: 0.345626 seconds.
  path: Assets/LowPolyDungeon/Prefabs/Clutter/Scroll_Small.prefab
  artifactKey: Guid(113a04b44464ee141bd913e9283f2f5e) Importer(815301076,1909f56bfc062723c751e8b465ee728b)
Start importing Assets/LowPolyDungeon/Prefabs/Clutter/Scroll_Small.prefab using Guid(113a04b44464ee141bd913e9283f2f5e) Importer(815301076,1909f56bfc062723c751e8b465ee728b) (PreviewImporter) -> (artifact id: 'fb9044be7bc91d697cf172bf9cdd7b3f') in 0.0265237 seconds
Number of updated asset objects reloaded before import = 0Number of asset objects unloaded after import = 10

========================================================================
Received Import Request.
  Time since last request: 0.000020 seconds.
  path: Assets/LowPolyDungeon/Prefabs/Clutter/Wineglass.prefab
  artifactKey: Guid(d8e4874eaa27b1749b17632d68f5fd79) Importer(815301076,1909f56bfc062723c751e8b465ee728b)
Start importing Assets/LowPolyDungeon/Prefabs/Clutter/Wineglass.prefab using Guid(d8e4874eaa27b1749b17632d68f5fd79) Importer(815301076,1909f56bfc062723c751e8b465ee728b) (PreviewImporter) -> (artifact id: '13f66fdc56a51e749d945b0065ae04e1') in 0.0252077 seconds
Number of updated asset objects reloaded before import = 0Number of asset objects unloaded after import = 10

========================================================================
Received Import Request.
  Time since last request: 0.000024 seconds.
  path: Assets/LowPolyDungeon/Prefabs/Clutter/Spoon.prefab
  artifactKey: Guid(e1fcee434c875124d9a75e52b62ad290) Importer(815301076,1909f56bfc062723c751e8b465ee728b)
Start importing Assets/LowPolyDungeon/Prefabs/Clutter/Spoon.prefab using Guid(e1fcee434c875124d9a75e52b62ad290) Importer(815301076,1909f56bfc062723c751e8b465ee728b) (PreviewImporter) -> (artifact id: 'd7757eb876d655e749d5d74b5957eda9') in 0.0233186 seconds
Number of updated asset objects reloaded before import = 0Number of asset objects unloaded after import = 10

========================================================================
Received Import Request.
  Time since last request: 0.000035 seconds.
  path: Assets/LowPolyDungeon/Prefabs/Clutter/Spear.prefab
  artifactKey: Guid(fae58f9aaf72c194cb3776beafb8b753) Importer(815301076,1909f56bfc062723c751e8b465ee728b)
Start importing Assets/LowPolyDungeon/Prefabs/Clutter/Spear.prefab using Guid(fae58f9aaf72c194cb3776beafb8b753) Importer(815301076,1909f56bfc062723c751e8b465ee728b) (PreviewImporter) -> (artifact id: 'bc794bdab5f825549322d6d2abdc6f03') in 0.0288656 seconds
Number of updated asset objects reloaded before import = 0Number of asset objects unloaded after import = 11

========================================================================
Received Import Request.
  Time since last request: 37.088870 seconds.
  path: Assets/LowPolyDungeon/Prefabs/Furniture
  artifactKey: Guid(f8259728d0016d047b2343f6c0198882) Importer(815301076,1909f56bfc062723c751e8b465ee728b)
Start importing Assets/LowPolyDungeon/Prefabs/Furniture using Guid(f8259728d0016d047b2343f6c0198882) Importer(815301076,1909f56bfc062723c751e8b465ee728b) (PreviewImporter) -> (artifact id: 'e56bf6e060008c5adedc0e64c69050d5') in 0.000719 seconds
Number of updated asset objects reloaded before import = 0Number of asset objects unloaded after import = 0

========================================================================
Received Import Request.
  Time since last request: 0.039626 seconds.
  path: Assets/LowPolyDungeon/Prefabs/Furniture/Amphora_Stand.prefab
  artifactKey: Guid(f5709a3035aa0ca4d94745aaf44038fd) Importer(815301076,1909f56bfc062723c751e8b465ee728b)
Start importing Assets/LowPolyDungeon/Prefabs/Furniture/Amphora_Stand.prefab using Guid(f5709a3035aa0ca4d94745aaf44038fd) Importer(815301076,1909f56bfc062723c751e8b465ee728b) (PreviewImporter) -> (artifact id: '1fdc545c9d81119a77efa0121fd3ec54') in 0.0275267 seconds
Number of updated asset objects reloaded before import = 0Number of asset objects unloaded after import = 10

========================================================================
Received Import Request.
  Time since last request: 0.000026 seconds.
  path: Assets/LowPolyDungeon/Prefabs/Furniture/Fireplace.prefab
  artifactKey: Guid(55320ad6284175349b1008aaf7238c7a) Importer(815301076,1909f56bfc062723c751e8b465ee728b)
Start importing Assets/LowPolyDungeon/Prefabs/Furniture/Fireplace.prefab using Guid(55320ad6284175349b1008aaf7238c7a) Importer(815301076,1909f56bfc062723c751e8b465ee728b) (PreviewImporter) -> (artifact id: '9def8e9525213732bf0d76c6f4c9c43c') in 0.0298993 seconds
Number of updated asset objects reloaded before import = 0Number of asset objects unloaded after import = 15

========================================================================
Received Import Request.
  Time since last request: 0.000203 seconds.
  path: Assets/LowPolyDungeon/Prefabs/Furniture/Chest.prefab
  artifactKey: Guid(944bff624466e4242a3377fba75ddaf3) Importer(815301076,1909f56bfc062723c751e8b465ee728b)
Start importing Assets/LowPolyDungeon/Prefabs/Furniture/Chest.prefab using Guid(944bff624466e4242a3377fba75ddaf3) Importer(815301076,1909f56bfc062723c751e8b465ee728b) (PreviewImporter) -> (artifact id: '6ab52da0c68bb8620032abe5004342ff') in 0.0274498 seconds
Number of updated asset objects reloaded before import = 0Number of asset objects unloaded after import = 34

========================================================================
Received Import Request.
  Time since last request: 0.000206 seconds.
  path: Assets/LowPolyDungeon/Prefabs/Furniture/Carpet_Green.prefab
  artifactKey: Guid(ac1fd1afdb0602f428b3d53dcc62d278) Importer(815301076,1909f56bfc062723c751e8b465ee728b)
Start importing Assets/LowPolyDungeon/Prefabs/Furniture/Carpet_Green.prefab using Guid(ac1fd1afdb0602f428b3d53dcc62d278) Importer(815301076,1909f56bfc062723c751e8b465ee728b) (PreviewImporter) -> (artifact id: '9bd694a77c8e1a7e28e90dc499e3361c') in 0.0222992 seconds
Number of updated asset objects reloaded before import = 0Number of asset objects unloaded after import = 10

========================================================================
Received Import Request.
  Time since last request: 0.000025 seconds.
  path: Assets/LowPolyDungeon/Prefabs/Furniture/Oven.prefab
  artifactKey: Guid(c5ef04fb4ce25e046956b9dc2a11ead8) Importer(815301076,1909f56bfc062723c751e8b465ee728b)
Start importing Assets/LowPolyDungeon/Prefabs/Furniture/Oven.prefab using Guid(c5ef04fb4ce25e046956b9dc2a11ead8) Importer(815301076,1909f56bfc062723c751e8b465ee728b) (PreviewImporter) -> (artifact id: 'b1689a02f2ce420aecb29adf247ee13b') in 0.0285498 seconds
Number of updated asset objects reloaded before import = 0Number of asset objects unloaded after import = 10

========================================================================
Received Import Request.
  Time since last request: 0.000021 seconds.
  path: Assets/LowPolyDungeon/Prefabs/Furniture/WeaponRack_Small.prefab
  artifactKey: Guid(33b88a355dbcf1249aeafebe7d0f5879) Importer(815301076,1909f56bfc062723c751e8b465ee728b)
Start importing Assets/LowPolyDungeon/Prefabs/Furniture/WeaponRack_Small.prefab using Guid(33b88a355dbcf1249aeafebe7d0f5879) Importer(815301076,1909f56bfc062723c751e8b465ee728b) (PreviewImporter) -> (artifact id: '17f3677e8db5075a16b6683247d91dc1') in 0.024911 seconds
Number of updated asset objects reloaded before import = 0Number of asset objects unloaded after import = 10

========================================================================
Received Import Request.
  Time since last request: 0.000018 seconds.
  path: Assets/LowPolyDungeon/Prefabs/Furniture/Desk.prefab
  artifactKey: Guid(06b9d15b7d33e854cb23fe58a33238aa) Importer(815301076,1909f56bfc062723c751e8b465ee728b)
Start importing Assets/LowPolyDungeon/Prefabs/Furniture/Desk.prefab using Guid(06b9d15b7d33e854cb23fe58a33238aa) Importer(815301076,1909f56bfc062723c751e8b465ee728b) (PreviewImporter) -> (artifact id: 'a4fdf589f49d8843bc3e7dbd423c8750') in 0.0312518 seconds
Number of updated asset objects reloaded before import = 0Number of asset objects unloaded after import = 26

Editor requested this worker to shutdown with reason: Scaling down because of idle timeout
AssetImportWorker is now disconnected from the server
Process exiting
Exiting without the bug reporter. Application will terminate with return code 0