Using pre-set license
Built from '2023.2/staging' branch; Version is '2023.2.16f1 (7f45223012db) revision 8340770'; Using compiler version '193431935'; Build Type 'Release'
OS: 'Windows 11  (10.0.22631) 64bit CoreSingleLanguage' Language: 'en' Physical Memory: 16219 MB
BatchMode: 1, IsHumanControllingUs: 0, StartBugReporterOnCrash: 0, Is64bit: 1, IsPro: 1

COMMAND LINE ARGUMENTS:
S:\Unity Editor\2023.2.16f1\Editor\Unity.exe
-adb2
-batchMode
-noUpm
-name
AssetImportWorker15
-projectPath
S:/Unity/GDAPDEV MP
-logFile
Logs/AssetImportWorker15.log
-srvPort
52178
-job-worker-count
7
-background-job-worker-count
8
-asset-garbage-collectors
1
Successfully changed project path to: S:/Unity/GDAPDEV MP
S:/Unity/GDAPDEV MP
[UnityMemory] Configuration Parameters - Can be set up in boot.config
    "memorysetup-bucket-allocator-granularity=16"
    "memorysetup-bucket-allocator-bucket-count=8"
    "memorysetup-bucket-allocator-block-size=33554432"
    "memorysetup-bucket-allocator-block-count=8"
    "memorysetup-main-allocator-block-size=16777216"
    "memorysetup-thread-allocator-block-size=16777216"
    "memorysetup-gfx-main-allocator-block-size=16777216"
    "memorysetup-gfx-thread-allocator-block-size=16777216"
    "memorysetup-cache-allocator-block-size=4194304"
    "memorysetup-typetree-allocator-block-size=2097152"
    "memorysetup-profiler-bucket-allocator-granularity=16"
    "memorysetup-profiler-bucket-allocator-bucket-count=8"
    "memorysetup-profiler-bucket-allocator-block-size=33554432"
    "memorysetup-profiler-bucket-allocator-block-count=8"
    "memorysetup-profiler-allocator-block-size=16777216"
    "memorysetup-profiler-editor-allocator-block-size=1048576"
    "memorysetup-temp-allocator-size-main=16777216"
    "memorysetup-job-temp-allocator-block-size=2097152"
    "memorysetup-job-temp-allocator-block-size-background=1048576"
    "memorysetup-job-temp-allocator-reduction-small-platforms=262144"
    "memorysetup-allocator-temp-initial-block-size-main=262144"
    "memorysetup-allocator-temp-initial-block-size-worker=262144"
    "memorysetup-temp-allocator-size-background-worker=32768"
    "memorysetup-temp-allocator-size-job-worker=262144"
    "memorysetup-temp-allocator-size-preload-manager=33554432"
    "memorysetup-temp-allocator-size-nav-mesh-worker=65536"
    "memorysetup-temp-allocator-size-audio-worker=65536"
    "memorysetup-temp-allocator-size-cloud-worker=32768"
    "memorysetup-temp-allocator-size-gi-baking-worker=262144"
    "memorysetup-temp-allocator-size-gi-baking-worker=262144"
    "memorysetup-temp-allocator-size-gi-baking-worker=262144"
    "memorysetup-temp-allocator-size-gi-baking-worker=262144"
    "memorysetup-temp-allocator-size-gfx=262144"
Player connection [26304] Host "[IP] 192.168.1.4 [Port] 0 [Flags] 2 [Guid] 2056563969 [EditorId] 2056563969 [Version] 1048832 [Id] WindowsEditor(7,LAPTOP-1MODOC2S) [Debug] 1 [PackageName] WindowsEditor [ProjectName] Editor" joined multi-casting on [225.0.0.222:54997]...
Player connection [26304] Host "[IP] 192.168.1.4 [Port] 0 [Flags] 2 [Guid] 2056563969 [EditorId] 2056563969 [Version] 1048832 [Id] WindowsEditor(7,LAPTOP-1MODOC2S) [Debug] 1 [PackageName] WindowsEditor [ProjectName] Editor" joined alternative multi-casting on [225.0.0.222:34997]...
JobSystem: Creating JobQueue using job-worker-count value 7
[Physics::Module] Initialized MultithreadedJobDispatcher with 7 workers.
Library Redirect Path: Library/
Refreshing native plugins compatible for Editor in 2.51 ms, found 3 plugins.
Preloading 0 native plugins for Editor in 0.00 ms.
Initialize engine version: 2023.2.16f1 (7f45223012db)
[Subsystems] Discovering subsystems at path S:/Unity Editor/2023.2.16f1/Editor/Data/Resources/UnitySubsystems
[Subsystems] Discovering subsystems at path S:/Unity/GDAPDEV MP/Assets
GfxDevice: creating device client; kGfxThreadingModeNonThreaded
Direct3D:
    Version:  Direct3D 11.0 [level 11.1]
    Renderer: NVIDIA GeForce GTX 1650 Ti (ID=0x1f95)
    Vendor:   NVIDIA
    VRAM:     3935 MB
    Driver:   32.0.15.5585
Initialize mono
Mono path[0] = 'S:/Unity Editor/2023.2.16f1/Editor/Data/Managed'
Mono path[1] = 'S:/Unity Editor/2023.2.16f1/Editor/Data/MonoBleedingEdge/lib/mono/unityjit-win32'
Mono config path = 'S:/Unity Editor/2023.2.16f1/Editor/Data/MonoBleedingEdge/etc'
Using monoOptions --debugger-agent=transport=dt_socket,embedding=1,server=y,suspend=n,address=127.0.0.1:56236
Begin MonoManager ReloadAssembly
Registering precompiled unity dll's ...
Register platform support module: S:/Unity Editor/2023.2.16f1/Editor/Data/PlaybackEngines/WindowsStandaloneSupport/UnityEditor.WindowsStandalone.Extensions.dll
Register platform support module: S:/Unity Editor/2023.2.16f1/Editor/Data/PlaybackEngines/AndroidPlayer/UnityEditor.Android.Extensions.dll
Register platform support module: S:/Unity Editor/2023.2.16f1/Editor/Data/PlaybackEngines/iOSSupport/UnityEditor.iOS.Extensions.dll
Registered in 0.004221 seconds.
- Loaded All Assemblies, in  0.620 seconds
Native extension for iOS target not found
Native extension for Android target not found
Android Extension - Scanning For ADB Devices 396 ms
Native extension for WindowsStandalone target not found
Mono: successfully reloaded assembly
- Finished resetting the current domain, in  1.057 seconds
Domain Reload Profiling: 1678ms
	BeginReloadAssembly (203ms)
		ExecutionOrderSort (0ms)
		DisableScriptedObjects (0ms)
		BackupInstance (0ms)
		ReleaseScriptingObjects (0ms)
		CreateAndSetChildDomain (3ms)
	RebuildCommonClasses (57ms)
	RebuildNativeTypeToScriptingClass (21ms)
	initialDomainReloadingComplete (74ms)
	LoadAllAssembliesAndSetupDomain (264ms)
		LoadAssemblies (200ms)
		RebuildTransferFunctionScriptingTraits (0ms)
		AnalyzeDomain (261ms)
			TypeCache.Refresh (259ms)
				TypeCache.ScanAssembly (235ms)
			BuildScriptInfoCaches (0ms)
			ResolveRequiredComponents (0ms)
	FinalizeReload (1058ms)
		ReleaseScriptCaches (0ms)
		RebuildScriptCaches (0ms)
		SetupLoadedEditorAssemblies (971ms)
			LogAssemblyErrors (0ms)
			InitializePlatformSupportModulesInManaged (568ms)
			SetLoadedEditorAssemblies (7ms)
			BeforeProcessingInitializeOnLoad (11ms)
			ProcessInitializeOnLoadAttributes (291ms)
			ProcessInitializeOnLoadMethodAttributes (92ms)
			AfterProcessingInitializeOnLoad (0ms)
			EditorAssembliesLoaded (1ms)
		ExecutionOrderSort2 (0ms)
		AwakeInstancesAfterBackupRestoration (0ms)
========================================================================
Worker process is ready to serve import requests
Import Worker Mode flag is 0x00
Begin MonoManager ReloadAssembly
- Loaded All Assemblies, in  1.466 seconds
Refreshing native plugins compatible for Editor in 2.83 ms, found 3 plugins.
Native extension for iOS target not found
Native extension for Android target not found
Native extension for WindowsStandalone target not found
Refreshing native plugins compatible for Editor in 1.98 ms, found 3 plugins.
Mono: successfully reloaded assembly
Package Manager log level set to [2]
[Package Manager] Failed to launch server process. Reason: Unity was launched with the -noUpm command-line argument
[Package Manager] Unable to send message (not connected to server process).
[Package Manager] Cannot connect to Unity Package Manager local server
[Package Manager] Failed to launch server process. Reason: Unity was launched with the -noUpm command-line argument
[Package Manager] Unable to send message (not connected to server process).
[Package Manager] Cannot connect to Unity Package Manager local server
- Finished resetting the current domain, in  1.214 seconds
Domain Reload Profiling: 2680ms
	BeginReloadAssembly (587ms)
		ExecutionOrderSort (0ms)
		DisableScriptedObjects (16ms)
		BackupInstance (0ms)
		ReleaseScriptingObjects (0ms)
		CreateAndSetChildDomain (53ms)
	RebuildCommonClasses (67ms)
	RebuildNativeTypeToScriptingClass (18ms)
	initialDomainReloadingComplete (56ms)
	LoadAllAssembliesAndSetupDomain (736ms)
		LoadAssemblies (605ms)
		RebuildTransferFunctionScriptingTraits (0ms)
		AnalyzeDomain (307ms)
			TypeCache.Refresh (249ms)
				TypeCache.ScanAssembly (225ms)
			BuildScriptInfoCaches (46ms)
			ResolveRequiredComponents (8ms)
	FinalizeReload (1215ms)
		ReleaseScriptCaches (0ms)
		RebuildScriptCaches (0ms)
		SetupLoadedEditorAssemblies (882ms)
			LogAssemblyErrors (0ms)
			InitializePlatformSupportModulesInManaged (32ms)
			SetLoadedEditorAssemblies (5ms)
			BeforeProcessingInitializeOnLoad (69ms)
			ProcessInitializeOnLoadAttributes (734ms)
			ProcessInitializeOnLoadMethodAttributes (40ms)
			AfterProcessingInitializeOnLoad (3ms)
			EditorAssembliesLoaded (0ms)
		ExecutionOrderSort2 (0ms)
		AwakeInstancesAfterBackupRestoration (9ms)
Launched and connected shader compiler UnityShaderCompiler.exe after 0.02 seconds
Refreshing native plugins compatible for Editor in 4.14 ms, found 3 plugins.
Preloading 0 native plugins for Editor in 0.00 ms.
Unloading 48 Unused Serialized files (Serialized files now loaded: 0)
Unloading 4164 unused Assets / (1.9 MB). Loaded Objects now: 4756.
Memory consumption went from 137.6 MB to 135.7 MB.
Total: 10.694800 ms (FindLiveObjects: 1.698800 ms CreateObjectMapping: 0.636800 ms MarkObjects: 6.392800 ms  DeleteObjects: 1.960600 ms)

========================================================================
Received Import Request.
  Time since last request: 22903.594872 seconds.
  path: Assets/Prefabs/WoodsLifestyle/Models/Logs_Wood
  artifactKey: Guid(ac2d9e851381b0343828f14815384718) Importer(815301076,1909f56bfc062723c751e8b465ee728b)
Start importing Assets/Prefabs/WoodsLifestyle/Models/Logs_Wood using Guid(ac2d9e851381b0343828f14815384718) Importer(815301076,1909f56bfc062723c751e8b465ee728b) (PreviewImporter) -> (artifact id: '04ab0b25b44592c6494fb820e382020d') in 0.0091999 seconds
Number of updated asset objects reloaded before import = 0Number of asset objects unloaded after import = 0

========================================================================
Received Import Request.
  Time since last request: 0.046713 seconds.
  path: Assets/Prefabs/WoodsLifestyle/Models/Logs_Wood/FireWood_01.fbx
  artifactKey: Guid(bb47b2717c7c4874786ddfa976e2d091) Importer(815301076,1909f56bfc062723c751e8b465ee728b)
Start importing Assets/Prefabs/WoodsLifestyle/Models/Logs_Wood/FireWood_01.fbx using Guid(bb47b2717c7c4874786ddfa976e2d091) Importer(815301076,1909f56bfc062723c751e8b465ee728b) (PreviewImporter) -> (artifact id: '48caabc92767207d8a83431e1142b22b') in 0.3391717 seconds
Number of updated asset objects reloaded before import = 0Number of asset objects unloaded after import = 9

========================================================================
Received Import Request.
  Time since last request: 1.010688 seconds.
  path: Assets/Prefabs/WoodsLifestyle/Models/Props
  artifactKey: Guid(7d2bfe9f91fef724483baa61b8e7163f) Importer(815301076,1909f56bfc062723c751e8b465ee728b)
Start importing Assets/Prefabs/WoodsLifestyle/Models/Props using Guid(7d2bfe9f91fef724483baa61b8e7163f) Importer(815301076,1909f56bfc062723c751e8b465ee728b) (PreviewImporter) -> (artifact id: '9e0a5a313eff20f948a2c6e65030628d') in 0.0036282 seconds
Number of updated asset objects reloaded before import = 0Number of asset objects unloaded after import = 0

========================================================================
Received Import Request.
  Time since last request: 1.712695 seconds.
  path: Assets/Prefabs/WoodsLifestyle/Models/Props/Exterior
  artifactKey: Guid(2f360ebd83b9da941ac88a9b6514ec25) Importer(815301076,1909f56bfc062723c751e8b465ee728b)
Start importing Assets/Prefabs/WoodsLifestyle/Models/Props/Exterior using Guid(2f360ebd83b9da941ac88a9b6514ec25) Importer(815301076,1909f56bfc062723c751e8b465ee728b) (PreviewImporter) -> (artifact id: 'eaa9409a97faf29e13d0333c2e3580a2') in 0.0008848 seconds
Number of updated asset objects reloaded before import = 0Number of asset objects unloaded after import = 0

========================================================================
Received Import Request.
  Time since last request: 0.044727 seconds.
  path: Assets/Prefabs/WoodsLifestyle/Models/Props/Exterior/LightPost_01.fbx
  artifactKey: Guid(b98185666e2db154a9e9012d6270c56b) Importer(815301076,1909f56bfc062723c751e8b465ee728b)
Start importing Assets/Prefabs/WoodsLifestyle/Models/Props/Exterior/LightPost_01.fbx using Guid(b98185666e2db154a9e9012d6270c56b) Importer(815301076,1909f56bfc062723c751e8b465ee728b) (PreviewImporter) -> (artifact id: 'ddb5b112d41059f5a2c669e8a1c6724e') in 0.0881018 seconds
Number of updated asset objects reloaded before import = 0Number of asset objects unloaded after import = 9

========================================================================
Received Import Request.
  Time since last request: 0.000024 seconds.
  path: Assets/Prefabs/WoodsLifestyle/Models/Props/Exterior/Stand_02.fbx
  artifactKey: Guid(f85b1f220d4dcca48ae74f0bc979a23c) Importer(815301076,1909f56bfc062723c751e8b465ee728b)
Start importing Assets/Prefabs/WoodsLifestyle/Models/Props/Exterior/Stand_02.fbx using Guid(f85b1f220d4dcca48ae74f0bc979a23c) Importer(815301076,1909f56bfc062723c751e8b465ee728b) (PreviewImporter) -> (artifact id: '1e6e7248da215057471db72ff4239f1d') in 0.0716544 seconds
Number of updated asset objects reloaded before import = 0Number of asset objects unloaded after import = 9

========================================================================
Received Import Request.
  Time since last request: 0.000031 seconds.
  path: Assets/Prefabs/WoodsLifestyle/Models/Props/Exterior/SignPost_02_a.fbx
  artifactKey: Guid(6f21fc9386970604d92c17ef749e685b) Importer(815301076,1909f56bfc062723c751e8b465ee728b)
Start importing Assets/Prefabs/WoodsLifestyle/Models/Props/Exterior/SignPost_02_a.fbx using Guid(6f21fc9386970604d92c17ef749e685b) Importer(815301076,1909f56bfc062723c751e8b465ee728b) (PreviewImporter) -> (artifact id: '43212e2dbbca458f4963499eb7a364b1') in 0.0676844 seconds
Number of updated asset objects reloaded before import = 0Number of asset objects unloaded after import = 9

========================================================================
Received Import Request.
  Time since last request: 4.695598 seconds.
  path: Assets/Prefabs/WoodsLifestyle/Models/Props/Furniture
  artifactKey: Guid(e028579b8e10fc94dacbc2a2d0ad7c93) Importer(815301076,1909f56bfc062723c751e8b465ee728b)
Start importing Assets/Prefabs/WoodsLifestyle/Models/Props/Furniture using Guid(e028579b8e10fc94dacbc2a2d0ad7c93) Importer(815301076,1909f56bfc062723c751e8b465ee728b) (PreviewImporter) -> (artifact id: '506d29841489fe942fabd557a94fde88') in 0.0005939 seconds
Number of updated asset objects reloaded before import = 0Number of asset objects unloaded after import = 0

========================================================================
Received Import Request.
  Time since last request: 0.037375 seconds.
  path: Assets/Prefabs/WoodsLifestyle/Models/Props/Furniture/BedDouble_01.fbx
  artifactKey: Guid(74c729f20927f0345b50c794038af650) Importer(815301076,1909f56bfc062723c751e8b465ee728b)
Start importing Assets/Prefabs/WoodsLifestyle/Models/Props/Furniture/BedDouble_01.fbx using Guid(74c729f20927f0345b50c794038af650) Importer(815301076,1909f56bfc062723c751e8b465ee728b) (PreviewImporter) -> (artifact id: 'e7dbc16f53e7e5db03356e642888afab') in 0.0710163 seconds
Number of updated asset objects reloaded before import = 0Number of asset objects unloaded after import = 9

========================================================================
Received Import Request.
  Time since last request: 0.000070 seconds.
  path: Assets/Prefabs/WoodsLifestyle/Models/Props/Furniture/Table_01_a.fbx
  artifactKey: Guid(e3a9389a3394e074c97b9fc14e7e5ca0) Importer(815301076,1909f56bfc062723c751e8b465ee728b)
Start importing Assets/Prefabs/WoodsLifestyle/Models/Props/Furniture/Table_01_a.fbx using Guid(e3a9389a3394e074c97b9fc14e7e5ca0) Importer(815301076,1909f56bfc062723c751e8b465ee728b) (PreviewImporter) -> (artifact id: '22878955bdd50f593e4fea47dc012162') in 0.087579 seconds
Number of updated asset objects reloaded before import = 0Number of asset objects unloaded after import = 9

========================================================================
Received Import Request.
  Time since last request: 0.000022 seconds.
  path: Assets/Prefabs/WoodsLifestyle/Models/Props/Furniture/Shelf_01.fbx
  artifactKey: Guid(472ec75ff20838d40a62f3a1c0ce1069) Importer(815301076,1909f56bfc062723c751e8b465ee728b)
Start importing Assets/Prefabs/WoodsLifestyle/Models/Props/Furniture/Shelf_01.fbx using Guid(472ec75ff20838d40a62f3a1c0ce1069) Importer(815301076,1909f56bfc062723c751e8b465ee728b) (PreviewImporter) -> (artifact id: 'e24c64b0e10152d66e60c78f031bc263') in 0.0652518 seconds
Number of updated asset objects reloaded before import = 0Number of asset objects unloaded after import = 9

========================================================================
Received Import Request.
  Time since last request: 0.000073 seconds.
  path: Assets/Prefabs/WoodsLifestyle/Models/Props/Furniture/Chair_01.fbx
  artifactKey: Guid(ae519a414e4006d43974342e198ba96a) Importer(815301076,1909f56bfc062723c751e8b465ee728b)
Start importing Assets/Prefabs/WoodsLifestyle/Models/Props/Furniture/Chair_01.fbx using Guid(ae519a414e4006d43974342e198ba96a) Importer(815301076,1909f56bfc062723c751e8b465ee728b) (PreviewImporter) -> (artifact id: '8e79f0f44d3c6aa48ccd339e66c6aa90') in 0.0627275 seconds
Number of updated asset objects reloaded before import = 0Number of asset objects unloaded after import = 9

========================================================================
Received Import Request.
  Time since last request: 7.003866 seconds.
  path: Assets/Prefabs/WoodsLifestyle/Models/Props/Interior
  artifactKey: Guid(06eaa55266d06614b9719406f4352a69) Importer(815301076,1909f56bfc062723c751e8b465ee728b)
Start importing Assets/Prefabs/WoodsLifestyle/Models/Props/Interior using Guid(06eaa55266d06614b9719406f4352a69) Importer(815301076,1909f56bfc062723c751e8b465ee728b) (PreviewImporter) -> (artifact id: 'eadf1dc6506c0c913eeec09c3c34d352') in 0.0006629 seconds
Number of updated asset objects reloaded before import = 0Number of asset objects unloaded after import = 0

========================================================================
Received Import Request.
  Time since last request: 0.043584 seconds.
  path: Assets/Prefabs/WoodsLifestyle/Models/Props/Interior/Book_01_a.fbx
  artifactKey: Guid(be68145784b4b6a4cb8294800b948024) Importer(815301076,1909f56bfc062723c751e8b465ee728b)
Start importing Assets/Prefabs/WoodsLifestyle/Models/Props/Interior/Book_01_a.fbx using Guid(be68145784b4b6a4cb8294800b948024) Importer(815301076,1909f56bfc062723c751e8b465ee728b) (PreviewImporter) -> (artifact id: '9ad362d9aa2ca811a4a666711f69781c') in 0.0754345 seconds
Number of updated asset objects reloaded before import = 0Number of asset objects unloaded after import = 9

========================================================================
Received Import Request.
  Time since last request: 0.000024 seconds.
  path: Assets/Prefabs/WoodsLifestyle/Models/Props/Interior/Mirror_01.fbx
  artifactKey: Guid(edad6fbac59377a4e9572b176fdd7402) Importer(815301076,1909f56bfc062723c751e8b465ee728b)
Start importing Assets/Prefabs/WoodsLifestyle/Models/Props/Interior/Mirror_01.fbx using Guid(edad6fbac59377a4e9572b176fdd7402) Importer(815301076,1909f56bfc062723c751e8b465ee728b) (PreviewImporter) -> (artifact id: 'c4ae3086de5c5138707f262c3d877fd4') in 0.0734222 seconds
Number of updated asset objects reloaded before import = 0Number of asset objects unloaded after import = 9

========================================================================
Received Import Request.
  Time since last request: 0.000021 seconds.
  path: Assets/Prefabs/WoodsLifestyle/Models/Props/Interior/Pot_01_a.fbx
  artifactKey: Guid(731c991c7fce85a45aff2474d827fe19) Importer(815301076,1909f56bfc062723c751e8b465ee728b)
Start importing Assets/Prefabs/WoodsLifestyle/Models/Props/Interior/Pot_01_a.fbx using Guid(731c991c7fce85a45aff2474d827fe19) Importer(815301076,1909f56bfc062723c751e8b465ee728b) (PreviewImporter) -> (artifact id: 'dfd47005cbded1b007cfb54ce383d5e7') in 0.0730026 seconds
Number of updated asset objects reloaded before import = 0Number of asset objects unloaded after import = 9

========================================================================
Received Import Request.
  Time since last request: 0.000025 seconds.
  path: Assets/Prefabs/WoodsLifestyle/Models/Props/Interior/Candle_01_a.fbx
  artifactKey: Guid(41b79ccc36b6ca24d8d87254acfc7e90) Importer(815301076,1909f56bfc062723c751e8b465ee728b)
Start importing Assets/Prefabs/WoodsLifestyle/Models/Props/Interior/Candle_01_a.fbx using Guid(41b79ccc36b6ca24d8d87254acfc7e90) Importer(815301076,1909f56bfc062723c751e8b465ee728b) (PreviewImporter) -> (artifact id: '1ec102e8d0fb6f0ab2e3c75b53f51dc2') in 0.0710433 seconds
Number of updated asset objects reloaded before import = 0Number of asset objects unloaded after import = 9

========================================================================
Received Import Request.
  Time since last request: 0.000036 seconds.
  path: Assets/Prefabs/WoodsLifestyle/Models/Props/Interior/Book_02_b.fbx
  artifactKey: Guid(650764bbb3d28484781ebef1db04cbce) Importer(815301076,1909f56bfc062723c751e8b465ee728b)
Start importing Assets/Prefabs/WoodsLifestyle/Models/Props/Interior/Book_02_b.fbx using Guid(650764bbb3d28484781ebef1db04cbce) Importer(815301076,1909f56bfc062723c751e8b465ee728b) (PreviewImporter) -> (artifact id: '8054c964ce4aaa6b8858ce83ebc843b5') in 0.0785435 seconds
Number of updated asset objects reloaded before import = 0Number of asset objects unloaded after import = 9

========================================================================
Received Import Request.
  Time since last request: 0.000038 seconds.
  path: Assets/Prefabs/WoodsLifestyle/Models/Props/Interior/Lamp_01_d.fbx
  artifactKey: Guid(8d4efb8568e12eb47841bcdf71392fcb) Importer(815301076,1909f56bfc062723c751e8b465ee728b)
Start importing Assets/Prefabs/WoodsLifestyle/Models/Props/Interior/Lamp_01_d.fbx using Guid(8d4efb8568e12eb47841bcdf71392fcb) Importer(815301076,1909f56bfc062723c751e8b465ee728b) (PreviewImporter) -> (artifact id: 'd4536bd463525b80ec5106a9796b4b58') in 0.0697566 seconds
Number of updated asset objects reloaded before import = 0Number of asset objects unloaded after import = 9

========================================================================
Received Import Request.
  Time since last request: 0.000024 seconds.
  path: Assets/Prefabs/WoodsLifestyle/Models/Props/Interior/Candle_02_a.fbx
  artifactKey: Guid(324da3b8157a35244b342b0c1d0a2d54) Importer(815301076,1909f56bfc062723c751e8b465ee728b)
Start importing Assets/Prefabs/WoodsLifestyle/Models/Props/Interior/Candle_02_a.fbx using Guid(324da3b8157a35244b342b0c1d0a2d54) Importer(815301076,1909f56bfc062723c751e8b465ee728b) (PreviewImporter) -> (artifact id: '14f1743366ad5bb296d973898ea17f11') in 0.0775121 seconds
Number of updated asset objects reloaded before import = 0Number of asset objects unloaded after import = 9

========================================================================
Received Import Request.
  Time since last request: 0.000041 seconds.
  path: Assets/Prefabs/WoodsLifestyle/Models/Props/Interior/Candle_03_a.fbx
  artifactKey: Guid(029e4e207b05e274184f5be5a79b8174) Importer(815301076,1909f56bfc062723c751e8b465ee728b)
Start importing Assets/Prefabs/WoodsLifestyle/Models/Props/Interior/Candle_03_a.fbx using Guid(029e4e207b05e274184f5be5a79b8174) Importer(815301076,1909f56bfc062723c751e8b465ee728b) (PreviewImporter) -> (artifact id: 'deaa3a9ddf119ac507b26daa7a39fd2d') in 0.0714742 seconds
Number of updated asset objects reloaded before import = 0Number of asset objects unloaded after import = 9

========================================================================
Received Import Request.
  Time since last request: 0.000040 seconds.
  path: Assets/Prefabs/WoodsLifestyle/Models/Props/Interior/Book_03_c.fbx
  artifactKey: Guid(123e5751636b19947a59b146bdfd45ca) Importer(815301076,1909f56bfc062723c751e8b465ee728b)
Start importing Assets/Prefabs/WoodsLifestyle/Models/Props/Interior/Book_03_c.fbx using Guid(123e5751636b19947a59b146bdfd45ca) Importer(815301076,1909f56bfc062723c751e8b465ee728b) (PreviewImporter) -> (artifact id: '21d28847866a29a6b2070f2ad85a792e') in 0.076524 seconds
Number of updated asset objects reloaded before import = 0Number of asset objects unloaded after import = 9

========================================================================
Received Import Request.
  Time since last request: 4.595585 seconds.
  path: Assets/Prefabs/WoodsLifestyle/Models/Props/Water
  artifactKey: Guid(e0164b67c9b4fd44b97c45ce7b3c0cae) Importer(815301076,1909f56bfc062723c751e8b465ee728b)
Start importing Assets/Prefabs/WoodsLifestyle/Models/Props/Water using Guid(e0164b67c9b4fd44b97c45ce7b3c0cae) Importer(815301076,1909f56bfc062723c751e8b465ee728b) (PreviewImporter) -> (artifact id: '4643ab0cc82b0a95923e54c879fc0e65') in 0.0008617 seconds
Number of updated asset objects reloaded before import = 0Number of asset objects unloaded after import = 0

========================================================================
Received Import Request.
  Time since last request: 0.041971 seconds.
  path: Assets/Prefabs/WoodsLifestyle/Models/Props/Water/Canoe_01.fbx
  artifactKey: Guid(baaaeaba8d13ed84cbf2d5f61ad0fce8) Importer(815301076,1909f56bfc062723c751e8b465ee728b)
Start importing Assets/Prefabs/WoodsLifestyle/Models/Props/Water/Canoe_01.fbx using Guid(baaaeaba8d13ed84cbf2d5f61ad0fce8) Importer(815301076,1909f56bfc062723c751e8b465ee728b) (PreviewImporter) -> (artifact id: '7197894f05bf86948f52e63e035cec36') in 0.0718185 seconds
Number of updated asset objects reloaded before import = 0Number of asset objects unloaded after import = 9

========================================================================
Received Import Request.
  Time since last request: 0.000033 seconds.
  path: Assets/Prefabs/WoodsLifestyle/Models/Props/Water/RowBoat_01_b.fbx
  artifactKey: Guid(cc7b39c76fcfe3d42a95d059afae973a) Importer(815301076,1909f56bfc062723c751e8b465ee728b)
Start importing Assets/Prefabs/WoodsLifestyle/Models/Props/Water/RowBoat_01_b.fbx using Guid(cc7b39c76fcfe3d42a95d059afae973a) Importer(815301076,1909f56bfc062723c751e8b465ee728b) (PreviewImporter) -> (artifact id: 'c485e1e1b23fd16921100f1b4ac61a0b') in 0.0748336 seconds
Number of updated asset objects reloaded before import = 0Number of asset objects unloaded after import = 9

========================================================================
Received Import Request.
  Time since last request: 2.263248 seconds.
  path: Assets/Prefabs/WoodsLifestyle/Models/Props/WaterTowers
  artifactKey: Guid(9a394d94e585a424781bb97cd5f79f31) Importer(815301076,1909f56bfc062723c751e8b465ee728b)
Start importing Assets/Prefabs/WoodsLifestyle/Models/Props/WaterTowers using Guid(9a394d94e585a424781bb97cd5f79f31) Importer(815301076,1909f56bfc062723c751e8b465ee728b) (PreviewImporter) -> (artifact id: '8862d02421242e50abbf65e3940ca6da') in 0.0023267 seconds
Number of updated asset objects reloaded before import = 0Number of asset objects unloaded after import = 0

========================================================================
Received Import Request.
  Time since last request: 0.036829 seconds.
  path: Assets/Prefabs/WoodsLifestyle/Models/Props/WaterTowers/Tower_01.fbx
  artifactKey: Guid(afceab1db8256044b961e2acbedc9134) Importer(815301076,1909f56bfc062723c751e8b465ee728b)
Start importing Assets/Prefabs/WoodsLifestyle/Models/Props/WaterTowers/Tower_01.fbx using Guid(afceab1db8256044b961e2acbedc9134) Importer(815301076,1909f56bfc062723c751e8b465ee728b) (PreviewImporter) -> (artifact id: '9d56124cecc306cfe56e41484ac51ab1') in 0.0727334 seconds
Number of updated asset objects reloaded before import = 0Number of asset objects unloaded after import = 9

========================================================================
Received Import Request.
  Time since last request: 0.000084 seconds.
  path: Assets/Prefabs/WoodsLifestyle/Models/Props/WaterTowers/WaterTenkPlatform_02.fbx
  artifactKey: Guid(fd5b769644bb1eb4db131ca21c26dd29) Importer(815301076,1909f56bfc062723c751e8b465ee728b)
Start importing Assets/Prefabs/WoodsLifestyle/Models/Props/WaterTowers/WaterTenkPlatform_02.fbx using Guid(fd5b769644bb1eb4db131ca21c26dd29) Importer(815301076,1909f56bfc062723c751e8b465ee728b) (PreviewImporter) -> (artifact id: '4c43ebeabe55c58830b20c1e9503b4ca') in 0.0821652 seconds
Number of updated asset objects reloaded before import = 0Number of asset objects unloaded after import = 9

Editor requested this worker to shutdown with reason: Scaling down because of idle timeout
AssetImportWorker is now disconnected from the server
Process exiting
Exiting without the bug reporter. Application will terminate with return code 0