Using pre-set license
Built from '2023.2/staging' branch; Version is '2023.2.16f1 (7f45223012db) revision 8340770'; Using compiler version '193431935'; Build Type 'Release'
OS: 'Windows 11  (10.0.22631) 64bit CoreSingleLanguage' Language: 'en' Physical Memory: 16219 MB
BatchMode: 1, IsHumanControllingUs: 0, StartBugReporterOnCrash: 0, Is64bit: 1, IsPro: 1

COMMAND LINE ARGUMENTS:
S:\Unity Editor\2023.2.16f1\Editor\Unity.exe
-adb2
-batchMode
-noUpm
-name
AssetImportWorker11
-projectPath
S:/Unity/GDAPDEV MP
-logFile
Logs/AssetImportWorker11.log
-srvPort
52178
-job-worker-count
7
-background-job-worker-count
8
-asset-garbage-collectors
1
Successfully changed project path to: S:/Unity/GDAPDEV MP
S:/Unity/GDAPDEV MP
[UnityMemory] Configuration Parameters - Can be set up in boot.config
    "memorysetup-bucket-allocator-granularity=16"
    "memorysetup-bucket-allocator-bucket-count=8"
    "memorysetup-bucket-allocator-block-size=33554432"
    "memorysetup-bucket-allocator-block-count=8"
    "memorysetup-main-allocator-block-size=16777216"
    "memorysetup-thread-allocator-block-size=16777216"
    "memorysetup-gfx-main-allocator-block-size=16777216"
    "memorysetup-gfx-thread-allocator-block-size=16777216"
    "memorysetup-cache-allocator-block-size=4194304"
    "memorysetup-typetree-allocator-block-size=2097152"
    "memorysetup-profiler-bucket-allocator-granularity=16"
    "memorysetup-profiler-bucket-allocator-bucket-count=8"
    "memorysetup-profiler-bucket-allocator-block-size=33554432"
    "memorysetup-profiler-bucket-allocator-block-count=8"
    "memorysetup-profiler-allocator-block-size=16777216"
    "memorysetup-profiler-editor-allocator-block-size=1048576"
    "memorysetup-temp-allocator-size-main=16777216"
    "memorysetup-job-temp-allocator-block-size=2097152"
    "memorysetup-job-temp-allocator-block-size-background=1048576"
    "memorysetup-job-temp-allocator-reduction-small-platforms=262144"
    "memorysetup-allocator-temp-initial-block-size-main=262144"
    "memorysetup-allocator-temp-initial-block-size-worker=262144"
    "memorysetup-temp-allocator-size-background-worker=32768"
    "memorysetup-temp-allocator-size-job-worker=262144"
    "memorysetup-temp-allocator-size-preload-manager=33554432"
    "memorysetup-temp-allocator-size-nav-mesh-worker=65536"
    "memorysetup-temp-allocator-size-audio-worker=65536"
    "memorysetup-temp-allocator-size-cloud-worker=32768"
    "memorysetup-temp-allocator-size-gi-baking-worker=262144"
    "memorysetup-temp-allocator-size-gi-baking-worker=262144"
    "memorysetup-temp-allocator-size-gi-baking-worker=262144"
    "memorysetup-temp-allocator-size-gi-baking-worker=262144"
    "memorysetup-temp-allocator-size-gfx=262144"
Player connection [20924] Host "[IP] 192.168.1.4 [Port] 0 [Flags] 2 [Guid] 2957316968 [EditorId] 2957316968 [Version] 1048832 [Id] WindowsEditor(7,LAPTOP-1MODOC2S) [Debug] 1 [PackageName] WindowsEditor [ProjectName] Editor" joined multi-casting on [225.0.0.222:54997]...
Player connection [20924] Host "[IP] 192.168.1.4 [Port] 0 [Flags] 2 [Guid] 2957316968 [EditorId] 2957316968 [Version] 1048832 [Id] WindowsEditor(7,LAPTOP-1MODOC2S) [Debug] 1 [PackageName] WindowsEditor [ProjectName] Editor" joined alternative multi-casting on [225.0.0.222:34997]...
JobSystem: Creating JobQueue using job-worker-count value 7
[Physics::Module] Initialized MultithreadedJobDispatcher with 7 workers.
Library Redirect Path: Library/
Refreshing native plugins compatible for Editor in 3.28 ms, found 3 plugins.
Preloading 0 native plugins for Editor in 0.00 ms.
Initialize engine version: 2023.2.16f1 (7f45223012db)
[Subsystems] Discovering subsystems at path S:/Unity Editor/2023.2.16f1/Editor/Data/Resources/UnitySubsystems
[Subsystems] Discovering subsystems at path S:/Unity/GDAPDEV MP/Assets
GfxDevice: creating device client; kGfxThreadingModeNonThreaded
Direct3D:
    Version:  Direct3D 11.0 [level 11.1]
    Renderer: NVIDIA GeForce GTX 1650 Ti (ID=0x1f95)
    Vendor:   NVIDIA
    VRAM:     3935 MB
    Driver:   32.0.15.5585
Initialize mono
Mono path[0] = 'S:/Unity Editor/2023.2.16f1/Editor/Data/Managed'
Mono path[1] = 'S:/Unity Editor/2023.2.16f1/Editor/Data/MonoBleedingEdge/lib/mono/unityjit-win32'
Mono config path = 'S:/Unity Editor/2023.2.16f1/Editor/Data/MonoBleedingEdge/etc'
Using monoOptions --debugger-agent=transport=dt_socket,embedding=1,server=y,suspend=n,address=127.0.0.1:56576
Begin MonoManager ReloadAssembly
Registering precompiled unity dll's ...
Register platform support module: S:/Unity Editor/2023.2.16f1/Editor/Data/PlaybackEngines/WindowsStandaloneSupport/UnityEditor.WindowsStandalone.Extensions.dll
Register platform support module: S:/Unity Editor/2023.2.16f1/Editor/Data/PlaybackEngines/AndroidPlayer/UnityEditor.Android.Extensions.dll
Register platform support module: S:/Unity Editor/2023.2.16f1/Editor/Data/PlaybackEngines/iOSSupport/UnityEditor.iOS.Extensions.dll
Registered in 0.003729 seconds.
- Loaded All Assemblies, in  0.871 seconds
Native extension for iOS target not found
Native extension for Android target not found
Android Extension - Scanning For ADB Devices 364 ms
Native extension for WindowsStandalone target not found
Mono: successfully reloaded assembly
- Finished resetting the current domain, in  1.009 seconds
Domain Reload Profiling: 1880ms
	BeginReloadAssembly (440ms)
		ExecutionOrderSort (0ms)
		DisableScriptedObjects (0ms)
		BackupInstance (0ms)
		ReleaseScriptingObjects (0ms)
		CreateAndSetChildDomain (2ms)
	RebuildCommonClasses (87ms)
	RebuildNativeTypeToScriptingClass (23ms)
	initialDomainReloadingComplete (70ms)
	LoadAllAssembliesAndSetupDomain (250ms)
		LoadAssemblies (438ms)
		RebuildTransferFunctionScriptingTraits (0ms)
		AnalyzeDomain (245ms)
			TypeCache.Refresh (244ms)
				TypeCache.ScanAssembly (214ms)
			BuildScriptInfoCaches (0ms)
			ResolveRequiredComponents (0ms)
	FinalizeReload (1010ms)
		ReleaseScriptCaches (0ms)
		RebuildScriptCaches (0ms)
		SetupLoadedEditorAssemblies (929ms)
			LogAssemblyErrors (0ms)
			InitializePlatformSupportModulesInManaged (532ms)
			SetLoadedEditorAssemblies (5ms)
			BeforeProcessingInitializeOnLoad (18ms)
			ProcessInitializeOnLoadAttributes (282ms)
			ProcessInitializeOnLoadMethodAttributes (92ms)
			AfterProcessingInitializeOnLoad (0ms)
			EditorAssembliesLoaded (0ms)
		ExecutionOrderSort2 (0ms)
		AwakeInstancesAfterBackupRestoration (0ms)
========================================================================
Worker process is ready to serve import requests
Import Worker Mode flag is 0x00
Begin MonoManager ReloadAssembly
- Loaded All Assemblies, in  1.497 seconds
Refreshing native plugins compatible for Editor in 2.32 ms, found 3 plugins.
Native extension for iOS target not found
Native extension for Android target not found
Native extension for WindowsStandalone target not found
Refreshing native plugins compatible for Editor in 2.71 ms, found 3 plugins.
Mono: successfully reloaded assembly
Package Manager log level set to [2]
[Package Manager] Failed to launch server process. Reason: Unity was launched with the -noUpm command-line argument
[Package Manager] Unable to send message (not connected to server process).
[Package Manager] Cannot connect to Unity Package Manager local server
[Package Manager] Failed to launch server process. Reason: Unity was launched with the -noUpm command-line argument
[Package Manager] Unable to send message (not connected to server process).
[Package Manager] Cannot connect to Unity Package Manager local server
- Finished resetting the current domain, in  1.127 seconds
Domain Reload Profiling: 2624ms
	BeginReloadAssembly (610ms)
		ExecutionOrderSort (0ms)
		DisableScriptedObjects (14ms)
		BackupInstance (0ms)
		ReleaseScriptingObjects (0ms)
		CreateAndSetChildDomain (76ms)
	RebuildCommonClasses (64ms)
	RebuildNativeTypeToScriptingClass (28ms)
	initialDomainReloadingComplete (64ms)
	LoadAllAssembliesAndSetupDomain (731ms)
		LoadAssemblies (573ms)
		RebuildTransferFunctionScriptingTraits (0ms)
		AnalyzeDomain (329ms)
			TypeCache.Refresh (274ms)
				TypeCache.ScanAssembly (243ms)
			BuildScriptInfoCaches (44ms)
			ResolveRequiredComponents (8ms)
	FinalizeReload (1128ms)
		ReleaseScriptCaches (0ms)
		RebuildScriptCaches (0ms)
		SetupLoadedEditorAssemblies (768ms)
			LogAssemblyErrors (0ms)
			InitializePlatformSupportModulesInManaged (51ms)
			SetLoadedEditorAssemblies (5ms)
			BeforeProcessingInitializeOnLoad (65ms)
			ProcessInitializeOnLoadAttributes (607ms)
			ProcessInitializeOnLoadMethodAttributes (34ms)
			AfterProcessingInitializeOnLoad (5ms)
			EditorAssembliesLoaded (0ms)
		ExecutionOrderSort2 (0ms)
		AwakeInstancesAfterBackupRestoration (13ms)
Launched and connected shader compiler UnityShaderCompiler.exe after 0.01 seconds
Refreshing native plugins compatible for Editor in 2.01 ms, found 3 plugins.
Preloading 0 native plugins for Editor in 0.00 ms.
Unloading 48 Unused Serialized files (Serialized files now loaded: 0)
Unloading 4164 unused Assets / (1.8 MB). Loaded Objects now: 4756.
Memory consumption went from 137.4 MB to 135.7 MB.
Total: 7.731000 ms (FindLiveObjects: 0.564000 ms CreateObjectMapping: 0.538300 ms MarkObjects: 4.933400 ms  DeleteObjects: 1.693400 ms)

========================================================================
Received Import Request.
  Time since last request: 20304.913300 seconds.
  path: Assets/Prefabs/LowPolyMedievalPropsLite/Prefabs
  artifactKey: Guid(abc91dfa54bab85489116e71ccd25ae1) Importer(815301076,1909f56bfc062723c751e8b465ee728b)
Start importing Assets/Prefabs/LowPolyMedievalPropsLite/Prefabs using Guid(abc91dfa54bab85489116e71ccd25ae1) Importer(815301076,1909f56bfc062723c751e8b465ee728b) (PreviewImporter) -> (artifact id: 'cdc517e114045a2724108cd42930b9a9') in 0.0084367 seconds
Number of updated asset objects reloaded before import = 0Number of asset objects unloaded after import = 0

========================================================================
Received Import Request.
  Time since last request: 0.053867 seconds.
  path: Assets/Prefabs/LowPolyMedievalPropsLite/Prefabs/Axe_01.prefab
  artifactKey: Guid(4778fb0ebd4d7554887f2bd7e6fa39c1) Importer(815301076,1909f56bfc062723c751e8b465ee728b)
Start importing Assets/Prefabs/LowPolyMedievalPropsLite/Prefabs/Axe_01.prefab using Guid(4778fb0ebd4d7554887f2bd7e6fa39c1) Importer(815301076,1909f56bfc062723c751e8b465ee728b) (PreviewImporter) -> (artifact id: 'f7cdb21ce19c903613b2d649e40df35d') in 0.2323943 seconds
Number of updated asset objects reloaded before import = 0Number of asset objects unloaded after import = 10

========================================================================
Received Import Request.
  Time since last request: 0.000039 seconds.
  path: Assets/Prefabs/LowPolyMedievalPropsLite/Prefabs/Pointer_02.prefab
  artifactKey: Guid(db548dbe1affff14da8f8444cd7a16a8) Importer(815301076,1909f56bfc062723c751e8b465ee728b)
Start importing Assets/Prefabs/LowPolyMedievalPropsLite/Prefabs/Pointer_02.prefab using Guid(db548dbe1affff14da8f8444cd7a16a8) Importer(815301076,1909f56bfc062723c751e8b465ee728b) (PreviewImporter) -> (artifact id: '6bb95e02efb27d291aede98eae08a37f') in 0.0381596 seconds
Number of updated asset objects reloaded before import = 0Number of asset objects unloaded after import = 10

========================================================================
Received Import Request.
  Time since last request: 0.000055 seconds.
  path: Assets/Prefabs/LowPolyMedievalPropsLite/Prefabs/Plate_01.prefab
  artifactKey: Guid(a85d74d78da4d334caf7d581691d2df7) Importer(815301076,1909f56bfc062723c751e8b465ee728b)
Start importing Assets/Prefabs/LowPolyMedievalPropsLite/Prefabs/Plate_01.prefab using Guid(a85d74d78da4d334caf7d581691d2df7) Importer(815301076,1909f56bfc062723c751e8b465ee728b) (PreviewImporter) -> (artifact id: '5991d94b8867da96ad6301ee84ac61fd') in 0.0386284 seconds
Number of updated asset objects reloaded before import = 0Number of asset objects unloaded after import = 10

========================================================================
Received Import Request.
  Time since last request: 0.000022 seconds.
  path: Assets/Prefabs/LowPolyMedievalPropsLite/Prefabs/Fence_02.prefab
  artifactKey: Guid(7a92d70f42aca1d40aa5675904d4fb0a) Importer(815301076,1909f56bfc062723c751e8b465ee728b)
Start importing Assets/Prefabs/LowPolyMedievalPropsLite/Prefabs/Fence_02.prefab using Guid(7a92d70f42aca1d40aa5675904d4fb0a) Importer(815301076,1909f56bfc062723c751e8b465ee728b) (PreviewImporter) -> (artifact id: 'c3c3b1cd690c76b6bb7b5817ec31b200') in 0.0344421 seconds
Number of updated asset objects reloaded before import = 0Number of asset objects unloaded after import = 10

========================================================================
Received Import Request.
  Time since last request: 0.000070 seconds.
  path: Assets/Prefabs/LowPolyMedievalPropsLite/Prefabs/Jug_01.prefab
  artifactKey: Guid(0c49d14f67533cd46946f65d18bf9bd3) Importer(815301076,1909f56bfc062723c751e8b465ee728b)
Start importing Assets/Prefabs/LowPolyMedievalPropsLite/Prefabs/Jug_01.prefab using Guid(0c49d14f67533cd46946f65d18bf9bd3) Importer(815301076,1909f56bfc062723c751e8b465ee728b) (PreviewImporter) -> (artifact id: 'a0f18f4d946dcbf9d8a2ff95fac5f444') in 0.0422443 seconds
Number of updated asset objects reloaded before import = 0Number of asset objects unloaded after import = 10

========================================================================
Received Import Request.
  Time since last request: 0.000019 seconds.
  path: Assets/Prefabs/LowPolyMedievalPropsLite/Prefabs/Candle_02.prefab
  artifactKey: Guid(f4201c8f49deb8844a1d1d79b62d845d) Importer(815301076,1909f56bfc062723c751e8b465ee728b)
Start importing Assets/Prefabs/LowPolyMedievalPropsLite/Prefabs/Candle_02.prefab using Guid(f4201c8f49deb8844a1d1d79b62d845d) Importer(815301076,1909f56bfc062723c751e8b465ee728b) (PreviewImporter) -> (artifact id: 'c6f398ff5a28d12766396367995201d7') in 0.0441401 seconds
Number of updated asset objects reloaded before import = 0Number of asset objects unloaded after import = 10

========================================================================
Received Import Request.
  Time since last request: 0.000019 seconds.
  path: Assets/Prefabs/LowPolyMedievalPropsLite/Prefabs/Candle_03.prefab
  artifactKey: Guid(27a9ea57e6466914380d0e2b7985388d) Importer(815301076,1909f56bfc062723c751e8b465ee728b)
Start importing Assets/Prefabs/LowPolyMedievalPropsLite/Prefabs/Candle_03.prefab using Guid(27a9ea57e6466914380d0e2b7985388d) Importer(815301076,1909f56bfc062723c751e8b465ee728b) (PreviewImporter) -> (artifact id: '02131f34e22aea9b8f120840a41937aa') in 0.0332686 seconds
Number of updated asset objects reloaded before import = 0Number of asset objects unloaded after import = 10

========================================================================
Received Import Request.
  Time since last request: 0.000033 seconds.
  path: Assets/Prefabs/LowPolyMedievalPropsLite/Prefabs/Pointer_01.prefab
  artifactKey: Guid(5e9dfc284f47ee240a7bf279a27c0b30) Importer(815301076,1909f56bfc062723c751e8b465ee728b)
Start importing Assets/Prefabs/LowPolyMedievalPropsLite/Prefabs/Pointer_01.prefab using Guid(5e9dfc284f47ee240a7bf279a27c0b30) Importer(815301076,1909f56bfc062723c751e8b465ee728b) (PreviewImporter) -> (artifact id: '2485daaa5adb2e1b7d13d5435acb37f7') in 0.0460429 seconds
Number of updated asset objects reloaded before import = 0Number of asset objects unloaded after import = 10

========================================================================
Received Import Request.
  Time since last request: 0.000031 seconds.
  path: Assets/Prefabs/LowPolyMedievalPropsLite/Prefabs/Plate_03.prefab
  artifactKey: Guid(8ad79b265210cac4180535b79fd4f14c) Importer(815301076,1909f56bfc062723c751e8b465ee728b)
Start importing Assets/Prefabs/LowPolyMedievalPropsLite/Prefabs/Plate_03.prefab using Guid(8ad79b265210cac4180535b79fd4f14c) Importer(815301076,1909f56bfc062723c751e8b465ee728b) (PreviewImporter) -> (artifact id: '0d2550c08e8742f17efacd23b1022b5e') in 0.0332839 seconds
Number of updated asset objects reloaded before import = 0Number of asset objects unloaded after import = 10

========================================================================
Received Import Request.
  Time since last request: 0.000032 seconds.
  path: Assets/Prefabs/LowPolyMedievalPropsLite/Prefabs/Box_01.prefab
  artifactKey: Guid(e0b2792fd3ecf274fa1b9172d6962562) Importer(815301076,1909f56bfc062723c751e8b465ee728b)
Start importing Assets/Prefabs/LowPolyMedievalPropsLite/Prefabs/Box_01.prefab using Guid(e0b2792fd3ecf274fa1b9172d6962562) Importer(815301076,1909f56bfc062723c751e8b465ee728b) (PreviewImporter) -> (artifact id: '33d7a3053a1a36382817f08eb0e3d3d9') in 0.0419702 seconds
Number of updated asset objects reloaded before import = 0Number of asset objects unloaded after import = 10

========================================================================
Received Import Request.
  Time since last request: 0.000070 seconds.
  path: Assets/Prefabs/LowPolyMedievalPropsLite/Prefabs/Coin_02.prefab
  artifactKey: Guid(09605bc47ca2dbb43a4e2174e6f8a924) Importer(815301076,1909f56bfc062723c751e8b465ee728b)
Start importing Assets/Prefabs/LowPolyMedievalPropsLite/Prefabs/Coin_02.prefab using Guid(09605bc47ca2dbb43a4e2174e6f8a924) Importer(815301076,1909f56bfc062723c751e8b465ee728b) (PreviewImporter) -> (artifact id: 'b2823c87cbb6103fdda3a4e6ad558197') in 0.0401573 seconds
Number of updated asset objects reloaded before import = 0Number of asset objects unloaded after import = 10

========================================================================
Received Import Request.
  Time since last request: 0.000142 seconds.
  path: Assets/Prefabs/LowPolyMedievalPropsLite/Prefabs/Furniture_01.prefab
  artifactKey: Guid(170b5c8bc206e434bbabb0dfb4c448a2) Importer(815301076,1909f56bfc062723c751e8b465ee728b)
Start importing Assets/Prefabs/LowPolyMedievalPropsLite/Prefabs/Furniture_01.prefab using Guid(170b5c8bc206e434bbabb0dfb4c448a2) Importer(815301076,1909f56bfc062723c751e8b465ee728b) (PreviewImporter) -> (artifact id: '3705f07dd5f9e128967c539543c9b41c') in 0.0400743 seconds
Number of updated asset objects reloaded before import = 0Number of asset objects unloaded after import = 10

========================================================================
Received Import Request.
  Time since last request: 0.000017 seconds.
  path: Assets/Prefabs/LowPolyMedievalPropsLite/Prefabs/Stone_01.prefab
  artifactKey: Guid(89a32941865132c4ba1c2782790ed46b) Importer(815301076,1909f56bfc062723c751e8b465ee728b)
Start importing Assets/Prefabs/LowPolyMedievalPropsLite/Prefabs/Stone_01.prefab using Guid(89a32941865132c4ba1c2782790ed46b) Importer(815301076,1909f56bfc062723c751e8b465ee728b) (PreviewImporter) -> (artifact id: '2100c7b2f4a588677ac30cf34ffed8ab') in 0.0462881 seconds
Number of updated asset objects reloaded before import = 0Number of asset objects unloaded after import = 10

========================================================================
Received Import Request.
  Time since last request: 0.000019 seconds.
  path: Assets/Prefabs/LowPolyMedievalPropsLite/Prefabs/Jug_02.prefab
  artifactKey: Guid(42d1030afaa0b924583d1852dab2d898) Importer(815301076,1909f56bfc062723c751e8b465ee728b)
Start importing Assets/Prefabs/LowPolyMedievalPropsLite/Prefabs/Jug_02.prefab using Guid(42d1030afaa0b924583d1852dab2d898) Importer(815301076,1909f56bfc062723c751e8b465ee728b) (PreviewImporter) -> (artifact id: '369c51689a6633331ef9c0d4ac14712b') in 0.0385644 seconds
Number of updated asset objects reloaded before import = 0Number of asset objects unloaded after import = 10

========================================================================
Received Import Request.
  Time since last request: 0.000041 seconds.
  path: Assets/Prefabs/LowPolyMedievalPropsLite/Prefabs/Carpet_01.prefab
  artifactKey: Guid(ee24e119d4e40b74e82fa4ef4de7e2ec) Importer(815301076,1909f56bfc062723c751e8b465ee728b)
Start importing Assets/Prefabs/LowPolyMedievalPropsLite/Prefabs/Carpet_01.prefab using Guid(ee24e119d4e40b74e82fa4ef4de7e2ec) Importer(815301076,1909f56bfc062723c751e8b465ee728b) (PreviewImporter) -> (artifact id: '9208f2eb06c685c50ca56ab3a75172e6') in 0.0480267 seconds
Number of updated asset objects reloaded before import = 0Number of asset objects unloaded after import = 10

========================================================================
Received Import Request.
  Time since last request: 0.000042 seconds.
  path: Assets/Prefabs/LowPolyMedievalPropsLite/Prefabs/Bottle_03.prefab
  artifactKey: Guid(dce278a18cc98aa41a4185c95e564f6f) Importer(815301076,1909f56bfc062723c751e8b465ee728b)
Start importing Assets/Prefabs/LowPolyMedievalPropsLite/Prefabs/Bottle_03.prefab using Guid(dce278a18cc98aa41a4185c95e564f6f) Importer(815301076,1909f56bfc062723c751e8b465ee728b) (PreviewImporter) -> (artifact id: 'e38fa8d4e26dcbd6d8e12e8c73d7857d') in 0.0400928 seconds
Number of updated asset objects reloaded before import = 0Number of asset objects unloaded after import = 10

========================================================================
Received Import Request.
  Time since last request: 0.000053 seconds.
  path: Assets/Prefabs/LowPolyMedievalPropsLite/Prefabs/Fence_01.prefab
  artifactKey: Guid(9e4d87ed8442a2a40b13957dd237e343) Importer(815301076,1909f56bfc062723c751e8b465ee728b)
Start importing Assets/Prefabs/LowPolyMedievalPropsLite/Prefabs/Fence_01.prefab using Guid(9e4d87ed8442a2a40b13957dd237e343) Importer(815301076,1909f56bfc062723c751e8b465ee728b) (PreviewImporter) -> (artifact id: '4a73079e9802e2654f8097df4590321a') in 0.0347844 seconds
Number of updated asset objects reloaded before import = 0Number of asset objects unloaded after import = 10

========================================================================
Received Import Request.
  Time since last request: 0.000049 seconds.
  path: Assets/Prefabs/LowPolyMedievalPropsLite/Prefabs/Food_05.prefab
  artifactKey: Guid(42b182dba1d708b41921836ec2eedb83) Importer(815301076,1909f56bfc062723c751e8b465ee728b)
Start importing Assets/Prefabs/LowPolyMedievalPropsLite/Prefabs/Food_05.prefab using Guid(42b182dba1d708b41921836ec2eedb83) Importer(815301076,1909f56bfc062723c751e8b465ee728b) (PreviewImporter) -> (artifact id: '0fb1e9345dd3993b80b03fa74f00e1a9') in 0.0493243 seconds
Number of updated asset objects reloaded before import = 0Number of asset objects unloaded after import = 10

========================================================================
Received Import Request.
  Time since last request: 0.000065 seconds.
  path: Assets/Prefabs/LowPolyMedievalPropsLite/Prefabs/Food_03.prefab
  artifactKey: Guid(dae57aea7aee8914da3ecfa4dc3e092d) Importer(815301076,1909f56bfc062723c751e8b465ee728b)
Start importing Assets/Prefabs/LowPolyMedievalPropsLite/Prefabs/Food_03.prefab using Guid(dae57aea7aee8914da3ecfa4dc3e092d) Importer(815301076,1909f56bfc062723c751e8b465ee728b) (PreviewImporter) -> (artifact id: 'ea4200bdd372fa6ccd811ebfb2bb5357') in 0.0400762 seconds
Number of updated asset objects reloaded before import = 0Number of asset objects unloaded after import = 10

========================================================================
Received Import Request.
  Time since last request: 0.000062 seconds.
  path: Assets/Prefabs/LowPolyMedievalPropsLite/Prefabs/Plate_02.prefab
  artifactKey: Guid(c12c2872ef9d9e94fb404dc0c9784fcb) Importer(815301076,1909f56bfc062723c751e8b465ee728b)
Start importing Assets/Prefabs/LowPolyMedievalPropsLite/Prefabs/Plate_02.prefab using Guid(c12c2872ef9d9e94fb404dc0c9784fcb) Importer(815301076,1909f56bfc062723c751e8b465ee728b) (PreviewImporter) -> (artifact id: 'a0c37a8f16c9b0a8d8adddc0d4bba636') in 0.0370911 seconds
Number of updated asset objects reloaded before import = 0Number of asset objects unloaded after import = 10

========================================================================
Received Import Request.
  Time since last request: 0.000051 seconds.
  path: Assets/Prefabs/LowPolyMedievalPropsLite/Prefabs/Food_06.prefab
  artifactKey: Guid(633dca2d2047e074ebf00763cd0f7ff4) Importer(815301076,1909f56bfc062723c751e8b465ee728b)
Start importing Assets/Prefabs/LowPolyMedievalPropsLite/Prefabs/Food_06.prefab using Guid(633dca2d2047e074ebf00763cd0f7ff4) Importer(815301076,1909f56bfc062723c751e8b465ee728b) (PreviewImporter) -> (artifact id: 'a451cc13b377333856cea71fea94fa6b') in 0.0485136 seconds
Number of updated asset objects reloaded before import = 0Number of asset objects unloaded after import = 10

========================================================================
Received Import Request.
  Time since last request: 0.000046 seconds.
  path: Assets/Prefabs/LowPolyMedievalPropsLite/Prefabs/Cup_02.prefab
  artifactKey: Guid(bb470d63914d5214081b7cf78b5bf7cf) Importer(815301076,1909f56bfc062723c751e8b465ee728b)
Start importing Assets/Prefabs/LowPolyMedievalPropsLite/Prefabs/Cup_02.prefab using Guid(bb470d63914d5214081b7cf78b5bf7cf) Importer(815301076,1909f56bfc062723c751e8b465ee728b) (PreviewImporter) -> (artifact id: 'db65bda8c8dc97b1461991db5c3f2b72') in 0.0419477 seconds
Number of updated asset objects reloaded before import = 0Number of asset objects unloaded after import = 10

========================================================================
Received Import Request.
  Time since last request: 0.000020 seconds.
  path: Assets/Prefabs/LowPolyMedievalPropsLite/Prefabs/Coin_01.prefab
  artifactKey: Guid(503cf83fd490b1640bbc9aea8a7ded93) Importer(815301076,1909f56bfc062723c751e8b465ee728b)
Start importing Assets/Prefabs/LowPolyMedievalPropsLite/Prefabs/Coin_01.prefab using Guid(503cf83fd490b1640bbc9aea8a7ded93) Importer(815301076,1909f56bfc062723c751e8b465ee728b) (PreviewImporter) -> (artifact id: '42a4bb07a6d93bc68da73239a44282e4') in 0.0323467 seconds
Number of updated asset objects reloaded before import = 0Number of asset objects unloaded after import = 10

========================================================================
Received Import Request.
  Time since last request: 0.000048 seconds.
  path: Assets/Prefabs/LowPolyMedievalPropsLite/Prefabs/Food_02.prefab
  artifactKey: Guid(219b3ba7a1084d44ba6ba3754e84f3a4) Importer(815301076,1909f56bfc062723c751e8b465ee728b)
Start importing Assets/Prefabs/LowPolyMedievalPropsLite/Prefabs/Food_02.prefab using Guid(219b3ba7a1084d44ba6ba3754e84f3a4) Importer(815301076,1909f56bfc062723c751e8b465ee728b) (PreviewImporter) -> (artifact id: 'ae917935c65330cbbb450b45578d346f') in 0.0385536 seconds
Number of updated asset objects reloaded before import = 0Number of asset objects unloaded after import = 10

Editor requested this worker to shutdown with reason: Scaling down because of idle timeout
AssetImportWorker is now disconnected from the server
Process exiting
Exiting without the bug reporter. Application will terminate with return code 0