Using pre-set license
Built from '2023.2/staging' branch; Version is '2023.2.16f1 (7f45223012db) revision 8340770'; Using compiler version '193431935'; Build Type 'Release'
OS: 'Windows 11  (10.0.22631) 64bit CoreSingleLanguage' Language: 'en' Physical Memory: 16219 MB
BatchMode: 1, IsHumanControllingUs: 0, StartBugReporterOnCrash: 0, Is64bit: 1, IsPro: 1

COMMAND LINE ARGUMENTS:
S:\Unity Editor\2023.2.16f1\Editor\Unity.exe
-adb2
-batchMode
-noUpm
-name
AssetImportWorker14
-projectPath
S:/Unity/GDAPDEV MP
-logFile
Logs/AssetImportWorker14.log
-srvPort
52178
-job-worker-count
7
-background-job-worker-count
8
-asset-garbage-collectors
1
Successfully changed project path to: S:/Unity/GDAPDEV MP
S:/Unity/GDAPDEV MP
[UnityMemory] Configuration Parameters - Can be set up in boot.config
    "memorysetup-bucket-allocator-granularity=16"
    "memorysetup-bucket-allocator-bucket-count=8"
    "memorysetup-bucket-allocator-block-size=33554432"
    "memorysetup-bucket-allocator-block-count=8"
    "memorysetup-main-allocator-block-size=16777216"
    "memorysetup-thread-allocator-block-size=16777216"
    "memorysetup-gfx-main-allocator-block-size=16777216"
    "memorysetup-gfx-thread-allocator-block-size=16777216"
    "memorysetup-cache-allocator-block-size=4194304"
    "memorysetup-typetree-allocator-block-size=2097152"
    "memorysetup-profiler-bucket-allocator-granularity=16"
    "memorysetup-profiler-bucket-allocator-bucket-count=8"
    "memorysetup-profiler-bucket-allocator-block-size=33554432"
    "memorysetup-profiler-bucket-allocator-block-count=8"
    "memorysetup-profiler-allocator-block-size=16777216"
    "memorysetup-profiler-editor-allocator-block-size=1048576"
    "memorysetup-temp-allocator-size-main=16777216"
    "memorysetup-job-temp-allocator-block-size=2097152"
    "memorysetup-job-temp-allocator-block-size-background=1048576"
    "memorysetup-job-temp-allocator-reduction-small-platforms=262144"
    "memorysetup-allocator-temp-initial-block-size-main=262144"
    "memorysetup-allocator-temp-initial-block-size-worker=262144"
    "memorysetup-temp-allocator-size-background-worker=32768"
    "memorysetup-temp-allocator-size-job-worker=262144"
    "memorysetup-temp-allocator-size-preload-manager=33554432"
    "memorysetup-temp-allocator-size-nav-mesh-worker=65536"
    "memorysetup-temp-allocator-size-audio-worker=65536"
    "memorysetup-temp-allocator-size-cloud-worker=32768"
    "memorysetup-temp-allocator-size-gi-baking-worker=262144"
    "memorysetup-temp-allocator-size-gi-baking-worker=262144"
    "memorysetup-temp-allocator-size-gi-baking-worker=262144"
    "memorysetup-temp-allocator-size-gi-baking-worker=262144"
    "memorysetup-temp-allocator-size-gfx=262144"
Player connection [27600] Host "[IP] 192.168.1.4 [Port] 0 [Flags] 2 [Guid] 3885945615 [EditorId] 3885945615 [Version] 1048832 [Id] WindowsEditor(7,LAPTOP-1MODOC2S) [Debug] 1 [PackageName] WindowsEditor [ProjectName] Editor" joined multi-casting on [225.0.0.222:54997]...
Player connection [27600] Host "[IP] 192.168.1.4 [Port] 0 [Flags] 2 [Guid] 3885945615 [EditorId] 3885945615 [Version] 1048832 [Id] WindowsEditor(7,LAPTOP-1MODOC2S) [Debug] 1 [PackageName] WindowsEditor [ProjectName] Editor" joined alternative multi-casting on [225.0.0.222:34997]...
JobSystem: Creating JobQueue using job-worker-count value 7
[Physics::Module] Initialized MultithreadedJobDispatcher with 7 workers.
Library Redirect Path: Library/
Refreshing native plugins compatible for Editor in 4.30 ms, found 3 plugins.
Preloading 0 native plugins for Editor in 0.00 ms.
Initialize engine version: 2023.2.16f1 (7f45223012db)
[Subsystems] Discovering subsystems at path S:/Unity Editor/2023.2.16f1/Editor/Data/Resources/UnitySubsystems
[Subsystems] Discovering subsystems at path S:/Unity/GDAPDEV MP/Assets
GfxDevice: creating device client; kGfxThreadingModeNonThreaded
Direct3D:
    Version:  Direct3D 11.0 [level 11.1]
    Renderer: NVIDIA GeForce GTX 1650 Ti (ID=0x1f95)
    Vendor:   NVIDIA
    VRAM:     3935 MB
    Driver:   32.0.15.5585
Initialize mono
Mono path[0] = 'S:/Unity Editor/2023.2.16f1/Editor/Data/Managed'
Mono path[1] = 'S:/Unity Editor/2023.2.16f1/Editor/Data/MonoBleedingEdge/lib/mono/unityjit-win32'
Mono config path = 'S:/Unity Editor/2023.2.16f1/Editor/Data/MonoBleedingEdge/etc'
Using monoOptions --debugger-agent=transport=dt_socket,embedding=1,server=y,suspend=n,address=127.0.0.1:56556
Begin MonoManager ReloadAssembly
Registering precompiled unity dll's ...
Register platform support module: S:/Unity Editor/2023.2.16f1/Editor/Data/PlaybackEngines/WindowsStandaloneSupport/UnityEditor.WindowsStandalone.Extensions.dll
Register platform support module: S:/Unity Editor/2023.2.16f1/Editor/Data/PlaybackEngines/AndroidPlayer/UnityEditor.Android.Extensions.dll
Register platform support module: S:/Unity Editor/2023.2.16f1/Editor/Data/PlaybackEngines/iOSSupport/UnityEditor.iOS.Extensions.dll
Registered in 0.006564 seconds.
- Loaded All Assemblies, in  0.647 seconds
Native extension for iOS target not found
Native extension for Android target not found
Android Extension - Scanning For ADB Devices 437 ms
Native extension for WindowsStandalone target not found
Mono: successfully reloaded assembly
- Finished resetting the current domain, in  1.150 seconds
Domain Reload Profiling: 1796ms
	BeginReloadAssembly (201ms)
		ExecutionOrderSort (0ms)
		DisableScriptedObjects (0ms)
		BackupInstance (0ms)
		ReleaseScriptingObjects (0ms)
		CreateAndSetChildDomain (1ms)
	RebuildCommonClasses (67ms)
	RebuildNativeTypeToScriptingClass (19ms)
	initialDomainReloadingComplete (83ms)
	LoadAllAssembliesAndSetupDomain (276ms)
		LoadAssemblies (201ms)
		RebuildTransferFunctionScriptingTraits (0ms)
		AnalyzeDomain (272ms)
			TypeCache.Refresh (270ms)
				TypeCache.ScanAssembly (238ms)
			BuildScriptInfoCaches (0ms)
			ResolveRequiredComponents (1ms)
	FinalizeReload (1150ms)
		ReleaseScriptCaches (0ms)
		RebuildScriptCaches (0ms)
		SetupLoadedEditorAssemblies (1052ms)
			LogAssemblyErrors (0ms)
			InitializePlatformSupportModulesInManaged (624ms)
			SetLoadedEditorAssemblies (5ms)
			BeforeProcessingInitializeOnLoad (13ms)
			ProcessInitializeOnLoadAttributes (284ms)
			ProcessInitializeOnLoadMethodAttributes (125ms)
			AfterProcessingInitializeOnLoad (0ms)
			EditorAssembliesLoaded (0ms)
		ExecutionOrderSort2 (0ms)
		AwakeInstancesAfterBackupRestoration (0ms)
========================================================================
Worker process is ready to serve import requests
Import Worker Mode flag is 0x00
Begin MonoManager ReloadAssembly
- Loaded All Assemblies, in  1.357 seconds
Refreshing native plugins compatible for Editor in 2.21 ms, found 3 plugins.
Native extension for iOS target not found
Native extension for Android target not found
Native extension for WindowsStandalone target not found
Refreshing native plugins compatible for Editor in 5.18 ms, found 3 plugins.
Mono: successfully reloaded assembly
Package Manager log level set to [2]
[Package Manager] Failed to launch server process. Reason: Unity was launched with the -noUpm command-line argument
[Package Manager] Unable to send message (not connected to server process).
[Package Manager] Cannot connect to Unity Package Manager local server
[Package Manager] Failed to launch server process. Reason: Unity was launched with the -noUpm command-line argument
[Package Manager] Unable to send message (not connected to server process).
[Package Manager] Cannot connect to Unity Package Manager local server
- Finished resetting the current domain, in  1.160 seconds
Domain Reload Profiling: 2516ms
	BeginReloadAssembly (545ms)
		ExecutionOrderSort (0ms)
		DisableScriptedObjects (9ms)
		BackupInstance (0ms)
		ReleaseScriptingObjects (0ms)
		CreateAndSetChildDomain (53ms)
	RebuildCommonClasses (67ms)
	RebuildNativeTypeToScriptingClass (25ms)
	initialDomainReloadingComplete (56ms)
	LoadAllAssembliesAndSetupDomain (662ms)
		LoadAssemblies (545ms)
		RebuildTransferFunctionScriptingTraits (0ms)
		AnalyzeDomain (282ms)
			TypeCache.Refresh (224ms)
				TypeCache.ScanAssembly (199ms)
			BuildScriptInfoCaches (40ms)
			ResolveRequiredComponents (14ms)
	FinalizeReload (1160ms)
		ReleaseScriptCaches (0ms)
		RebuildScriptCaches (0ms)
		SetupLoadedEditorAssemblies (785ms)
			LogAssemblyErrors (0ms)
			InitializePlatformSupportModulesInManaged (32ms)
			SetLoadedEditorAssemblies (4ms)
			BeforeProcessingInitializeOnLoad (60ms)
			ProcessInitializeOnLoadAttributes (647ms)
			ProcessInitializeOnLoadMethodAttributes (39ms)
			AfterProcessingInitializeOnLoad (3ms)
			EditorAssembliesLoaded (0ms)
		ExecutionOrderSort2 (0ms)
		AwakeInstancesAfterBackupRestoration (12ms)
Launched and connected shader compiler UnityShaderCompiler.exe after 0.01 seconds
Refreshing native plugins compatible for Editor in 2.33 ms, found 3 plugins.
Preloading 0 native plugins for Editor in 0.00 ms.
Unloading 48 Unused Serialized files (Serialized files now loaded: 0)
Unloading 4164 unused Assets / (2.0 MB). Loaded Objects now: 4756.
Memory consumption went from 137.6 MB to 135.6 MB.
Total: 8.399600 ms (FindLiveObjects: 0.567500 ms CreateObjectMapping: 0.666400 ms MarkObjects: 5.206100 ms  DeleteObjects: 1.957200 ms)

========================================================================
Received Import Request.
  Time since last request: 22895.121192 seconds.
  path: Assets/Prefabs/WoodsLifestyle/Models/Boards/Board_01_b.fbx
  artifactKey: Guid(9e0a64f563f78524885779fff3ae64b2) Importer(815301076,1909f56bfc062723c751e8b465ee728b)
Start importing Assets/Prefabs/WoodsLifestyle/Models/Boards/Board_01_b.fbx using Guid(9e0a64f563f78524885779fff3ae64b2) Importer(815301076,1909f56bfc062723c751e8b465ee728b) (PreviewImporter) -> (artifact id: '9d4311e1c8f77c2f206d881057131bdd') in 0.3769322 seconds
Number of updated asset objects reloaded before import = 0Number of asset objects unloaded after import = 9

========================================================================
Received Import Request.
  Time since last request: 2.463600 seconds.
  path: Assets/Prefabs/WoodsLifestyle/Materials/BrownMat_03.mat
  artifactKey: Guid(777f3d28852f1aa4fb5a6cd601276e21) Importer(815301076,1909f56bfc062723c751e8b465ee728b)
Start importing Assets/Prefabs/WoodsLifestyle/Materials/BrownMat_03.mat using Guid(777f3d28852f1aa4fb5a6cd601276e21) Importer(815301076,1909f56bfc062723c751e8b465ee728b) (PreviewImporter) -> (artifact id: '08d5c800642a5bb228c22e680dbf1dd6') in 0.0730067 seconds
Number of updated asset objects reloaded before import = 0Number of asset objects unloaded after import = 1

========================================================================
Received Import Request.
  Time since last request: 0.000176 seconds.
  path: Assets/Prefabs/WoodsLifestyle/Materials/BrownMat_05.mat
  artifactKey: Guid(c5f61a88064ed1245afe16e7df6261c5) Importer(815301076,1909f56bfc062723c751e8b465ee728b)
Start importing Assets/Prefabs/WoodsLifestyle/Materials/BrownMat_05.mat using Guid(c5f61a88064ed1245afe16e7df6261c5) Importer(815301076,1909f56bfc062723c751e8b465ee728b) (PreviewImporter) -> (artifact id: '3f90cf2f770bcfca11a411d9a1b1c26f') in 0.0336194 seconds
Number of updated asset objects reloaded before import = 0Number of asset objects unloaded after import = 1

========================================================================
Received Import Request.
  Time since last request: 0.000559 seconds.
  path: Assets/Prefabs/WoodsLifestyle/Materials/BrownMat_07.mat
  artifactKey: Guid(b4322ceb7cc18cb4794814b2a5b3df1f) Importer(815301076,1909f56bfc062723c751e8b465ee728b)
Start importing Assets/Prefabs/WoodsLifestyle/Materials/BrownMat_07.mat using Guid(b4322ceb7cc18cb4794814b2a5b3df1f) Importer(815301076,1909f56bfc062723c751e8b465ee728b) (PreviewImporter) -> (artifact id: '862d2024b9207316477dc61ca30df161') in 0.0319824 seconds
Number of updated asset objects reloaded before import = 0Number of asset objects unloaded after import = 1

========================================================================
Received Import Request.
  Time since last request: 0.000053 seconds.
  path: Assets/Prefabs/WoodsLifestyle/Materials/GreyMat_01.mat
  artifactKey: Guid(ddb94a6f1ed6c8c49ab916a60ded9f0f) Importer(815301076,1909f56bfc062723c751e8b465ee728b)
Start importing Assets/Prefabs/WoodsLifestyle/Materials/GreyMat_01.mat using Guid(ddb94a6f1ed6c8c49ab916a60ded9f0f) Importer(815301076,1909f56bfc062723c751e8b465ee728b) (PreviewImporter) -> (artifact id: '81e4c52417d933c2a2f7801db8daa114') in 0.0371426 seconds
Number of updated asset objects reloaded before import = 0Number of asset objects unloaded after import = 1

========================================================================
Received Import Request.
  Time since last request: 0.000254 seconds.
  path: Assets/Prefabs/WoodsLifestyle/Materials/BrownMat_04.mat
  artifactKey: Guid(481526a4713a8e64e8cfb96472ff8c41) Importer(815301076,1909f56bfc062723c751e8b465ee728b)
Start importing Assets/Prefabs/WoodsLifestyle/Materials/BrownMat_04.mat using Guid(481526a4713a8e64e8cfb96472ff8c41) Importer(815301076,1909f56bfc062723c751e8b465ee728b) (PreviewImporter) -> (artifact id: 'f118ae81f4d6dc48ca3574abb73947d7') in 0.0253984 seconds
Number of updated asset objects reloaded before import = 0Number of asset objects unloaded after import = 1

========================================================================
Received Import Request.
  Time since last request: 2.073215 seconds.
  path: Assets/Prefabs/WoodsLifestyle/Models/Fences/Fence_Closed_03.FBX
  artifactKey: Guid(0772100964bc9cf4c98fdd1ed6381d59) Importer(815301076,1909f56bfc062723c751e8b465ee728b)
Start importing Assets/Prefabs/WoodsLifestyle/Models/Fences/Fence_Closed_03.FBX using Guid(0772100964bc9cf4c98fdd1ed6381d59) Importer(815301076,1909f56bfc062723c751e8b465ee728b) (PreviewImporter) -> (artifact id: '649ee450358ebc6f83151788a5899aa7') in 0.0435312 seconds
Number of updated asset objects reloaded before import = 0Number of asset objects unloaded after import = 10

========================================================================
Received Import Request.
  Time since last request: 0.000026 seconds.
  path: Assets/Prefabs/WoodsLifestyle/Models/Fences/Fence_Open_01.FBX
  artifactKey: Guid(11c8be84dc5a2474e8002920654e25c2) Importer(815301076,1909f56bfc062723c751e8b465ee728b)
Start importing Assets/Prefabs/WoodsLifestyle/Models/Fences/Fence_Open_01.FBX using Guid(11c8be84dc5a2474e8002920654e25c2) Importer(815301076,1909f56bfc062723c751e8b465ee728b) (PreviewImporter) -> (artifact id: 'f06155ac875669565ec40f0e90c2b572') in 0.0479155 seconds
Number of updated asset objects reloaded before import = 0Number of asset objects unloaded after import = 10

========================================================================
Received Import Request.
  Time since last request: 0.000072 seconds.
  path: Assets/Prefabs/WoodsLifestyle/Models/Fences/Fence_Full_02.FBX
  artifactKey: Guid(2775eeec06ff43745887765f0b58d73a) Importer(815301076,1909f56bfc062723c751e8b465ee728b)
Start importing Assets/Prefabs/WoodsLifestyle/Models/Fences/Fence_Full_02.FBX using Guid(2775eeec06ff43745887765f0b58d73a) Importer(815301076,1909f56bfc062723c751e8b465ee728b) (PreviewImporter) -> (artifact id: 'deea2e82b0e73b08079f31400023c796') in 0.0386712 seconds
Number of updated asset objects reloaded before import = 0Number of asset objects unloaded after import = 8

========================================================================
Received Import Request.
  Time since last request: 0.000036 seconds.
  path: Assets/Prefabs/WoodsLifestyle/Models/Fences/Fence_Closed_08.FBX
  artifactKey: Guid(f01f8c7a7ce3d3540bcd89366f65225b) Importer(815301076,1909f56bfc062723c751e8b465ee728b)
Start importing Assets/Prefabs/WoodsLifestyle/Models/Fences/Fence_Closed_08.FBX using Guid(f01f8c7a7ce3d3540bcd89366f65225b) Importer(815301076,1909f56bfc062723c751e8b465ee728b) (PreviewImporter) -> (artifact id: '30527bfa118dc08fa7c234c5d5b28fef') in 0.0363949 seconds
Number of updated asset objects reloaded before import = 0Number of asset objects unloaded after import = 8

========================================================================
Received Import Request.
  Time since last request: 0.000043 seconds.
  path: Assets/Prefabs/WoodsLifestyle/Models/Fences/Fence_Closed_06.FBX
  artifactKey: Guid(eff2ff8331b711943a56384beb27bc73) Importer(815301076,1909f56bfc062723c751e8b465ee728b)
Start importing Assets/Prefabs/WoodsLifestyle/Models/Fences/Fence_Closed_06.FBX using Guid(eff2ff8331b711943a56384beb27bc73) Importer(815301076,1909f56bfc062723c751e8b465ee728b) (PreviewImporter) -> (artifact id: 'ddf0e56fd9e4d4990573056853199cb1') in 0.0345504 seconds
Number of updated asset objects reloaded before import = 0Number of asset objects unloaded after import = 10

========================================================================
Received Import Request.
  Time since last request: 0.000033 seconds.
  path: Assets/Prefabs/WoodsLifestyle/Models/Fences/Fence_Open_02.FBX
  artifactKey: Guid(b2cabdcda40f62543b9e44cbca62dea3) Importer(815301076,1909f56bfc062723c751e8b465ee728b)
Start importing Assets/Prefabs/WoodsLifestyle/Models/Fences/Fence_Open_02.FBX using Guid(b2cabdcda40f62543b9e44cbca62dea3) Importer(815301076,1909f56bfc062723c751e8b465ee728b) (PreviewImporter) -> (artifact id: '94dc27716e0b62f35abec284a1b238fc') in 0.0366785 seconds
Number of updated asset objects reloaded before import = 0Number of asset objects unloaded after import = 10

========================================================================
Received Import Request.
  Time since last request: 0.000067 seconds.
  path: Assets/Prefabs/WoodsLifestyle/Models/Fences/Fence_Open_03.FBX
  artifactKey: Guid(5a97a64aa03f80641b787ad438e5ed67) Importer(815301076,1909f56bfc062723c751e8b465ee728b)
Start importing Assets/Prefabs/WoodsLifestyle/Models/Fences/Fence_Open_03.FBX using Guid(5a97a64aa03f80641b787ad438e5ed67) Importer(815301076,1909f56bfc062723c751e8b465ee728b) (PreviewImporter) -> (artifact id: '940d7d9141b473dbad96220563139304') in 0.039397 seconds
Number of updated asset objects reloaded before import = 0Number of asset objects unloaded after import = 10

========================================================================
Received Import Request.
  Time since last request: 0.000024 seconds.
  path: Assets/Prefabs/WoodsLifestyle/Models/Fences/Fence_Full_03.FBX
  artifactKey: Guid(c3798f1d16e8a0b479e1aeafa4f56c86) Importer(815301076,1909f56bfc062723c751e8b465ee728b)
Start importing Assets/Prefabs/WoodsLifestyle/Models/Fences/Fence_Full_03.FBX using Guid(c3798f1d16e8a0b479e1aeafa4f56c86) Importer(815301076,1909f56bfc062723c751e8b465ee728b) (PreviewImporter) -> (artifact id: 'ca5443e2ba8698e1ad4c6864f21bad5b') in 0.0309372 seconds
Number of updated asset objects reloaded before import = 0Number of asset objects unloaded after import = 8

========================================================================
Received Import Request.
  Time since last request: 3.074577 seconds.
  path: Assets/Prefabs/WoodsLifestyle/Models/Logs_Wood/LogHeap_01_a.fbx
  artifactKey: Guid(76b05828dbaaacc48bc2fdc16213fb4c) Importer(815301076,1909f56bfc062723c751e8b465ee728b)
Start importing Assets/Prefabs/WoodsLifestyle/Models/Logs_Wood/LogHeap_01_a.fbx using Guid(76b05828dbaaacc48bc2fdc16213fb4c) Importer(815301076,1909f56bfc062723c751e8b465ee728b) (PreviewImporter) -> (artifact id: '8bcb7344116f0d05e76faeae86783d6a') in 0.069706 seconds
Number of updated asset objects reloaded before import = 0Number of asset objects unloaded after import = 9

========================================================================
Received Import Request.
  Time since last request: 0.000048 seconds.
  path: Assets/Prefabs/WoodsLifestyle/Models/Logs_Wood/LogHeap_02_b.fbx
  artifactKey: Guid(43507009ef08f1f42aa8545e7c1b9277) Importer(815301076,1909f56bfc062723c751e8b465ee728b)
Start importing Assets/Prefabs/WoodsLifestyle/Models/Logs_Wood/LogHeap_02_b.fbx using Guid(43507009ef08f1f42aa8545e7c1b9277) Importer(815301076,1909f56bfc062723c751e8b465ee728b) (PreviewImporter) -> (artifact id: '90ba7453013562ffa6a50772c39fb432') in 0.0649179 seconds
Number of updated asset objects reloaded before import = 0Number of asset objects unloaded after import = 9

========================================================================
Received Import Request.
  Time since last request: 2.983444 seconds.
  path: Assets/Prefabs/WoodsLifestyle/Models/Props/Exterior/SignPost_01_a.fbx
  artifactKey: Guid(ebc2d9f1f3db66a41a7497423e6ac6d0) Importer(815301076,1909f56bfc062723c751e8b465ee728b)
Start importing Assets/Prefabs/WoodsLifestyle/Models/Props/Exterior/SignPost_01_a.fbx using Guid(ebc2d9f1f3db66a41a7497423e6ac6d0) Importer(815301076,1909f56bfc062723c751e8b465ee728b) (PreviewImporter) -> (artifact id: 'f7a67ce1194d49958c1943476e76f4da') in 0.0794642 seconds
Number of updated asset objects reloaded before import = 0Number of asset objects unloaded after import = 9

========================================================================
Received Import Request.
  Time since last request: 0.000029 seconds.
  path: Assets/Prefabs/WoodsLifestyle/Models/Props/Exterior/Stand_03_a.fbx
  artifactKey: Guid(dfbb61c98a77f8644a7015970fd8f4c0) Importer(815301076,1909f56bfc062723c751e8b465ee728b)
Start importing Assets/Prefabs/WoodsLifestyle/Models/Props/Exterior/Stand_03_a.fbx using Guid(dfbb61c98a77f8644a7015970fd8f4c0) Importer(815301076,1909f56bfc062723c751e8b465ee728b) (PreviewImporter) -> (artifact id: '2a9751aa9a265695960362a61eab0878') in 0.0770802 seconds
Number of updated asset objects reloaded before import = 0Number of asset objects unloaded after import = 9

========================================================================
Received Import Request.
  Time since last request: 0.000043 seconds.
  path: Assets/Prefabs/WoodsLifestyle/Models/Props/Exterior/Stand_01.fbx
  artifactKey: Guid(f0b6cddeeb09c5648a1bfcf3e2ff42f2) Importer(815301076,1909f56bfc062723c751e8b465ee728b)
Start importing Assets/Prefabs/WoodsLifestyle/Models/Props/Exterior/Stand_01.fbx using Guid(f0b6cddeeb09c5648a1bfcf3e2ff42f2) Importer(815301076,1909f56bfc062723c751e8b465ee728b) (PreviewImporter) -> (artifact id: 'e920bc5c215ee7f3a38ed3dce27f0193') in 0.0617609 seconds
Number of updated asset objects reloaded before import = 0Number of asset objects unloaded after import = 9

========================================================================
Received Import Request.
  Time since last request: 4.737583 seconds.
  path: Assets/Prefabs/WoodsLifestyle/Models/Props/Furniture/Cabinet_01.fbx
  artifactKey: Guid(d5e5da9387766314d9bd43e7858aee61) Importer(815301076,1909f56bfc062723c751e8b465ee728b)
Start importing Assets/Prefabs/WoodsLifestyle/Models/Props/Furniture/Cabinet_01.fbx using Guid(d5e5da9387766314d9bd43e7858aee61) Importer(815301076,1909f56bfc062723c751e8b465ee728b) (PreviewImporter) -> (artifact id: '83230db82729a27645e8bc97812f50ea') in 0.0697362 seconds
Number of updated asset objects reloaded before import = 0Number of asset objects unloaded after import = 9

========================================================================
Received Import Request.
  Time since last request: 0.000232 seconds.
  path: Assets/Prefabs/WoodsLifestyle/Models/Props/Furniture/Table_02_b.fbx
  artifactKey: Guid(18d7666da45eabc44884a8396052633a) Importer(815301076,1909f56bfc062723c751e8b465ee728b)
Start importing Assets/Prefabs/WoodsLifestyle/Models/Props/Furniture/Table_02_b.fbx using Guid(18d7666da45eabc44884a8396052633a) Importer(815301076,1909f56bfc062723c751e8b465ee728b) (PreviewImporter) -> (artifact id: '5bf42a22f8c65e3968b727c96f2699fb') in 0.0842969 seconds
Number of updated asset objects reloaded before import = 0Number of asset objects unloaded after import = 9

========================================================================
Received Import Request.
  Time since last request: 0.000022 seconds.
  path: Assets/Prefabs/WoodsLifestyle/Models/Props/Furniture/KitchenTable_01.fbx
  artifactKey: Guid(5171f178c01c46f48a6da7a86867c4fe) Importer(815301076,1909f56bfc062723c751e8b465ee728b)
Start importing Assets/Prefabs/WoodsLifestyle/Models/Props/Furniture/KitchenTable_01.fbx using Guid(5171f178c01c46f48a6da7a86867c4fe) Importer(815301076,1909f56bfc062723c751e8b465ee728b) (PreviewImporter) -> (artifact id: '9054b52fdfaa8a3af72d90d2fcfe7c6a') in 0.0610184 seconds
Number of updated asset objects reloaded before import = 0Number of asset objects unloaded after import = 9

========================================================================
Received Import Request.
  Time since last request: 0.000038 seconds.
  path: Assets/Prefabs/WoodsLifestyle/Models/Props/Furniture/WallShelf_02.fbx
  artifactKey: Guid(9b5396b6f1274d744ab34774e50137c3) Importer(815301076,1909f56bfc062723c751e8b465ee728b)
Start importing Assets/Prefabs/WoodsLifestyle/Models/Props/Furniture/WallShelf_02.fbx using Guid(9b5396b6f1274d744ab34774e50137c3) Importer(815301076,1909f56bfc062723c751e8b465ee728b) (PreviewImporter) -> (artifact id: '2d6e0f134079d78ec4875e30226f72eb') in 0.0694167 seconds
Number of updated asset objects reloaded before import = 0Number of asset objects unloaded after import = 9

========================================================================
Received Import Request.
  Time since last request: 0.000036 seconds.
  path: Assets/Prefabs/WoodsLifestyle/Models/Props/Furniture/Table_03.fbx
  artifactKey: Guid(547596d8e90fbca449aa0430f7f80941) Importer(815301076,1909f56bfc062723c751e8b465ee728b)
Start importing Assets/Prefabs/WoodsLifestyle/Models/Props/Furniture/Table_03.fbx using Guid(547596d8e90fbca449aa0430f7f80941) Importer(815301076,1909f56bfc062723c751e8b465ee728b) (PreviewImporter) -> (artifact id: 'debba22ef4f463d0d1d8b7fabd63148a') in 0.0580595 seconds
Number of updated asset objects reloaded before import = 0Number of asset objects unloaded after import = 9

========================================================================
Received Import Request.
  Time since last request: 6.993420 seconds.
  path: Assets/Prefabs/WoodsLifestyle/Models/Props/Interior/Book_01_d.fbx
  artifactKey: Guid(29b5e1eb1d6d3ee47a189c692178eab3) Importer(815301076,1909f56bfc062723c751e8b465ee728b)
Start importing Assets/Prefabs/WoodsLifestyle/Models/Props/Interior/Book_01_d.fbx using Guid(29b5e1eb1d6d3ee47a189c692178eab3) Importer(815301076,1909f56bfc062723c751e8b465ee728b) (PreviewImporter) -> (artifact id: 'b0078abb1b5833a39c8147b18c20a96a') in 0.0743153 seconds
Number of updated asset objects reloaded before import = 0Number of asset objects unloaded after import = 9

========================================================================
Received Import Request.
  Time since last request: 0.000046 seconds.
  path: Assets/Prefabs/WoodsLifestyle/Models/Props/Interior/WallLight_02.fbx
  artifactKey: Guid(56cfb45452052b94da3586836eb64dff) Importer(815301076,1909f56bfc062723c751e8b465ee728b)
Start importing Assets/Prefabs/WoodsLifestyle/Models/Props/Interior/WallLight_02.fbx using Guid(56cfb45452052b94da3586836eb64dff) Importer(815301076,1909f56bfc062723c751e8b465ee728b) (PreviewImporter) -> (artifact id: '0d8ce1a63a8bce6bb07e6038edb34768') in 0.0696637 seconds
Number of updated asset objects reloaded before import = 0Number of asset objects unloaded after import = 9

========================================================================
Received Import Request.
  Time since last request: 0.000020 seconds.
  path: Assets/Prefabs/WoodsLifestyle/Models/Props/Interior/Book_02_d.fbx
  artifactKey: Guid(4617c10bf69426d4aba6acfb4b3bfc84) Importer(815301076,1909f56bfc062723c751e8b465ee728b)
Start importing Assets/Prefabs/WoodsLifestyle/Models/Props/Interior/Book_02_d.fbx using Guid(4617c10bf69426d4aba6acfb4b3bfc84) Importer(815301076,1909f56bfc062723c751e8b465ee728b) (PreviewImporter) -> (artifact id: 'cb4dfc09cc2ba66668d545d0e32d055c') in 0.0741117 seconds
Number of updated asset objects reloaded before import = 0Number of asset objects unloaded after import = 9

========================================================================
Received Import Request.
  Time since last request: 0.000034 seconds.
  path: Assets/Prefabs/WoodsLifestyle/Models/Props/Interior/BookOpen_01_b.fbx
  artifactKey: Guid(07d3790148a41e146b1d676151ef44ed) Importer(815301076,1909f56bfc062723c751e8b465ee728b)
Start importing Assets/Prefabs/WoodsLifestyle/Models/Props/Interior/BookOpen_01_b.fbx using Guid(07d3790148a41e146b1d676151ef44ed) Importer(815301076,1909f56bfc062723c751e8b465ee728b) (PreviewImporter) -> (artifact id: '288474f0554a8021cbbd95db9d74ecee') in 0.0756737 seconds
Number of updated asset objects reloaded before import = 0Number of asset objects unloaded after import = 9

========================================================================
Received Import Request.
  Time since last request: 0.000098 seconds.
  path: Assets/Prefabs/WoodsLifestyle/Models/Props/Interior/Candle_02_b.fbx
  artifactKey: Guid(0251b50cfad7858429a27ea4d41e5433) Importer(815301076,1909f56bfc062723c751e8b465ee728b)
Start importing Assets/Prefabs/WoodsLifestyle/Models/Props/Interior/Candle_02_b.fbx using Guid(0251b50cfad7858429a27ea4d41e5433) Importer(815301076,1909f56bfc062723c751e8b465ee728b) (PreviewImporter) -> (artifact id: 'cce1d8bc5472980d95df0d8576b10329') in 0.0805013 seconds
Number of updated asset objects reloaded before import = 0Number of asset objects unloaded after import = 9

========================================================================
Received Import Request.
  Time since last request: 0.000022 seconds.
  path: Assets/Prefabs/WoodsLifestyle/Models/Props/Interior/Book_02_a.fbx
  artifactKey: Guid(afa24582f04f08240819d0d04afe12a5) Importer(815301076,1909f56bfc062723c751e8b465ee728b)
Start importing Assets/Prefabs/WoodsLifestyle/Models/Props/Interior/Book_02_a.fbx using Guid(afa24582f04f08240819d0d04afe12a5) Importer(815301076,1909f56bfc062723c751e8b465ee728b) (PreviewImporter) -> (artifact id: '6502a831397cd039ac7a1b6e1c5f6d74') in 0.0666023 seconds
Number of updated asset objects reloaded before import = 0Number of asset objects unloaded after import = 9

========================================================================
Received Import Request.
  Time since last request: 0.000029 seconds.
  path: Assets/Prefabs/WoodsLifestyle/Models/Props/Interior/Candle_03_b.fbx
  artifactKey: Guid(5cb7960bb9111b849b0f2ee026f127da) Importer(815301076,1909f56bfc062723c751e8b465ee728b)
Start importing Assets/Prefabs/WoodsLifestyle/Models/Props/Interior/Candle_03_b.fbx using Guid(5cb7960bb9111b849b0f2ee026f127da) Importer(815301076,1909f56bfc062723c751e8b465ee728b) (PreviewImporter) -> (artifact id: '63e8279048de6995d68dc4e31f38356a') in 0.0759485 seconds
Number of updated asset objects reloaded before import = 0Number of asset objects unloaded after import = 9

========================================================================
Received Import Request.
  Time since last request: 0.000023 seconds.
  path: Assets/Prefabs/WoodsLifestyle/Models/Props/Interior/Lamp_01_b.fbx
  artifactKey: Guid(de0b047cd0dabf84f9dfa505bfa0b1bf) Importer(815301076,1909f56bfc062723c751e8b465ee728b)
Start importing Assets/Prefabs/WoodsLifestyle/Models/Props/Interior/Lamp_01_b.fbx using Guid(de0b047cd0dabf84f9dfa505bfa0b1bf) Importer(815301076,1909f56bfc062723c751e8b465ee728b) (PreviewImporter) -> (artifact id: '37f7b4d479ec7fc63bb7fb49fb2ff439') in 0.0719321 seconds
Number of updated asset objects reloaded before import = 0Number of asset objects unloaded after import = 9

========================================================================
Received Import Request.
  Time since last request: 0.000031 seconds.
  path: Assets/Prefabs/WoodsLifestyle/Models/Props/Interior/BookOpen_01_d.fbx
  artifactKey: Guid(3905a92bfb29f4740a5adf0a829a2c6c) Importer(815301076,1909f56bfc062723c751e8b465ee728b)
Start importing Assets/Prefabs/WoodsLifestyle/Models/Props/Interior/BookOpen_01_d.fbx using Guid(3905a92bfb29f4740a5adf0a829a2c6c) Importer(815301076,1909f56bfc062723c751e8b465ee728b) (PreviewImporter) -> (artifact id: 'ae035c5a848593c42115caae77c8b30e') in 0.0712863 seconds
Number of updated asset objects reloaded before import = 0Number of asset objects unloaded after import = 9

========================================================================
Received Import Request.
  Time since last request: 0.000068 seconds.
  path: Assets/Prefabs/WoodsLifestyle/Models/Props/Interior/Candle_02_d.fbx
  artifactKey: Guid(40075346ee08ce549918a0f1bf841d66) Importer(815301076,1909f56bfc062723c751e8b465ee728b)
Start importing Assets/Prefabs/WoodsLifestyle/Models/Props/Interior/Candle_02_d.fbx using Guid(40075346ee08ce549918a0f1bf841d66) Importer(815301076,1909f56bfc062723c751e8b465ee728b) (PreviewImporter) -> (artifact id: '9dfaad40ba8ad9919961251845e02aae') in 0.0565254 seconds
Number of updated asset objects reloaded before import = 0Number of asset objects unloaded after import = 9

========================================================================
Received Import Request.
  Time since last request: 4.592204 seconds.
  path: Assets/Prefabs/WoodsLifestyle/Models/Props/Water/RowBoat_01_a.fbx
  artifactKey: Guid(5f045241788ff2e4994480cb915db7ae) Importer(815301076,1909f56bfc062723c751e8b465ee728b)
Start importing Assets/Prefabs/WoodsLifestyle/Models/Props/Water/RowBoat_01_a.fbx using Guid(5f045241788ff2e4994480cb915db7ae) Importer(815301076,1909f56bfc062723c751e8b465ee728b) (PreviewImporter) -> (artifact id: '32ef6dc71acf20722d38083f8026bf38') in 0.0755856 seconds
Number of updated asset objects reloaded before import = 0Number of asset objects unloaded after import = 9

========================================================================
Received Import Request.
  Time since last request: 0.000082 seconds.
  path: Assets/Prefabs/WoodsLifestyle/Models/Props/Water/RowBoat_01_c.fbx
  artifactKey: Guid(1821591f14bb859438b6125443c97687) Importer(815301076,1909f56bfc062723c751e8b465ee728b)
Start importing Assets/Prefabs/WoodsLifestyle/Models/Props/Water/RowBoat_01_c.fbx using Guid(1821591f14bb859438b6125443c97687) Importer(815301076,1909f56bfc062723c751e8b465ee728b) (PreviewImporter) -> (artifact id: 'b65e2d0426e9f56aa46f4a409db05f2e') in 0.0611826 seconds
Number of updated asset objects reloaded before import = 0Number of asset objects unloaded after import = 9

========================================================================
Received Import Request.
  Time since last request: 2.308170 seconds.
  path: Assets/Prefabs/WoodsLifestyle/Models/Props/WaterTowers/WaterTenk_01.fbx
  artifactKey: Guid(797e7547c51d24544b6721713db999ce) Importer(815301076,1909f56bfc062723c751e8b465ee728b)
Start importing Assets/Prefabs/WoodsLifestyle/Models/Props/WaterTowers/WaterTenk_01.fbx using Guid(797e7547c51d24544b6721713db999ce) Importer(815301076,1909f56bfc062723c751e8b465ee728b) (PreviewImporter) -> (artifact id: '063c0d2be0ab8911dad5a89b99a75f11') in 0.0956926 seconds
Number of updated asset objects reloaded before import = 0Number of asset objects unloaded after import = 9

========================================================================
Received Import Request.
  Time since last request: 0.006713 seconds.
  path: Assets/Prefabs/WoodsLifestyle/Models/Props/WaterTowers/WaterTenk_03.fbx
  artifactKey: Guid(82dc0d50b12d2ca4fb9b6cfb711ee411) Importer(815301076,1909f56bfc062723c751e8b465ee728b)
Start importing Assets/Prefabs/WoodsLifestyle/Models/Props/WaterTowers/WaterTenk_03.fbx using Guid(82dc0d50b12d2ca4fb9b6cfb711ee411) Importer(815301076,1909f56bfc062723c751e8b465ee728b) (PreviewImporter) -> (artifact id: '2b3cf987b9869f000dc95bf4a24a562b') in 0.0548921 seconds
Number of updated asset objects reloaded before import = 0Number of asset objects unloaded after import = 9

========================================================================
Received Import Request.
  Time since last request: 111.367644 seconds.
  path: Assets/Prefabs/WoodsLifestyle/Models/Props/General/Boiler_01.fbx
  artifactKey: Guid(5a168f658266e8b458394ef400fedb35) Importer(815301076,1909f56bfc062723c751e8b465ee728b)
Start importing Assets/Prefabs/WoodsLifestyle/Models/Props/General/Boiler_01.fbx using Guid(5a168f658266e8b458394ef400fedb35) Importer(815301076,1909f56bfc062723c751e8b465ee728b) (PreviewImporter) -> (artifact id: '5c3e6e5c6358550cddfd16c7083326fb') in 0.0684055 seconds
Number of updated asset objects reloaded before import = 0Number of asset objects unloaded after import = 9

========================================================================
Received Import Request.
  Time since last request: 0.000022 seconds.
  path: Assets/Prefabs/WoodsLifestyle/Models/Props/General/Bucket_01_b.fbx
  artifactKey: Guid(947d9556d6c22274089b048e993a1f98) Importer(815301076,1909f56bfc062723c751e8b465ee728b)
Start importing Assets/Prefabs/WoodsLifestyle/Models/Props/General/Bucket_01_b.fbx using Guid(947d9556d6c22274089b048e993a1f98) Importer(815301076,1909f56bfc062723c751e8b465ee728b) (PreviewImporter) -> (artifact id: 'd1c853300b2f6dd7ee390ed12d56da4a') in 0.0659947 seconds
Number of updated asset objects reloaded before import = 0Number of asset objects unloaded after import = 9

========================================================================
Received Import Request.
  Time since last request: 0.000043 seconds.
  path: Assets/Prefabs/WoodsLifestyle/Models/Props/General/BucketSand.fbx
  artifactKey: Guid(1cc05cf45c251ef4a9841b092c4d79b5) Importer(815301076,1909f56bfc062723c751e8b465ee728b)
Start importing Assets/Prefabs/WoodsLifestyle/Models/Props/General/BucketSand.fbx using Guid(1cc05cf45c251ef4a9841b092c4d79b5) Importer(815301076,1909f56bfc062723c751e8b465ee728b) (PreviewImporter) -> (artifact id: '21490e656d58b5b085de51c2ec879f7f') in 0.053966 seconds
Number of updated asset objects reloaded before import = 0Number of asset objects unloaded after import = 9

========================================================================
Received Import Request.
  Time since last request: 0.000080 seconds.
  path: Assets/Prefabs/WoodsLifestyle/Models/Props/General/Box_01_c.fbx
  artifactKey: Guid(8e590fbcd55ca134281e807451d0c952) Importer(815301076,1909f56bfc062723c751e8b465ee728b)
Start importing Assets/Prefabs/WoodsLifestyle/Models/Props/General/Box_01_c.fbx using Guid(8e590fbcd55ca134281e807451d0c952) Importer(815301076,1909f56bfc062723c751e8b465ee728b) (PreviewImporter) -> (artifact id: '5cfe4e660ed2e2c261077a09abcce4b7') in 0.0561959 seconds
Number of updated asset objects reloaded before import = 0Number of asset objects unloaded after import = 9

========================================================================
Received Import Request.
  Time since last request: 0.000018 seconds.
  path: Assets/Prefabs/WoodsLifestyle/Models/Props/General/CookingStand_01.fbx
  artifactKey: Guid(47718eec2678c824b8f4fce1c2d7be4d) Importer(815301076,1909f56bfc062723c751e8b465ee728b)
Start importing Assets/Prefabs/WoodsLifestyle/Models/Props/General/CookingStand_01.fbx using Guid(47718eec2678c824b8f4fce1c2d7be4d) Importer(815301076,1909f56bfc062723c751e8b465ee728b) (PreviewImporter) -> (artifact id: 'dc7989ef69c01390526273dececffc44') in 0.0661934 seconds
Number of updated asset objects reloaded before import = 0Number of asset objects unloaded after import = 9

Editor requested this worker to shutdown with reason: Scaling down because of idle timeout
AssetImportWorker is now disconnected from the server
Process exiting
Exiting without the bug reporter. Application will terminate with return code 0