Using pre-set license
Built from '2023.2/staging' branch; Version is '2023.2.16f1 (7f45223012db) revision 8340770'; Using compiler version '193431935'; Build Type 'Release'
OS: 'Windows 11  (10.0.22631) 64bit CoreSingleLanguage' Language: 'en' Physical Memory: 16219 MB
BatchMode: 1, IsHumanControllingUs: 0, StartBugReporterOnCrash: 0, Is64bit: 1, IsPro: 1

COMMAND LINE ARGUMENTS:
S:\Unity Editor\2023.2.16f1\Editor\Unity.exe
-adb2
-batchMode
-noUpm
-name
AssetImportWorker12
-projectPath
S:/Unity/GDAPDEV MP
-logFile
Logs/AssetImportWorker12.log
-srvPort
52178
-job-worker-count
7
-background-job-worker-count
8
-asset-garbage-collectors
1
Successfully changed project path to: S:/Unity/GDAPDEV MP
S:/Unity/GDAPDEV MP
[UnityMemory] Configuration Parameters - Can be set up in boot.config
    "memorysetup-bucket-allocator-granularity=16"
    "memorysetup-bucket-allocator-bucket-count=8"
    "memorysetup-bucket-allocator-block-size=33554432"
    "memorysetup-bucket-allocator-block-count=8"
    "memorysetup-main-allocator-block-size=16777216"
    "memorysetup-thread-allocator-block-size=16777216"
    "memorysetup-gfx-main-allocator-block-size=16777216"
    "memorysetup-gfx-thread-allocator-block-size=16777216"
    "memorysetup-cache-allocator-block-size=4194304"
    "memorysetup-typetree-allocator-block-size=2097152"
    "memorysetup-profiler-bucket-allocator-granularity=16"
    "memorysetup-profiler-bucket-allocator-bucket-count=8"
    "memorysetup-profiler-bucket-allocator-block-size=33554432"
    "memorysetup-profiler-bucket-allocator-block-count=8"
    "memorysetup-profiler-allocator-block-size=16777216"
    "memorysetup-profiler-editor-allocator-block-size=1048576"
    "memorysetup-temp-allocator-size-main=16777216"
    "memorysetup-job-temp-allocator-block-size=2097152"
    "memorysetup-job-temp-allocator-block-size-background=1048576"
    "memorysetup-job-temp-allocator-reduction-small-platforms=262144"
    "memorysetup-allocator-temp-initial-block-size-main=262144"
    "memorysetup-allocator-temp-initial-block-size-worker=262144"
    "memorysetup-temp-allocator-size-background-worker=32768"
    "memorysetup-temp-allocator-size-job-worker=262144"
    "memorysetup-temp-allocator-size-preload-manager=33554432"
    "memorysetup-temp-allocator-size-nav-mesh-worker=65536"
    "memorysetup-temp-allocator-size-audio-worker=65536"
    "memorysetup-temp-allocator-size-cloud-worker=32768"
    "memorysetup-temp-allocator-size-gi-baking-worker=262144"
    "memorysetup-temp-allocator-size-gi-baking-worker=262144"
    "memorysetup-temp-allocator-size-gi-baking-worker=262144"
    "memorysetup-temp-allocator-size-gi-baking-worker=262144"
    "memorysetup-temp-allocator-size-gfx=262144"
Player connection [25056] Host "[IP] 192.168.1.4 [Port] 0 [Flags] 2 [Guid] 3015657705 [EditorId] 3015657705 [Version] 1048832 [Id] WindowsEditor(7,LAPTOP-1MODOC2S) [Debug] 1 [PackageName] WindowsEditor [ProjectName] Editor" joined multi-casting on [225.0.0.222:54997]...
Player connection [25056] Host "[IP] 192.168.1.4 [Port] 0 [Flags] 2 [Guid] 3015657705 [EditorId] 3015657705 [Version] 1048832 [Id] WindowsEditor(7,LAPTOP-1MODOC2S) [Debug] 1 [PackageName] WindowsEditor [ProjectName] Editor" joined alternative multi-casting on [225.0.0.222:34997]...
JobSystem: Creating JobQueue using job-worker-count value 7
[Physics::Module] Initialized MultithreadedJobDispatcher with 7 workers.
Library Redirect Path: Library/
Refreshing native plugins compatible for Editor in 2.73 ms, found 3 plugins.
Preloading 0 native plugins for Editor in 0.00 ms.
Initialize engine version: 2023.2.16f1 (7f45223012db)
[Subsystems] Discovering subsystems at path S:/Unity Editor/2023.2.16f1/Editor/Data/Resources/UnitySubsystems
[Subsystems] Discovering subsystems at path S:/Unity/GDAPDEV MP/Assets
GfxDevice: creating device client; kGfxThreadingModeNonThreaded
Direct3D:
    Version:  Direct3D 11.0 [level 11.1]
    Renderer: NVIDIA GeForce GTX 1650 Ti (ID=0x1f95)
    Vendor:   NVIDIA
    VRAM:     3935 MB
    Driver:   32.0.15.5585
Initialize mono
Mono path[0] = 'S:/Unity Editor/2023.2.16f1/Editor/Data/Managed'
Mono path[1] = 'S:/Unity Editor/2023.2.16f1/Editor/Data/MonoBleedingEdge/lib/mono/unityjit-win32'
Mono config path = 'S:/Unity Editor/2023.2.16f1/Editor/Data/MonoBleedingEdge/etc'
Using monoOptions --debugger-agent=transport=dt_socket,embedding=1,server=y,suspend=n,address=127.0.0.1:56640
Begin MonoManager ReloadAssembly
Registering precompiled unity dll's ...
Register platform support module: S:/Unity Editor/2023.2.16f1/Editor/Data/PlaybackEngines/WindowsStandaloneSupport/UnityEditor.WindowsStandalone.Extensions.dll
Register platform support module: S:/Unity Editor/2023.2.16f1/Editor/Data/PlaybackEngines/AndroidPlayer/UnityEditor.Android.Extensions.dll
Register platform support module: S:/Unity Editor/2023.2.16f1/Editor/Data/PlaybackEngines/iOSSupport/UnityEditor.iOS.Extensions.dll
Registered in 0.003868 seconds.
- Loaded All Assemblies, in  0.677 seconds
Native extension for iOS target not found
Native extension for Android target not found
Android Extension - Scanning For ADB Devices 422 ms
Native extension for WindowsStandalone target not found
Mono: successfully reloaded assembly
- Finished resetting the current domain, in  1.088 seconds
Domain Reload Profiling: 1764ms
	BeginReloadAssembly (278ms)
		ExecutionOrderSort (0ms)
		DisableScriptedObjects (0ms)
		BackupInstance (0ms)
		ReleaseScriptingObjects (0ms)
		CreateAndSetChildDomain (6ms)
	RebuildCommonClasses (50ms)
	RebuildNativeTypeToScriptingClass (21ms)
	initialDomainReloadingComplete (69ms)
	LoadAllAssembliesAndSetupDomain (259ms)
		LoadAssemblies (270ms)
		RebuildTransferFunctionScriptingTraits (0ms)
		AnalyzeDomain (256ms)
			TypeCache.Refresh (255ms)
				TypeCache.ScanAssembly (234ms)
			BuildScriptInfoCaches (0ms)
			ResolveRequiredComponents (0ms)
	FinalizeReload (1088ms)
		ReleaseScriptCaches (0ms)
		RebuildScriptCaches (0ms)
		SetupLoadedEditorAssemblies (1003ms)
			LogAssemblyErrors (0ms)
			InitializePlatformSupportModulesInManaged (591ms)
			SetLoadedEditorAssemblies (5ms)
			BeforeProcessingInitializeOnLoad (12ms)
			ProcessInitializeOnLoadAttributes (292ms)
			ProcessInitializeOnLoadMethodAttributes (101ms)
			AfterProcessingInitializeOnLoad (1ms)
			EditorAssembliesLoaded (1ms)
		ExecutionOrderSort2 (0ms)
		AwakeInstancesAfterBackupRestoration (0ms)
========================================================================
Worker process is ready to serve import requests
Import Worker Mode flag is 0x00
Begin MonoManager ReloadAssembly
- Loaded All Assemblies, in  1.340 seconds
Refreshing native plugins compatible for Editor in 2.89 ms, found 3 plugins.
Native extension for iOS target not found
Native extension for Android target not found
Native extension for WindowsStandalone target not found
Refreshing native plugins compatible for Editor in 3.39 ms, found 3 plugins.
Mono: successfully reloaded assembly
Package Manager log level set to [2]
[Package Manager] Failed to launch server process. Reason: Unity was launched with the -noUpm command-line argument
[Package Manager] Unable to send message (not connected to server process).
[Package Manager] Cannot connect to Unity Package Manager local server
[Package Manager] Failed to launch server process. Reason: Unity was launched with the -noUpm command-line argument
[Package Manager] Unable to send message (not connected to server process).
[Package Manager] Cannot connect to Unity Package Manager local server
- Finished resetting the current domain, in  1.109 seconds
Domain Reload Profiling: 2449ms
	BeginReloadAssembly (524ms)
		ExecutionOrderSort (0ms)
		DisableScriptedObjects (9ms)
		BackupInstance (0ms)
		ReleaseScriptingObjects (0ms)
		CreateAndSetChildDomain (61ms)
	RebuildCommonClasses (65ms)
	RebuildNativeTypeToScriptingClass (20ms)
	initialDomainReloadingComplete (57ms)
	LoadAllAssembliesAndSetupDomain (673ms)
		LoadAssemblies (561ms)
		RebuildTransferFunctionScriptingTraits (0ms)
		AnalyzeDomain (276ms)
			TypeCache.Refresh (229ms)
				TypeCache.ScanAssembly (195ms)
			BuildScriptInfoCaches (35ms)
			ResolveRequiredComponents (8ms)
	FinalizeReload (1111ms)
		ReleaseScriptCaches (0ms)
		RebuildScriptCaches (0ms)
		SetupLoadedEditorAssemblies (733ms)
			LogAssemblyErrors (0ms)
			InitializePlatformSupportModulesInManaged (33ms)
			SetLoadedEditorAssemblies (5ms)
			BeforeProcessingInitializeOnLoad (59ms)
			ProcessInitializeOnLoadAttributes (596ms)
			ProcessInitializeOnLoadMethodAttributes (37ms)
			AfterProcessingInitializeOnLoad (3ms)
			EditorAssembliesLoaded (0ms)
		ExecutionOrderSort2 (0ms)
		AwakeInstancesAfterBackupRestoration (21ms)
Launched and connected shader compiler UnityShaderCompiler.exe after 0.02 seconds
Refreshing native plugins compatible for Editor in 3.20 ms, found 3 plugins.
Preloading 0 native plugins for Editor in 0.00 ms.
Unloading 48 Unused Serialized files (Serialized files now loaded: 0)
Unloading 4164 unused Assets / (1.8 MB). Loaded Objects now: 4756.
Memory consumption went from 137.5 MB to 135.6 MB.
Total: 11.160200 ms (FindLiveObjects: 1.783400 ms CreateObjectMapping: 0.908400 ms MarkObjects: 6.536300 ms  DeleteObjects: 1.928400 ms)

========================================================================
Received Prepare
Begin MonoManager ReloadAssembly
- Loaded All Assemblies, in  1.063 seconds
Refreshing native plugins compatible for Editor in 4.86 ms, found 3 plugins.
Native extension for iOS target not found
Native extension for Android target not found
Native extension for WindowsStandalone target not found
Mono: successfully reloaded assembly
[Package Manager] Failed to launch server process. Reason: Unity was launched with the -noUpm command-line argument
[Package Manager] Unable to send message (not connected to server process).
[Package Manager] Cannot connect to Unity Package Manager local server
- Finished resetting the current domain, in  1.140 seconds
Domain Reload Profiling: 2204ms
	BeginReloadAssembly (358ms)
		ExecutionOrderSort (0ms)
		DisableScriptedObjects (16ms)
		BackupInstance (0ms)
		ReleaseScriptingObjects (0ms)
		CreateAndSetChildDomain (93ms)
	RebuildCommonClasses (69ms)
	RebuildNativeTypeToScriptingClass (19ms)
	initialDomainReloadingComplete (39ms)
	LoadAllAssembliesAndSetupDomain (579ms)
		LoadAssemblies (546ms)
		RebuildTransferFunctionScriptingTraits (0ms)
		AnalyzeDomain (220ms)
			TypeCache.Refresh (23ms)
				TypeCache.ScanAssembly (0ms)
			BuildScriptInfoCaches (179ms)
			ResolveRequiredComponents (9ms)
	FinalizeReload (1141ms)
		ReleaseScriptCaches (0ms)
		RebuildScriptCaches (0ms)
		SetupLoadedEditorAssemblies (765ms)
			LogAssemblyErrors (0ms)
			InitializePlatformSupportModulesInManaged (40ms)
			SetLoadedEditorAssemblies (8ms)
			BeforeProcessingInitializeOnLoad (82ms)
			ProcessInitializeOnLoadAttributes (591ms)
			ProcessInitializeOnLoadMethodAttributes (40ms)
			AfterProcessingInitializeOnLoad (5ms)
			EditorAssembliesLoaded (0ms)
		ExecutionOrderSort2 (0ms)
		AwakeInstancesAfterBackupRestoration (16ms)
Refreshing native plugins compatible for Editor in 3.21 ms, found 3 plugins.
Preloading 0 native plugins for Editor in 0.00 ms.
Unloading 3 Unused Serialized files (Serialized files now loaded: 0)
Unloading 4162 unused Assets / (1.7 MB). Loaded Objects now: 4756.
Memory consumption went from 128.7 MB to 127.0 MB.
Total: 20.055500 ms (FindLiveObjects: 2.502800 ms CreateObjectMapping: 2.572600 ms MarkObjects: 12.565600 ms  DeleteObjects: 2.411700 ms)

Prepare: number of updated asset objects reloaded= 0
========================================================================
Received Import Request.
  Time since last request: 20615.551591 seconds.
  path: Assets/Resources
  artifactKey: Guid(4fb65426872b48f4c82224668d5f0eec) Importer(815301076,1909f56bfc062723c751e8b465ee728b)
Start importing Assets/Resources using Guid(4fb65426872b48f4c82224668d5f0eec) Importer(815301076,1909f56bfc062723c751e8b465ee728b) (PreviewImporter) -> (artifact id: 'c7078a328abfe5992e2c329d4a3b5070') in 0.0143323 seconds
Number of updated asset objects reloaded before import = 0Number of asset objects unloaded after import = 0

========================================================================
Received Import Request.
  Time since last request: 0.883289 seconds.
  path: Assets/Standard Assets
  artifactKey: Guid(c6195a43a0187a34e9c6be23520d3766) Importer(815301076,1909f56bfc062723c751e8b465ee728b)
Start importing Assets/Standard Assets using Guid(c6195a43a0187a34e9c6be23520d3766) Importer(815301076,1909f56bfc062723c751e8b465ee728b) (PreviewImporter) -> (artifact id: '0eebb0519eadbbec4a23d62249d59173') in 0.0005939 seconds
Number of updated asset objects reloaded before import = 0Number of asset objects unloaded after import = 0

========================================================================
Received Import Request.
  Time since last request: 2271.993296 seconds.
  path: Assets/Prefabs/WoodsLifestyle/Prefabs/Miscellaneous/CampFire_01.prefab
  artifactKey: Guid(9f34afb08d4d48c4b860e0b7634ce5b4) Importer(815301076,1909f56bfc062723c751e8b465ee728b)
Start importing Assets/Prefabs/WoodsLifestyle/Prefabs/Miscellaneous/CampFire_01.prefab using Guid(9f34afb08d4d48c4b860e0b7634ce5b4) Importer(815301076,1909f56bfc062723c751e8b465ee728b) (PreviewImporter) -> (artifact id: 'c6fe1881dee0606d439248310bd87509') in 0.3072215 seconds
Number of updated asset objects reloaded before import = 0Number of asset objects unloaded after import = 16

========================================================================
Received Import Request.
  Time since last request: 0.000050 seconds.
  path: Assets/Prefabs/WoodsLifestyle/Prefabs/Miscellaneous/LogStand_02.prefab
  artifactKey: Guid(b69a22ef4ee880c49b88bf26529c0d19) Importer(815301076,1909f56bfc062723c751e8b465ee728b)
Start importing Assets/Prefabs/WoodsLifestyle/Prefabs/Miscellaneous/LogStand_02.prefab using Guid(b69a22ef4ee880c49b88bf26529c0d19) Importer(815301076,1909f56bfc062723c751e8b465ee728b) (PreviewImporter) -> (artifact id: '1974e6b034fd06f5d301e6dfa64808b1') in 0.0602405 seconds
Number of updated asset objects reloaded before import = 0Number of asset objects unloaded after import = 16

========================================================================
Received Import Request.
  Time since last request: 0.000045 seconds.
  path: Assets/Prefabs/WoodsLifestyle/Prefabs/Miscellaneous/SignPost_Custom_01.prefab
  artifactKey: Guid(e4423bd1896b33e41ae72acb0cff70c4) Importer(815301076,1909f56bfc062723c751e8b465ee728b)
Start importing Assets/Prefabs/WoodsLifestyle/Prefabs/Miscellaneous/SignPost_Custom_01.prefab using Guid(e4423bd1896b33e41ae72acb0cff70c4) Importer(815301076,1909f56bfc062723c751e8b465ee728b) (PreviewImporter) -> (artifact id: '7577f70a53973932580379cf7f811a6b') in 0.0532105 seconds
Number of updated asset objects reloaded before import = 0Number of asset objects unloaded after import = 29

========================================================================
Received Import Request.
  Time since last request: 4.242290 seconds.
  path: Assets/Prefabs/WoodsLifestyle/Models
  artifactKey: Guid(bee89c4da6cecf74682b713af7ab7847) Importer(815301076,1909f56bfc062723c751e8b465ee728b)
Start importing Assets/Prefabs/WoodsLifestyle/Models using Guid(bee89c4da6cecf74682b713af7ab7847) Importer(815301076,1909f56bfc062723c751e8b465ee728b) (PreviewImporter) -> (artifact id: '28df568f244381513b6a730ac2ece5b4') in 0.0013748 seconds
Number of updated asset objects reloaded before import = 0Number of asset objects unloaded after import = 0

========================================================================
Received Import Request.
  Time since last request: 1.924398 seconds.
  path: Assets/Prefabs/WoodsLifestyle/Models/Boards
  artifactKey: Guid(aafbc0490a5e9ab4c84694f32c2b7f05) Importer(815301076,1909f56bfc062723c751e8b465ee728b)
Start importing Assets/Prefabs/WoodsLifestyle/Models/Boards using Guid(aafbc0490a5e9ab4c84694f32c2b7f05) Importer(815301076,1909f56bfc062723c751e8b465ee728b) (PreviewImporter) -> (artifact id: '74c770f865f719fcecb6664697ebb6c4') in 0.0007794 seconds
Number of updated asset objects reloaded before import = 0Number of asset objects unloaded after import = 0

========================================================================
Received Import Request.
  Time since last request: 0.062250 seconds.
  path: Assets/Prefabs/WoodsLifestyle/Models/Boards/Board_01_a.fbx
  artifactKey: Guid(e712748253b139349b2a6e8544f23013) Importer(815301076,1909f56bfc062723c751e8b465ee728b)
Start importing Assets/Prefabs/WoodsLifestyle/Models/Boards/Board_01_a.fbx using Guid(e712748253b139349b2a6e8544f23013) Importer(815301076,1909f56bfc062723c751e8b465ee728b) (PreviewImporter) -> (artifact id: '2698407ed4d1514953bafbac402fe59f') in 0.111204 seconds
Number of updated asset objects reloaded before import = 0Number of asset objects unloaded after import = 9

========================================================================
Received Import Request.
  Time since last request: 0.000146 seconds.
  path: Assets/Prefabs/WoodsLifestyle/Models/Boards/Plank_03_a.fbx
  artifactKey: Guid(821679f0fdfbbba458c34d4c2dc75a80) Importer(815301076,1909f56bfc062723c751e8b465ee728b)
Start importing Assets/Prefabs/WoodsLifestyle/Models/Boards/Plank_03_a.fbx using Guid(821679f0fdfbbba458c34d4c2dc75a80) Importer(815301076,1909f56bfc062723c751e8b465ee728b) (PreviewImporter) -> (artifact id: '90e592f6e86de71134d3a98b237c25b6') in 0.0591921 seconds
Number of updated asset objects reloaded before import = 0Number of asset objects unloaded after import = 9

========================================================================
Received Import Request.
  Time since last request: 0.000050 seconds.
  path: Assets/Prefabs/WoodsLifestyle/Models/Boards/Board_01_b002.fbx
  artifactKey: Guid(bba3fb8f0e1708845bbeb5b021243e98) Importer(815301076,1909f56bfc062723c751e8b465ee728b)
Start importing Assets/Prefabs/WoodsLifestyle/Models/Boards/Board_01_b002.fbx using Guid(bba3fb8f0e1708845bbeb5b021243e98) Importer(815301076,1909f56bfc062723c751e8b465ee728b) (PreviewImporter) -> (artifact id: 'b18bf6e1cf7a067ba6001a2f8a764703') in 0.0642505 seconds
Number of updated asset objects reloaded before import = 0Number of asset objects unloaded after import = 9

========================================================================
Received Import Request.
  Time since last request: 0.000039 seconds.
  path: Assets/Prefabs/WoodsLifestyle/Models/Boards/Plank_03_a002.fbx
  artifactKey: Guid(c72ad18480a15f84ea5e0fad0f1ca240) Importer(815301076,1909f56bfc062723c751e8b465ee728b)
Start importing Assets/Prefabs/WoodsLifestyle/Models/Boards/Plank_03_a002.fbx using Guid(c72ad18480a15f84ea5e0fad0f1ca240) Importer(815301076,1909f56bfc062723c751e8b465ee728b) (PreviewImporter) -> (artifact id: 'eb81f5635c90a00573624ba95ce89b62') in 0.0686983 seconds
Number of updated asset objects reloaded before import = 0Number of asset objects unloaded after import = 9

========================================================================
Received Import Request.
  Time since last request: 0.000033 seconds.
  path: Assets/Prefabs/WoodsLifestyle/Models/Boards/Palnk_02_a002.fbx
  artifactKey: Guid(60e913bb49bf6c649aad83aad37bafbd) Importer(815301076,1909f56bfc062723c751e8b465ee728b)
Start importing Assets/Prefabs/WoodsLifestyle/Models/Boards/Palnk_02_a002.fbx using Guid(60e913bb49bf6c649aad83aad37bafbd) Importer(815301076,1909f56bfc062723c751e8b465ee728b) (PreviewImporter) -> (artifact id: 'e7346aa2a4983ef6fda6e209a4c7eaaf') in 0.0573354 seconds
Number of updated asset objects reloaded before import = 0Number of asset objects unloaded after import = 9

========================================================================
Received Import Request.
  Time since last request: 2.408572 seconds.
  path: Assets/Prefabs/WoodsLifestyle/Materials
  artifactKey: Guid(4755f42a3986c6e428c99b5f4e1f674c) Importer(815301076,1909f56bfc062723c751e8b465ee728b)
Start importing Assets/Prefabs/WoodsLifestyle/Materials using Guid(4755f42a3986c6e428c99b5f4e1f674c) Importer(815301076,1909f56bfc062723c751e8b465ee728b) (PreviewImporter) -> (artifact id: 'a456ef9e828414ecb29f98dddb3ec667') in 0.0008827 seconds
Number of updated asset objects reloaded before import = 0Number of asset objects unloaded after import = 0

========================================================================
Received Import Request.
  Time since last request: 0.060007 seconds.
  path: Assets/Prefabs/WoodsLifestyle/Materials/BrownMat_01.mat
  artifactKey: Guid(90446b9d6a9fbb542aad26112d77cdfd) Importer(815301076,1909f56bfc062723c751e8b465ee728b)
Start importing Assets/Prefabs/WoodsLifestyle/Materials/BrownMat_01.mat using Guid(90446b9d6a9fbb542aad26112d77cdfd) Importer(815301076,1909f56bfc062723c751e8b465ee728b) (PreviewImporter) -> (artifact id: '26228e3b053a06c8033b451b72798859') in 0.0757257 seconds
Number of updated asset objects reloaded before import = 0Number of asset objects unloaded after import = 1

========================================================================
Received Import Request.
  Time since last request: 0.000145 seconds.
  path: Assets/Prefabs/WoodsLifestyle/Materials/BrownMat_12.mat
  artifactKey: Guid(6257d63f614033d45b25669460ecf3fa) Importer(815301076,1909f56bfc062723c751e8b465ee728b)
Start importing Assets/Prefabs/WoodsLifestyle/Materials/BrownMat_12.mat using Guid(6257d63f614033d45b25669460ecf3fa) Importer(815301076,1909f56bfc062723c751e8b465ee728b) (PreviewImporter) -> (artifact id: 'f1d15dc24debf24f5608e262c204b641') in 0.0319593 seconds
Number of updated asset objects reloaded before import = 0Number of asset objects unloaded after import = 1

========================================================================
Received Import Request.
  Time since last request: 0.000811 seconds.
  path: Assets/Prefabs/WoodsLifestyle/Materials/BrownMat_08.mat
  artifactKey: Guid(383e04c745f271b4da4612ba515b84a9) Importer(815301076,1909f56bfc062723c751e8b465ee728b)
Start importing Assets/Prefabs/WoodsLifestyle/Materials/BrownMat_08.mat using Guid(383e04c745f271b4da4612ba515b84a9) Importer(815301076,1909f56bfc062723c751e8b465ee728b) (PreviewImporter) -> (artifact id: '4c49656843168eb06204a677817caeb0') in 0.0321478 seconds
Number of updated asset objects reloaded before import = 0Number of asset objects unloaded after import = 1

========================================================================
Received Import Request.
  Time since last request: 0.000028 seconds.
  path: Assets/Prefabs/WoodsLifestyle/Materials/BrownMat_09.mat
  artifactKey: Guid(5e712661277547e4eb21eddedd5552c1) Importer(815301076,1909f56bfc062723c751e8b465ee728b)
Start importing Assets/Prefabs/WoodsLifestyle/Materials/BrownMat_09.mat using Guid(5e712661277547e4eb21eddedd5552c1) Importer(815301076,1909f56bfc062723c751e8b465ee728b) (PreviewImporter) -> (artifact id: '0bf325ff296f9c8b655db449d3f5f604') in 0.0373971 seconds
Number of updated asset objects reloaded before import = 0Number of asset objects unloaded after import = 1

========================================================================
Received Import Request.
  Time since last request: 0.000107 seconds.
  path: Assets/Prefabs/WoodsLifestyle/Materials/BrownMat_06.mat
  artifactKey: Guid(e5d0fe8d1ecac9c4e98b445b40961485) Importer(815301076,1909f56bfc062723c751e8b465ee728b)
Start importing Assets/Prefabs/WoodsLifestyle/Materials/BrownMat_06.mat using Guid(e5d0fe8d1ecac9c4e98b445b40961485) Importer(815301076,1909f56bfc062723c751e8b465ee728b) (PreviewImporter) -> (artifact id: 'c8af68190fb41909fa67aeb26cf26acb') in 0.0252291 seconds
Number of updated asset objects reloaded before import = 0Number of asset objects unloaded after import = 1

========================================================================
Received Import Request.
  Time since last request: 2.010061 seconds.
  path: Assets/Prefabs/WoodsLifestyle/Models/Fences
  artifactKey: Guid(c1e0be6ef14817d4c89f74f57f98e1db) Importer(815301076,1909f56bfc062723c751e8b465ee728b)
Start importing Assets/Prefabs/WoodsLifestyle/Models/Fences using Guid(c1e0be6ef14817d4c89f74f57f98e1db) Importer(815301076,1909f56bfc062723c751e8b465ee728b) (PreviewImporter) -> (artifact id: 'd6f99e493a58de38f64f0137c7b52295') in 0.0008968 seconds
Number of updated asset objects reloaded before import = 0Number of asset objects unloaded after import = 0

========================================================================
Received Import Request.
  Time since last request: 0.058186 seconds.
  path: Assets/Prefabs/WoodsLifestyle/Models/Fences/Fence_Closed_01.FBX
  artifactKey: Guid(2994ed964ded40b488a89138b547c863) Importer(815301076,1909f56bfc062723c751e8b465ee728b)
Start importing Assets/Prefabs/WoodsLifestyle/Models/Fences/Fence_Closed_01.FBX using Guid(2994ed964ded40b488a89138b547c863) Importer(815301076,1909f56bfc062723c751e8b465ee728b) (PreviewImporter) -> (artifact id: 'fc2be4ae9a65b1f8e6736013da3c8f96') in 0.0461259 seconds
Number of updated asset objects reloaded before import = 0Number of asset objects unloaded after import = 10

========================================================================
Received Import Request.
  Time since last request: 0.000031 seconds.
  path: Assets/Prefabs/WoodsLifestyle/Models/Fences/Fence_Open_07.FBX
  artifactKey: Guid(c44786528dd3de842a6650493e7bf997) Importer(815301076,1909f56bfc062723c751e8b465ee728b)
Start importing Assets/Prefabs/WoodsLifestyle/Models/Fences/Fence_Open_07.FBX using Guid(c44786528dd3de842a6650493e7bf997) Importer(815301076,1909f56bfc062723c751e8b465ee728b) (PreviewImporter) -> (artifact id: 'de8fde93312d8901bce7dea5078156d6') in 0.03697 seconds
Number of updated asset objects reloaded before import = 0Number of asset objects unloaded after import = 8

========================================================================
Received Import Request.
  Time since last request: 0.000055 seconds.
  path: Assets/Prefabs/WoodsLifestyle/Models/Fences/Fence_Full_08.FBX
  artifactKey: Guid(a9ad7b70dd7d571479ceb828933dfff3) Importer(815301076,1909f56bfc062723c751e8b465ee728b)
Start importing Assets/Prefabs/WoodsLifestyle/Models/Fences/Fence_Full_08.FBX using Guid(a9ad7b70dd7d571479ceb828933dfff3) Importer(815301076,1909f56bfc062723c751e8b465ee728b) (PreviewImporter) -> (artifact id: '7a6f55fc752e27687bea469fdff51460') in 0.0417796 seconds
Number of updated asset objects reloaded before import = 0Number of asset objects unloaded after import = 8

========================================================================
Received Import Request.
  Time since last request: 0.000035 seconds.
  path: Assets/Prefabs/WoodsLifestyle/Models/Fences/Fence_Full_04.FBX
  artifactKey: Guid(4162ca5226f3eb440a44fe436e0e17d2) Importer(815301076,1909f56bfc062723c751e8b465ee728b)
Start importing Assets/Prefabs/WoodsLifestyle/Models/Fences/Fence_Full_04.FBX using Guid(4162ca5226f3eb440a44fe436e0e17d2) Importer(815301076,1909f56bfc062723c751e8b465ee728b) (PreviewImporter) -> (artifact id: '1b59eb7ca23526fa3150ad323a8e11ae') in 0.0400058 seconds
Number of updated asset objects reloaded before import = 0Number of asset objects unloaded after import = 8

========================================================================
Received Import Request.
  Time since last request: 0.000027 seconds.
  path: Assets/Prefabs/WoodsLifestyle/Models/Fences/Fence_Closed_07.FBX
  artifactKey: Guid(f0c368b0deb34294eac1f94c7a6a39a0) Importer(815301076,1909f56bfc062723c751e8b465ee728b)
Start importing Assets/Prefabs/WoodsLifestyle/Models/Fences/Fence_Closed_07.FBX using Guid(f0c368b0deb34294eac1f94c7a6a39a0) Importer(815301076,1909f56bfc062723c751e8b465ee728b) (PreviewImporter) -> (artifact id: 'a4ae5f0dd378f5c4c2d12e2c73dd8237') in 0.0343629 seconds
Number of updated asset objects reloaded before import = 0Number of asset objects unloaded after import = 8

========================================================================
Received Import Request.
  Time since last request: 0.000040 seconds.
  path: Assets/Prefabs/WoodsLifestyle/Models/Fences/Fence_Full_06.FBX
  artifactKey: Guid(fcdd02a68b89e0c4d84559fed7adb2d6) Importer(815301076,1909f56bfc062723c751e8b465ee728b)
Start importing Assets/Prefabs/WoodsLifestyle/Models/Fences/Fence_Full_06.FBX using Guid(fcdd02a68b89e0c4d84559fed7adb2d6) Importer(815301076,1909f56bfc062723c751e8b465ee728b) (PreviewImporter) -> (artifact id: '153d87759692dccf7544bd76c74a8c27') in 0.0365545 seconds
Number of updated asset objects reloaded before import = 0Number of asset objects unloaded after import = 8

========================================================================
Received Import Request.
  Time since last request: 0.000031 seconds.
  path: Assets/Prefabs/WoodsLifestyle/Models/Fences/Fence_Open_08.FBX
  artifactKey: Guid(632b82bba31465a4e986fcffab1228b0) Importer(815301076,1909f56bfc062723c751e8b465ee728b)
Start importing Assets/Prefabs/WoodsLifestyle/Models/Fences/Fence_Open_08.FBX using Guid(632b82bba31465a4e986fcffab1228b0) Importer(815301076,1909f56bfc062723c751e8b465ee728b) (PreviewImporter) -> (artifact id: '10d7690016829dbcfbd10553bc322921') in 0.0324998 seconds
Number of updated asset objects reloaded before import = 0Number of asset objects unloaded after import = 8

========================================================================
Received Import Request.
  Time since last request: 0.000306 seconds.
  path: Assets/Prefabs/WoodsLifestyle/Models/Fences/Fence_Full_07.FBX
  artifactKey: Guid(9530fca49e37f9d409d11e24d7f87d82) Importer(815301076,1909f56bfc062723c751e8b465ee728b)
Start importing Assets/Prefabs/WoodsLifestyle/Models/Fences/Fence_Full_07.FBX using Guid(9530fca49e37f9d409d11e24d7f87d82) Importer(815301076,1909f56bfc062723c751e8b465ee728b) (PreviewImporter) -> (artifact id: '2c7e1c5e3f9eb199e1c1f98f53758d26') in 0.0345654 seconds
Number of updated asset objects reloaded before import = 0Number of asset objects unloaded after import = 8

========================================================================
Received Import Request.
  Time since last request: 3.071350 seconds.
  path: Assets/Prefabs/WoodsLifestyle/Models/Logs_Wood/FireWood_02.fbx
  artifactKey: Guid(9372c40f313d201479aedce65bcf2332) Importer(815301076,1909f56bfc062723c751e8b465ee728b)
Start importing Assets/Prefabs/WoodsLifestyle/Models/Logs_Wood/FireWood_02.fbx using Guid(9372c40f313d201479aedce65bcf2332) Importer(815301076,1909f56bfc062723c751e8b465ee728b) (PreviewImporter) -> (artifact id: 'eeaa9dff6cd094ad12403e6273aa241c') in 0.0678107 seconds
Number of updated asset objects reloaded before import = 0Number of asset objects unloaded after import = 9

========================================================================
Received Import Request.
  Time since last request: 0.000053 seconds.
  path: Assets/Prefabs/WoodsLifestyle/Models/Logs_Wood/LogHeap_02_a.fbx
  artifactKey: Guid(e904fdac1ce22d1489a9965702b60745) Importer(815301076,1909f56bfc062723c751e8b465ee728b)
Start importing Assets/Prefabs/WoodsLifestyle/Models/Logs_Wood/LogHeap_02_a.fbx using Guid(e904fdac1ce22d1489a9965702b60745) Importer(815301076,1909f56bfc062723c751e8b465ee728b) (PreviewImporter) -> (artifact id: '5d0e1fccec0d42945b791872890a7533') in 0.0666768 seconds
Number of updated asset objects reloaded before import = 0Number of asset objects unloaded after import = 9

========================================================================
Received Import Request.
  Time since last request: 2.979526 seconds.
  path: Assets/Prefabs/WoodsLifestyle/Models/Props/Exterior/Sign_01_a.fbx
  artifactKey: Guid(ba59d7be943af3c4da5d3f4c1ea6daa0) Importer(815301076,1909f56bfc062723c751e8b465ee728b)
Start importing Assets/Prefabs/WoodsLifestyle/Models/Props/Exterior/Sign_01_a.fbx using Guid(ba59d7be943af3c4da5d3f4c1ea6daa0) Importer(815301076,1909f56bfc062723c751e8b465ee728b) (PreviewImporter) -> (artifact id: '43651c881ca7d2878fc3103e22c68ab8') in 0.0796451 seconds
Number of updated asset objects reloaded before import = 0Number of asset objects unloaded after import = 9

========================================================================
Received Import Request.
  Time since last request: 0.000027 seconds.
  path: Assets/Prefabs/WoodsLifestyle/Models/Props/Exterior/SignPost_02_b.fbx
  artifactKey: Guid(f11b361fcc4b45f499732c9b50426d90) Importer(815301076,1909f56bfc062723c751e8b465ee728b)
Start importing Assets/Prefabs/WoodsLifestyle/Models/Props/Exterior/SignPost_02_b.fbx using Guid(f11b361fcc4b45f499732c9b50426d90) Importer(815301076,1909f56bfc062723c751e8b465ee728b) (PreviewImporter) -> (artifact id: '982a85692d097a7a1bd9855dc9cc53d7') in 0.0809821 seconds
Number of updated asset objects reloaded before import = 0Number of asset objects unloaded after import = 9

========================================================================
Received Import Request.
  Time since last request: 4.799107 seconds.
  path: Assets/Prefabs/WoodsLifestyle/Models/Props/Furniture/BedSingle_01.fbx
  artifactKey: Guid(67db6c5b46da9ab41bb4dc86d034f942) Importer(815301076,1909f56bfc062723c751e8b465ee728b)
Start importing Assets/Prefabs/WoodsLifestyle/Models/Props/Furniture/BedSingle_01.fbx using Guid(67db6c5b46da9ab41bb4dc86d034f942) Importer(815301076,1909f56bfc062723c751e8b465ee728b) (PreviewImporter) -> (artifact id: 'ed105fdec74434db0eedcd01c968da76') in 0.0700067 seconds
Number of updated asset objects reloaded before import = 0Number of asset objects unloaded after import = 9

========================================================================
Received Import Request.
  Time since last request: 0.000030 seconds.
  path: Assets/Prefabs/WoodsLifestyle/Models/Props/Furniture/Stool_02.fbx
  artifactKey: Guid(87dbf080af6938547803df2fb5e61dfd) Importer(815301076,1909f56bfc062723c751e8b465ee728b)
Start importing Assets/Prefabs/WoodsLifestyle/Models/Props/Furniture/Stool_02.fbx using Guid(87dbf080af6938547803df2fb5e61dfd) Importer(815301076,1909f56bfc062723c751e8b465ee728b) (PreviewImporter) -> (artifact id: '14b1b6409c80a9cdfbd62f58dfd9869c') in 0.0881061 seconds
Number of updated asset objects reloaded before import = 0Number of asset objects unloaded after import = 9

========================================================================
Received Import Request.
  Time since last request: 0.000021 seconds.
  path: Assets/Prefabs/WoodsLifestyle/Models/Props/Furniture/WallShelf_01.fbx
  artifactKey: Guid(180b77fcbe0383540a9ff71008143542) Importer(815301076,1909f56bfc062723c751e8b465ee728b)
Start importing Assets/Prefabs/WoodsLifestyle/Models/Props/Furniture/WallShelf_01.fbx using Guid(180b77fcbe0383540a9ff71008143542) Importer(815301076,1909f56bfc062723c751e8b465ee728b) (PreviewImporter) -> (artifact id: 'a3febd3b471bd057879e44e5d520d893') in 0.0705907 seconds
Number of updated asset objects reloaded before import = 0Number of asset objects unloaded after import = 9

========================================================================
Received Import Request.
  Time since last request: 0.000044 seconds.
  path: Assets/Prefabs/WoodsLifestyle/Models/Props/Furniture/Stool_01.fbx
  artifactKey: Guid(7ced832f1214bc4419445ed54db5ae6d) Importer(815301076,1909f56bfc062723c751e8b465ee728b)
Start importing Assets/Prefabs/WoodsLifestyle/Models/Props/Furniture/Stool_01.fbx using Guid(7ced832f1214bc4419445ed54db5ae6d) Importer(815301076,1909f56bfc062723c751e8b465ee728b) (PreviewImporter) -> (artifact id: '26df4903662338f970ab9b5b3a39b3bf') in 0.0697982 seconds
Number of updated asset objects reloaded before import = 0Number of asset objects unloaded after import = 9

========================================================================
Received Import Request.
  Time since last request: 7.038078 seconds.
  path: Assets/Prefabs/WoodsLifestyle/Models/Props/Interior/Book_01_b.fbx
  artifactKey: Guid(0f8bc0b48eb8be8489ef538907b7a2f2) Importer(815301076,1909f56bfc062723c751e8b465ee728b)
Start importing Assets/Prefabs/WoodsLifestyle/Models/Props/Interior/Book_01_b.fbx using Guid(0f8bc0b48eb8be8489ef538907b7a2f2) Importer(815301076,1909f56bfc062723c751e8b465ee728b) (PreviewImporter) -> (artifact id: '4a3f8a8bea37efcc5a2c1270f36a8d9b') in 0.0742196 seconds
Number of updated asset objects reloaded before import = 0Number of asset objects unloaded after import = 9

========================================================================
Received Import Request.
  Time since last request: 0.000026 seconds.
  path: Assets/Prefabs/WoodsLifestyle/Models/Props/Interior/Lamp_01_c.fbx
  artifactKey: Guid(bec491f39dddce846aaeca808e9c6bc8) Importer(815301076,1909f56bfc062723c751e8b465ee728b)
Start importing Assets/Prefabs/WoodsLifestyle/Models/Props/Interior/Lamp_01_c.fbx using Guid(bec491f39dddce846aaeca808e9c6bc8) Importer(815301076,1909f56bfc062723c751e8b465ee728b) (PreviewImporter) -> (artifact id: '149e662e7f8406988a0945dfc599ef59') in 0.0717349 seconds
Number of updated asset objects reloaded before import = 0Number of asset objects unloaded after import = 9

========================================================================
Received Import Request.
  Time since last request: 0.000022 seconds.
  path: Assets/Prefabs/WoodsLifestyle/Models/Props/Interior/BookOpen_01_c.fbx
  artifactKey: Guid(dc6266207e0a75a478a7e02c94da55dd) Importer(815301076,1909f56bfc062723c751e8b465ee728b)
Start importing Assets/Prefabs/WoodsLifestyle/Models/Props/Interior/BookOpen_01_c.fbx using Guid(dc6266207e0a75a478a7e02c94da55dd) Importer(815301076,1909f56bfc062723c751e8b465ee728b) (PreviewImporter) -> (artifact id: 'e916833eb254b02597da89952714467e') in 0.0772568 seconds
Number of updated asset objects reloaded before import = 0Number of asset objects unloaded after import = 9

========================================================================
Received Import Request.
  Time since last request: 0.000025 seconds.
  path: Assets/Prefabs/WoodsLifestyle/Models/Props/Interior/Book_02_c.fbx
  artifactKey: Guid(caa73d5b73dcf994780569c42edc464e) Importer(815301076,1909f56bfc062723c751e8b465ee728b)
Start importing Assets/Prefabs/WoodsLifestyle/Models/Props/Interior/Book_02_c.fbx using Guid(caa73d5b73dcf994780569c42edc464e) Importer(815301076,1909f56bfc062723c751e8b465ee728b) (PreviewImporter) -> (artifact id: 'b192b448e3526ca665a0dc31300d0c4e') in 0.0798597 seconds
Number of updated asset objects reloaded before import = 0Number of asset objects unloaded after import = 9

========================================================================
Received Import Request.
  Time since last request: 0.000241 seconds.
  path: Assets/Prefabs/WoodsLifestyle/Models/Props/Interior/Candle_03_d.fbx
  artifactKey: Guid(bad1f1798203c544f98a3797aaaef533) Importer(815301076,1909f56bfc062723c751e8b465ee728b)
Start importing Assets/Prefabs/WoodsLifestyle/Models/Props/Interior/Candle_03_d.fbx using Guid(bad1f1798203c544f98a3797aaaef533) Importer(815301076,1909f56bfc062723c751e8b465ee728b) (PreviewImporter) -> (artifact id: 'bc27e4efd67586454540a2a4c0a7270a') in 0.0711588 seconds
Number of updated asset objects reloaded before import = 0Number of asset objects unloaded after import = 9

========================================================================
Received Import Request.
  Time since last request: 0.000030 seconds.
  path: Assets/Prefabs/WoodsLifestyle/Models/Props/Interior/BookOpen_01_a.fbx
  artifactKey: Guid(baabff32f1242d140a81a11286c51a29) Importer(815301076,1909f56bfc062723c751e8b465ee728b)
Start importing Assets/Prefabs/WoodsLifestyle/Models/Props/Interior/BookOpen_01_a.fbx using Guid(baabff32f1242d140a81a11286c51a29) Importer(815301076,1909f56bfc062723c751e8b465ee728b) (PreviewImporter) -> (artifact id: '9949c3d5e398242a0cf29f3d6041657f') in 0.0684061 seconds
Number of updated asset objects reloaded before import = 0Number of asset objects unloaded after import = 9

========================================================================
Received Import Request.
  Time since last request: 0.000026 seconds.
  path: Assets/Prefabs/WoodsLifestyle/Models/Props/Interior/Book_03_a.fbx
  artifactKey: Guid(141cbf5ca05051045b6869c2aaf097fa) Importer(815301076,1909f56bfc062723c751e8b465ee728b)
Start importing Assets/Prefabs/WoodsLifestyle/Models/Props/Interior/Book_03_a.fbx using Guid(141cbf5ca05051045b6869c2aaf097fa) Importer(815301076,1909f56bfc062723c751e8b465ee728b) (PreviewImporter) -> (artifact id: '0b822d2790d0d2e4b83dad9210ed6170') in 0.0700428 seconds
Number of updated asset objects reloaded before import = 0Number of asset objects unloaded after import = 9

========================================================================
Received Import Request.
  Time since last request: 0.000035 seconds.
  path: Assets/Prefabs/WoodsLifestyle/Models/Props/Interior/Pot_01_b.fbx
  artifactKey: Guid(f72d78d10dcc2d449a7f54c0ef6241bd) Importer(815301076,1909f56bfc062723c751e8b465ee728b)
Start importing Assets/Prefabs/WoodsLifestyle/Models/Props/Interior/Pot_01_b.fbx using Guid(f72d78d10dcc2d449a7f54c0ef6241bd) Importer(815301076,1909f56bfc062723c751e8b465ee728b) (PreviewImporter) -> (artifact id: 'd93bbf53fb80933d7bea940b5da06883') in 0.0729382 seconds
Number of updated asset objects reloaded before import = 0Number of asset objects unloaded after import = 9

========================================================================
Received Import Request.
  Time since last request: 0.000024 seconds.
  path: Assets/Prefabs/WoodsLifestyle/Models/Props/Interior/Candle_01_b.fbx
  artifactKey: Guid(6e2f22ee1cac9e941b9b3153c9a854d8) Importer(815301076,1909f56bfc062723c751e8b465ee728b)
Start importing Assets/Prefabs/WoodsLifestyle/Models/Props/Interior/Candle_01_b.fbx using Guid(6e2f22ee1cac9e941b9b3153c9a854d8) Importer(815301076,1909f56bfc062723c751e8b465ee728b) (PreviewImporter) -> (artifact id: '45cc4533befabb634f0626b754799d99') in 0.0711758 seconds
Number of updated asset objects reloaded before import = 0Number of asset objects unloaded after import = 9

========================================================================
Received Import Request.
  Time since last request: 0.000073 seconds.
  path: Assets/Prefabs/WoodsLifestyle/Models/Props/Interior/BookCollection_01.fbx
  artifactKey: Guid(36130aeb297db2d46820f12145fd9396) Importer(815301076,1909f56bfc062723c751e8b465ee728b)
Start importing Assets/Prefabs/WoodsLifestyle/Models/Props/Interior/BookCollection_01.fbx using Guid(36130aeb297db2d46820f12145fd9396) Importer(815301076,1909f56bfc062723c751e8b465ee728b) (PreviewImporter) -> (artifact id: '9d2854cb2273a952c1fecbedbee0df5c') in 0.0562578 seconds
Number of updated asset objects reloaded before import = 0Number of asset objects unloaded after import = 9

========================================================================
Received Import Request.
  Time since last request: 4.586994 seconds.
  path: Assets/Prefabs/WoodsLifestyle/Models/Props/Water/Lifebuoy_01.fbx
  artifactKey: Guid(924741ea60bf01240a18f2fd42c8d465) Importer(815301076,1909f56bfc062723c751e8b465ee728b)
Start importing Assets/Prefabs/WoodsLifestyle/Models/Props/Water/Lifebuoy_01.fbx using Guid(924741ea60bf01240a18f2fd42c8d465) Importer(815301076,1909f56bfc062723c751e8b465ee728b) (PreviewImporter) -> (artifact id: 'f759422b61a0562509a9310e65f990cc') in 0.0860552 seconds
Number of updated asset objects reloaded before import = 0Number of asset objects unloaded after import = 9

========================================================================
Received Import Request.
  Time since last request: 0.000035 seconds.
  path: Assets/Prefabs/WoodsLifestyle/Models/Props/Water/RowBoat_01_d.fbx
  artifactKey: Guid(e20f5d4726c78d24d8d668a2b3c8c9dd) Importer(815301076,1909f56bfc062723c751e8b465ee728b)
Start importing Assets/Prefabs/WoodsLifestyle/Models/Props/Water/RowBoat_01_d.fbx using Guid(e20f5d4726c78d24d8d668a2b3c8c9dd) Importer(815301076,1909f56bfc062723c751e8b465ee728b) (PreviewImporter) -> (artifact id: 'b921498d6e5f753473586bc4d6adb28c') in 0.0665283 seconds
Number of updated asset objects reloaded before import = 0Number of asset objects unloaded after import = 9

========================================================================
Received Import Request.
  Time since last request: 2.298501 seconds.
  path: Assets/Prefabs/WoodsLifestyle/Models/Props/WaterTowers/Tower_02.fbx
  artifactKey: Guid(c6da3ee280b19134598953cc0bce9c56) Importer(815301076,1909f56bfc062723c751e8b465ee728b)
Start importing Assets/Prefabs/WoodsLifestyle/Models/Props/WaterTowers/Tower_02.fbx using Guid(c6da3ee280b19134598953cc0bce9c56) Importer(815301076,1909f56bfc062723c751e8b465ee728b) (PreviewImporter) -> (artifact id: 'beeea725286ee3e5e0590e75a0d8c286') in 0.0818763 seconds
Number of updated asset objects reloaded before import = 0Number of asset objects unloaded after import = 9

========================================================================
Received Import Request.
  Time since last request: 0.000029 seconds.
  path: Assets/Prefabs/WoodsLifestyle/Models/Props/WaterTowers/WaterTenk_02.fbx
  artifactKey: Guid(cfb69dd792989474b95397840a0f78cd) Importer(815301076,1909f56bfc062723c751e8b465ee728b)
Start importing Assets/Prefabs/WoodsLifestyle/Models/Props/WaterTowers/WaterTenk_02.fbx using Guid(cfb69dd792989474b95397840a0f78cd) Importer(815301076,1909f56bfc062723c751e8b465ee728b) (PreviewImporter) -> (artifact id: '07fdfbcdef98e3c5599f0838812004c0') in 0.0748309 seconds
Number of updated asset objects reloaded before import = 0Number of asset objects unloaded after import = 9

========================================================================
Received Import Request.
  Time since last request: 111.321557 seconds.
  path: Assets/Prefabs/WoodsLifestyle/Models/Props/General
  artifactKey: Guid(749453715cf02864f9ca0dffca618281) Importer(815301076,1909f56bfc062723c751e8b465ee728b)
Start importing Assets/Prefabs/WoodsLifestyle/Models/Props/General using Guid(749453715cf02864f9ca0dffca618281) Importer(815301076,1909f56bfc062723c751e8b465ee728b) (PreviewImporter) -> (artifact id: '8d0ad6de1f60277d3066944ba8c8df8f') in 0.0008464 seconds
Number of updated asset objects reloaded before import = 0Number of asset objects unloaded after import = 0

========================================================================
Received Import Request.
  Time since last request: 0.048421 seconds.
  path: Assets/Prefabs/WoodsLifestyle/Models/Props/General/Barrel_01.fbx
  artifactKey: Guid(77b0611b275bd694e8fd6a23a47d1221) Importer(815301076,1909f56bfc062723c751e8b465ee728b)
Start importing Assets/Prefabs/WoodsLifestyle/Models/Props/General/Barrel_01.fbx using Guid(77b0611b275bd694e8fd6a23a47d1221) Importer(815301076,1909f56bfc062723c751e8b465ee728b) (PreviewImporter) -> (artifact id: 'b691cee6741edbbeb5343a19871df9cc') in 0.0693309 seconds
Number of updated asset objects reloaded before import = 0Number of asset objects unloaded after import = 9

========================================================================
Received Import Request.
  Time since last request: 0.000079 seconds.
  path: Assets/Prefabs/WoodsLifestyle/Models/Props/General/Box_01_a.fbx
  artifactKey: Guid(6728b3326d389ed44bfa8f214a70de30) Importer(815301076,1909f56bfc062723c751e8b465ee728b)
Start importing Assets/Prefabs/WoodsLifestyle/Models/Props/General/Box_01_a.fbx using Guid(6728b3326d389ed44bfa8f214a70de30) Importer(815301076,1909f56bfc062723c751e8b465ee728b) (PreviewImporter) -> (artifact id: 'e7ddcf04f9c889c071ea7d36466659b4') in 0.0689268 seconds
Number of updated asset objects reloaded before import = 0Number of asset objects unloaded after import = 9

========================================================================
Received Import Request.
  Time since last request: 0.000038 seconds.
  path: Assets/Prefabs/WoodsLifestyle/Models/Props/General/BucketWater.fbx
  artifactKey: Guid(45db1777ed5336d4d9f7626eefeffcdf) Importer(815301076,1909f56bfc062723c751e8b465ee728b)
Start importing Assets/Prefabs/WoodsLifestyle/Models/Props/General/BucketWater.fbx using Guid(45db1777ed5336d4d9f7626eefeffcdf) Importer(815301076,1909f56bfc062723c751e8b465ee728b) (PreviewImporter) -> (artifact id: '778c50515ead5cbb61dab6e6a6176763') in 0.0509359 seconds
Number of updated asset objects reloaded before import = 0Number of asset objects unloaded after import = 9

========================================================================
Received Import Request.
  Time since last request: 0.000124 seconds.
  path: Assets/Prefabs/WoodsLifestyle/Models/Props/General/Box_01_b.fbx
  artifactKey: Guid(13716612f57c2554e852a72522eb5601) Importer(815301076,1909f56bfc062723c751e8b465ee728b)
Start importing Assets/Prefabs/WoodsLifestyle/Models/Props/General/Box_01_b.fbx using Guid(13716612f57c2554e852a72522eb5601) Importer(815301076,1909f56bfc062723c751e8b465ee728b) (PreviewImporter) -> (artifact id: 'ddb87e2eb95ef38878cd6c13347b9145') in 0.0561633 seconds
Number of updated asset objects reloaded before import = 0Number of asset objects unloaded after import = 9

========================================================================
Received Import Request.
  Time since last request: 0.000032 seconds.
  path: Assets/Prefabs/WoodsLifestyle/Models/Props/General/WheeledCarrier_01.fbx
  artifactKey: Guid(e4a95dc762fe0ce4d8e83ba20bce90b2) Importer(815301076,1909f56bfc062723c751e8b465ee728b)
Start importing Assets/Prefabs/WoodsLifestyle/Models/Props/General/WheeledCarrier_01.fbx using Guid(e4a95dc762fe0ce4d8e83ba20bce90b2) Importer(815301076,1909f56bfc062723c751e8b465ee728b) (PreviewImporter) -> (artifact id: 'ccb2bb87d52b2c9292c32f9837273584') in 0.0631017 seconds
Number of updated asset objects reloaded before import = 0Number of asset objects unloaded after import = 9

Editor requested this worker to shutdown with reason: Scaling down because of idle timeout
AssetImportWorker is now disconnected from the server
Process exiting
Exiting without the bug reporter. Application will terminate with return code 0